              _             
             (_)            
   __ _ _ __  _ _ __   __ _ 
  / _` | '_ \| | '_ \ / _` |
 | (_| | | | | | | | | (_| |
  \__, |_| |_|_|_| |_|\__,_|
   __/ |                    
  |___/                     

gnina v1.0.1 HEAD:aa41230   Built Aug 25 2021.
gnina is based on smina and AutoDock Vina.
Please cite appropriately.

Commandline: gnina -l ../CASF-2016/coreset/1nc1/1nc1_ligand.mol2 -r ../CASF-2016/coreset/1nc1/1nc1_protein.pdb --autobox_ligand ../CASF-2016/coreset/1nc1/1nc1_ligand.mol2 --score_only --cnn dense_ensemble
## Name gauss(o=0,_w=0.5,_c=8) gauss(o=3,_w=2,_c=8) repulsion(o=0,_c=8) hydrophobic(g=0.5,_b=1.5,_c=8) non_dir_h_bond(g=-0.7,_b=0,_c=8) num_tors_div
Affinity: -8.08257 (kcal/mol)
CNNscore: 0.98180 
CNNaffinity: 7.53100
CNNvariance: 0.05849
Intramolecular energy: -0.18281
Term values, before weighting:
## 1nc1_ligand 123.61641 1408.46973 6.80317 8.41993 5.55096 0.00000
