              _             
             (_)            
   __ _ _ __  _ _ __   __ _ 
  / _` | '_ \| | '_ \ / _` |
 | (_| | | | | | | | | (_| |
  \__, |_| |_|_|_| |_|\__,_|
   __/ |                    
  |___/                     

gnina v1.0.1 HEAD:aa41230   Built Aug 25 2021.
gnina is based on smina and AutoDock Vina.
Please cite appropriately.

Commandline: gnina -l ../CASF-2016/coreset/1p1n/1p1n_ligand.mol2 -r ../CASF-2016/coreset/1p1n/1p1n_protein.pdb --autobox_ligand ../CASF-2016/coreset/1p1n/1p1n_ligand.mol2 --score_only --cnn dense_ensemble --seed 42
## Name gauss(o=0,_w=0.5,_c=8) gauss(o=3,_w=2,_c=8) repulsion(o=0,_c=8) hydrophobic(g=0.5,_b=1.5,_c=8) non_dir_h_bond(g=-0.7,_b=0,_c=8) num_tors_div
Affinity: -7.19098 (kcal/mol)
CNNscore: 0.85559 
CNNaffinity: 6.14183
CNNvariance: 0.38282
Intramolecular energy: -0.38861
Term values, before weighting:
## 1p1n_ligand 79.17963 982.07404 4.66233 20.35309 7.14210 0.00000
