              _             
             (_)            
   __ _ _ __  _ _ __   __ _ 
  / _` | '_ \| | '_ \ / _` |
 | (_| | | | | | | | | (_| |
  \__, |_| |_|_|_| |_|\__,_|
   __/ |                    
  |___/                     

gnina v1.0.1 HEAD:aa41230   Built Aug 25 2021.
gnina is based on smina and AutoDock Vina.
Please cite appropriately.

Commandline: gnina -l ../CASF-2016/coreset/1pxn/1pxn_ligand.mol2 -r ../CASF-2016/coreset/1pxn/1pxn_protein.pdb --autobox_ligand ../CASF-2016/coreset/1pxn/1pxn_ligand.mol2 --score_only --cnn dense_ensemble --seed 42
## Name gauss(o=0,_w=0.5,_c=8) gauss(o=3,_w=2,_c=8) repulsion(o=0,_c=8) hydrophobic(g=0.5,_b=1.5,_c=8) non_dir_h_bond(g=-0.7,_b=0,_c=8) num_tors_div
Affinity: -8.23531 (kcal/mol)
CNNscore: 0.97078 
CNNaffinity: 7.19327
CNNvariance: 0.15639
Intramolecular energy: 0.20488
Term values, before weighting:
## 1pxn_ligand 88.83691 1406.13342 3.89381 31.19864 3.28197 0.00000
