              _             
             (_)            
   __ _ _ __  _ _ __   __ _ 
  / _` | '_ \| | '_ \ / _` |
 | (_| | | | | | | | | (_| |
  \__, |_| |_|_|_| |_|\__,_|
   __/ |                    
  |___/                     

gnina v1.0.1 HEAD:aa41230   Built Aug 25 2021.
gnina is based on smina and AutoDock Vina.
Please cite appropriately.

Commandline: gnina -l ../CASF-2016/coreset/1w4o/1w4o_ligand.mol2 -r ../CASF-2016/coreset/1w4o/1w4o_protein.pdb --autobox_ligand ../CASF-2016/coreset/1w4o/1w4o_ligand.mol2 --score_only --cnn dense_ensemble
## Name gauss(o=0,_w=0.5,_c=8) gauss(o=3,_w=2,_c=8) repulsion(o=0,_c=8) hydrophobic(g=0.5,_b=1.5,_c=8) non_dir_h_bond(g=-0.7,_b=0,_c=8) num_tors_div
Affinity: -5.50194 (kcal/mol)
CNNscore: 0.95852 
CNNaffinity: 4.21953
CNNvariance: 0.14722
Intramolecular energy: -0.37933
Term values, before weighting:
## 1w4o_ligand 62.04910 980.68933 4.99607 2.28599 6.20013 0.00000
