              _             
             (_)            
   __ _ _ __  _ _ __   __ _ 
  / _` | '_ \| | '_ \ / _` |
 | (_| | | | | | | | | (_| |
  \__, |_| |_|_|_| |_|\__,_|
   __/ |                    
  |___/                     

gnina v1.0.1 HEAD:aa41230   Built Aug 25 2021.
gnina is based on smina and AutoDock Vina.
Please cite appropriately.

Commandline: gnina -l ../CASF-2016/coreset/2wca/2wca_ligand.mol2 -r ../CASF-2016/coreset/2wca/2wca_protein.pdb --autobox_ligand ../CASF-2016/coreset/2wca/2wca_ligand.mol2 --score_only --cnn dense_ensemble
## Name gauss(o=0,_w=0.5,_c=8) gauss(o=3,_w=2,_c=8) repulsion(o=0,_c=8) hydrophobic(g=0.5,_b=1.5,_c=8) non_dir_h_bond(g=-0.7,_b=0,_c=8) num_tors_div
Affinity: -6.50252 (kcal/mol)
CNNscore: 0.53298 
CNNaffinity: 5.61529
CNNvariance: 0.35153
Intramolecular energy: -0.20098
Term values, before weighting:
## 2wca_ligand 85.42796 1202.33752 5.08712 45.16756 4.45189 0.00000
