              _             
             (_)            
   __ _ _ __  _ _ __   __ _ 
  / _` | '_ \| | '_ \ / _` |
 | (_| | | | | | | | | (_| |
  \__, |_| |_|_|_| |_|\__,_|
   __/ |                    
  |___/                     

gnina v1.0.1 HEAD:aa41230   Built Aug 25 2021.
gnina is based on smina and AutoDock Vina.
Please cite appropriately.

Commandline: gnina -l ../CASF-2016/coreset/2yki/2yki_ligand.mol2 -r ../CASF-2016/coreset/2yki/2yki_protein.pdb --autobox_ligand ../CASF-2016/coreset/2yki/2yki_ligand.mol2 --score_only --cnn dense_ensemble
## Name gauss(o=0,_w=0.5,_c=8) gauss(o=3,_w=2,_c=8) repulsion(o=0,_c=8) hydrophobic(g=0.5,_b=1.5,_c=8) non_dir_h_bond(g=-0.7,_b=0,_c=8) num_tors_div
Affinity: -15.31394 (kcal/mol)
CNNscore: 0.99461 
CNNaffinity: 8.47716
CNNvariance: 0.21799
Intramolecular energy: -0.72995
Term values, before weighting:
## 2yki_ligand 142.95258 2056.50244 4.47300 107.08720 3.93784 0.00000
