              _             
             (_)            
   __ _ _ __  _ _ __   __ _ 
  / _` | '_ \| | '_ \ / _` |
 | (_| | | | | | | | | (_| |
  \__, |_| |_|_|_| |_|\__,_|
   __/ |                    
  |___/                     

gnina v1.0.1 HEAD:aa41230   Built Aug 25 2021.
gnina is based on smina and AutoDock Vina.
Please cite appropriately.

Commandline: gnina -l ../CASF-2016/coreset/3ag9/3ag9_ligand.mol2 -r ../CASF-2016/coreset/3ag9/3ag9_protein.pdb --autobox_ligand ../CASF-2016/coreset/3ag9/3ag9_ligand.mol2 --score_only --cnn dense_ensemble --seed 42
## Name gauss(o=0,_w=0.5,_c=8) gauss(o=3,_w=2,_c=8) repulsion(o=0,_c=8) hydrophobic(g=0.5,_b=1.5,_c=8) non_dir_h_bond(g=-0.7,_b=0,_c=8) num_tors_div
Affinity: -5.41639 (kcal/mol)
CNNscore: 0.16062 
CNNaffinity: 6.10929
CNNvariance: 1.14313
Intramolecular energy: -1.45769
Term values, before weighting:
## 3ag9_ligand 122.17522 2130.30884 5.22487 19.45405 7.76153 0.00000
