              _             
             (_)            
   __ _ _ __  _ _ __   __ _ 
  / _` | '_ \| | '_ \ / _` |
 | (_| | | | | | | | | (_| |
  \__, |_| |_|_|_| |_|\__,_|
   __/ |                    
  |___/                     

gnina v1.0.1 HEAD:aa41230   Built Aug 25 2021.
gnina is based on smina and AutoDock Vina.
Please cite appropriately.

Commandline: gnina -l ../CASF-2016/coreset/3qgy/3qgy_ligand.mol2 -r ../CASF-2016/coreset/3qgy/3qgy_protein.pdb --autobox_ligand ../CASF-2016/coreset/3qgy/3qgy_ligand.mol2 --score_only --cnn dense_ensemble
## Name gauss(o=0,_w=0.5,_c=8) gauss(o=3,_w=2,_c=8) repulsion(o=0,_c=8) hydrophobic(g=0.5,_b=1.5,_c=8) non_dir_h_bond(g=-0.7,_b=0,_c=8) num_tors_div
Affinity: -8.50597 (kcal/mol)
CNNscore: 0.88167 
CNNaffinity: 7.55050
CNNvariance: 0.16914
Intramolecular energy: -0.17596
Term values, before weighting:
## 3qgy_ligand 83.41663 1406.68787 3.10916 50.10760 1.92247 0.00000
