              _             
             (_)            
   __ _ _ __  _ _ __   __ _ 
  / _` | '_ \| | '_ \ / _` |
 | (_| | | | | | | | | (_| |
  \__, |_| |_|_|_| |_|\__,_|
   __/ |                    
  |___/                     

gnina v1.0.1 HEAD:aa41230   Built Aug 25 2021.
gnina is based on smina and AutoDock Vina.
Please cite appropriately.

Commandline: gnina -l ../CASF-2016/coreset/3ryj/3ryj_ligand.mol2 -r ../CASF-2016/coreset/3ryj/3ryj_protein.pdb --autobox_ligand ../CASF-2016/coreset/3ryj/3ryj_ligand.mol2 --score_only --cnn dense_ensemble --seed 42
## Name gauss(o=0,_w=0.5,_c=8) gauss(o=3,_w=2,_c=8) repulsion(o=0,_c=8) hydrophobic(g=0.5,_b=1.5,_c=8) non_dir_h_bond(g=-0.7,_b=0,_c=8) num_tors_div
Affinity: -6.01195 (kcal/mol)
CNNscore: 0.99384 
CNNaffinity: 7.34838
CNNvariance: 0.06039
Intramolecular energy: -0.30550
Term values, before weighting:
## 3ryj_ligand 56.89466 942.28540 2.41094 28.91345 2.63332 0.00000
