              _             
             (_)            
   __ _ _ __  _ _ __   __ _ 
  / _` | '_ \| | '_ \ / _` |
 | (_| | | | | | | | | (_| |
  \__, |_| |_|_|_| |_|\__,_|
   __/ |                    
  |___/                     

gnina v1.0.1 HEAD:aa41230   Built Aug 25 2021.
gnina is based on smina and AutoDock Vina.
Please cite appropriately.

Commandline: gnina -l ../CASF-2016/coreset/3uri/3uri_ligand.mol2 -r ../CASF-2016/coreset/3uri/3uri_protein.pdb --autobox_ligand ../CASF-2016/coreset/3uri/3uri_ligand.mol2 --score_only --cnn dense_ensemble --seed 42
## Name gauss(o=0,_w=0.5,_c=8) gauss(o=3,_w=2,_c=8) repulsion(o=0,_c=8) hydrophobic(g=0.5,_b=1.5,_c=8) non_dir_h_bond(g=-0.7,_b=0,_c=8) num_tors_div
Affinity: -7.22008 (kcal/mol)
CNNscore: 0.84899 
CNNaffinity: 8.18812
CNNvariance: 0.02015
Intramolecular energy: -3.50864
Term values, before weighting:
## 3uri_ligand 130.28235 2532.12769 3.94283 44.94252 5.25053 0.00000
