              _             
             (_)            
   __ _ _ __  _ _ __   __ _ 
  / _` | '_ \| | '_ \ / _` |
 | (_| | | | | | | | | (_| |
  \__, |_| |_|_|_| |_|\__,_|
   __/ |                    
  |___/                     

gnina v1.0.1 HEAD:aa41230   Built Aug 25 2021.
gnina is based on smina and AutoDock Vina.
Please cite appropriately.

Commandline: gnina -l ../CASF-2016/coreset/4abg/4abg_ligand.mol2 -r ../CASF-2016/coreset/4abg/4abg_protein.pdb --autobox_ligand ../CASF-2016/coreset/4abg/4abg_ligand.mol2 --score_only --cnn dense_ensemble --seed 42
## Name gauss(o=0,_w=0.5,_c=8) gauss(o=3,_w=2,_c=8) repulsion(o=0,_c=8) hydrophobic(g=0.5,_b=1.5,_c=8) non_dir_h_bond(g=-0.7,_b=0,_c=8) num_tors_div
Affinity: -5.67228 (kcal/mol)
CNNscore: 0.98385 
CNNaffinity: 4.41298
CNNvariance: 0.12396
Intramolecular energy: -0.22660
Term values, before weighting:
## 4abg_ligand 60.21222 759.67157 1.91528 2.60194 3.05458 0.00000
