              _             
             (_)            
   __ _ _ __  _ _ __   __ _ 
  / _` | '_ \| | '_ \ / _` |
 | (_| | | | | | | | | (_| |
  \__, |_| |_|_|_| |_|\__,_|
   __/ |                    
  |___/                     

gnina v1.0.1 HEAD:aa41230   Built Aug 25 2021.
gnina is based on smina and AutoDock Vina.
Please cite appropriately.

Commandline: gnina -l ../CASF-2016/coreset/4ea2/4ea2_ligand.mol2 -r ../CASF-2016/coreset/4ea2/4ea2_protein.pdb --autobox_ligand ../CASF-2016/coreset/4ea2/4ea2_ligand.mol2 --score_only --cnn dense_ensemble --seed 42
## Name gauss(o=0,_w=0.5,_c=8) gauss(o=3,_w=2,_c=8) repulsion(o=0,_c=8) hydrophobic(g=0.5,_b=1.5,_c=8) non_dir_h_bond(g=-0.7,_b=0,_c=8) num_tors_div
Affinity: -7.58896 (kcal/mol)
CNNscore: 0.95707 
CNNaffinity: 7.92918
CNNvariance: 0.19099
Intramolecular energy: 5.63385
Term values, before weighting:
## 4ea2_ligand 71.20235 1488.73682 1.34189 63.30816 0.47655 0.00000
