              _             
             (_)            
   __ _ _ __  _ _ __   __ _ 
  / _` | '_ \| | '_ \ / _` |
 | (_| | | | | | | | | (_| |
  \__, |_| |_|_|_| |_|\__,_|
   __/ |                    
  |___/                     

gnina v1.0.1 HEAD:aa41230   Built Aug 25 2021.
gnina is based on smina and AutoDock Vina.
Please cite appropriately.

Commandline: gnina -l ../CASF-2016/coreset/4f09/4f09_ligand.mol2 -r ../CASF-2016/coreset/4f09/4f09_protein.pdb --autobox_ligand ../CASF-2016/coreset/4f09/4f09_ligand.mol2 --score_only --cnn dense_ensemble --seed 42
## Name gauss(o=0,_w=0.5,_c=8) gauss(o=3,_w=2,_c=8) repulsion(o=0,_c=8) hydrophobic(g=0.5,_b=1.5,_c=8) non_dir_h_bond(g=-0.7,_b=0,_c=8) num_tors_div
Affinity: -8.21530 (kcal/mol)
CNNscore: 0.99763 
CNNaffinity: 7.72367
CNNvariance: 0.12946
Intramolecular energy: -0.44793
Term values, before weighting:
## 4f09_ligand 63.43524 1146.56299 1.39987 20.10663 1.69896 0.00000
