              _             
             (_)            
   __ _ _ __  _ _ __   __ _ 
  / _` | '_ \| | '_ \ / _` |
 | (_| | | | | | | | | (_| |
  \__, |_| |_|_|_| |_|\__,_|
   __/ |                    
  |___/                     

gnina v1.0.1 HEAD:aa41230   Built Aug 25 2021.
gnina is based on smina and AutoDock Vina.
Please cite appropriately.

Commandline: gnina -l ../CASF-2016/coreset/4f9w/4f9w_ligand.mol2 -r ../CASF-2016/coreset/4f9w/4f9w_protein.pdb --autobox_ligand ../CASF-2016/coreset/4f9w/4f9w_ligand.mol2 --score_only --cnn dense_ensemble
## Name gauss(o=0,_w=0.5,_c=8) gauss(o=3,_w=2,_c=8) repulsion(o=0,_c=8) hydrophobic(g=0.5,_b=1.5,_c=8) non_dir_h_bond(g=-0.7,_b=0,_c=8) num_tors_div
Affinity: -10.24800 (kcal/mol)
CNNscore: 0.99765 
CNNaffinity: 7.60659
CNNvariance: 0.09701
Intramolecular energy: -0.29679
Term values, before weighting:
## 4f9w_ligand 95.41959 1351.63196 2.13462 65.58698 2.00000 0.00000
