              _             
             (_)            
   __ _ _ __  _ _ __   __ _ 
  / _` | '_ \| | '_ \ / _` |
 | (_| | | | | | | | | (_| |
  \__, |_| |_|_|_| |_|\__,_|
   __/ |                    
  |___/                     

gnina v1.0.1 HEAD:aa41230   Built Aug 25 2021.
gnina is based on smina and AutoDock Vina.
Please cite appropriately.

Commandline: gnina -l ../CASF-2016/coreset/4jia/4jia_ligand.mol2 -r ../CASF-2016/coreset/4jia/4jia_protein.pdb --autobox_ligand ../CASF-2016/coreset/4jia/4jia_ligand.mol2 --score_only --cnn dense_ensemble --seed 42
## Name gauss(o=0,_w=0.5,_c=8) gauss(o=3,_w=2,_c=8) repulsion(o=0,_c=8) hydrophobic(g=0.5,_b=1.5,_c=8) non_dir_h_bond(g=-0.7,_b=0,_c=8) num_tors_div
Affinity: -8.95584 (kcal/mol)
CNNscore: 0.90868 
CNNaffinity: 7.69923
CNNvariance: 0.02406
Intramolecular energy: 0.10828
Term values, before weighting:
## 4jia_ligand 86.82349 1453.83813 1.46691 47.14315 0.96666 0.00000
