              _             
             (_)            
   __ _ _ __  _ _ __   __ _ 
  / _` | '_ \| | '_ \ / _` |
 | (_| | | | | | | | | (_| |
  \__, |_| |_|_|_| |_|\__,_|
   __/ |                    
  |___/                     

gnina v1.0.1 HEAD:aa41230   Built Aug 25 2021.
gnina is based on smina and AutoDock Vina.
Please cite appropriately.

Commandline: gnina -l ../CASF-2016/coreset/5a7b/5a7b_ligand.mol2 -r ../CASF-2016/coreset/5a7b/5a7b_protein.pdb --autobox_ligand ../CASF-2016/coreset/5a7b/5a7b_ligand.mol2 --score_only --cnn dense_ensemble --seed 42
## Name gauss(o=0,_w=0.5,_c=8) gauss(o=3,_w=2,_c=8) repulsion(o=0,_c=8) hydrophobic(g=0.5,_b=1.5,_c=8) non_dir_h_bond(g=-0.7,_b=0,_c=8) num_tors_div
Affinity: -6.47287 (kcal/mol)
CNNscore: 0.94590 
CNNaffinity: 5.60544
CNNvariance: 0.08878
Intramolecular energy: -0.98870
Term values, before weighting:
## 5a7b_ligand 106.99167 1227.63403 1.97105 50.66406 0.00000 0.00000
