              _             
             (_)            
   __ _ _ __  _ _ __   __ _ 
  / _` | '_ \| | '_ \ / _` |
 | (_| | | | | | | | | (_| |
  \__, |_| |_|_|_| |_|\__,_|
   __/ |                    
  |___/                     

gnina v1.0.1 HEAD:aa41230   Built Aug 25 2021.
gnina is based on smina and AutoDock Vina.
Please cite appropriately.

Commandline: gnina -l ../CASF-2016/coreset/1eby/1eby_ligand_opt.mol2 -r ../CASF-2016/coreset/1eby/1eby_protein.pdb --autobox_ligand ../CASF-2016/coreset/1eby/1eby_ligand_opt.mol2 --score_only --cnn general_default2018_ensemble --seed 42
## Name gauss(o=0,_w=0.5,_c=8) gauss(o=3,_w=2,_c=8) repulsion(o=0,_c=8) hydrophobic(g=0.5,_b=1.5,_c=8) non_dir_h_bond(g=-0.7,_b=0,_c=8) num_tors_div
Affinity: -12.62076 (kcal/mol)
CNNscore: 0.98884 
CNNaffinity: 8.89317
CNNvariance: 0.05981
Intramolecular energy: -2.32938
Term values, before weighting:
## 1eby_ligand 154.30859 2548.54858 4.69313 93.50653 7.22800 0.00000
