              _             
             (_)            
   __ _ _ __  _ _ __   __ _ 
  / _` | '_ \| | '_ \ / _` |
 | (_| | | | | | | | | (_| |
  \__, |_| |_|_|_| |_|\__,_|
   __/ |                    
  |___/                     

gnina v1.0.1 HEAD:aa41230   Built Aug 25 2021.
gnina is based on smina and AutoDock Vina.
Please cite appropriately.

Commandline: gnina -l ../CASF-2016/coreset/2pog/2pog_ligand_opt.mol2 -r ../CASF-2016/coreset/2pog/2pog_protein.pdb --autobox_ligand ../CASF-2016/coreset/2pog/2pog_ligand_opt.mol2 --score_only --cnn general_default2018_ensemble --seed 42
## Name gauss(o=0,_w=0.5,_c=8) gauss(o=3,_w=2,_c=8) repulsion(o=0,_c=8) hydrophobic(g=0.5,_b=1.5,_c=8) non_dir_h_bond(g=-0.7,_b=0,_c=8) num_tors_div
Affinity: -10.53880 (kcal/mol)
CNNscore: 0.87756 
CNNaffinity: 7.40297
CNNvariance: 0.01792
Intramolecular energy: -0.47090
Term values, before weighting:
## 2pog_ligand 55.62733 1332.08862 2.11063 67.58289 2.91241 0.00000
