              _             
             (_)            
   __ _ _ __  _ _ __   __ _ 
  / _` | '_ \| | '_ \ / _` |
 | (_| | | | | | | | | (_| |
  \__, |_| |_|_|_| |_|\__,_|
   __/ |                    
  |___/                     

gnina v1.0.1 HEAD:aa41230   Built Aug 25 2021.
gnina is based on smina and AutoDock Vina.
Please cite appropriately.

Commandline: gnina -l ../CASF-2016/coreset/3bv9/3bv9_ligand_opt.mol2 -r ../CASF-2016/coreset/3bv9/3bv9_protein.pdb --autobox_ligand ../CASF-2016/coreset/3bv9/3bv9_ligand_opt.mol2 --score_only --cnn general_default2018_ensemble --seed 42
## Name gauss(o=0,_w=0.5,_c=8) gauss(o=3,_w=2,_c=8) repulsion(o=0,_c=8) hydrophobic(g=0.5,_b=1.5,_c=8) non_dir_h_bond(g=-0.7,_b=0,_c=8) num_tors_div
Affinity: -8.16700 (kcal/mol)
CNNscore: 0.40257 
CNNaffinity: 7.61693
CNNvariance: 0.01916
Intramolecular energy: -3.37353
Term values, before weighting:
## 3bv9_ligand 96.27859 1792.10217 2.29643 49.24116 3.25293 0.00000
