              _             
             (_)            
   __ _ _ __  _ _ __   __ _ 
  / _` | '_ \| | '_ \ / _` |
 | (_| | | | | | | | | (_| |
  \__, |_| |_|_|_| |_|\__,_|
   __/ |                    
  |___/                     

gnina v1.0.1 HEAD:aa41230   Built Aug 25 2021.
gnina is based on smina and AutoDock Vina.
Please cite appropriately.

Commandline: gnina -l ../CASF-2016/coreset/3d4z/3d4z_ligand_opt.mol2 -r ../CASF-2016/coreset/3d4z/3d4z_protein.pdb --autobox_ligand ../CASF-2016/coreset/3d4z/3d4z_ligand_opt.mol2 --score_only --cnn general_default2018_ensemble --seed 42
## Name gauss(o=0,_w=0.5,_c=8) gauss(o=3,_w=2,_c=8) repulsion(o=0,_c=8) hydrophobic(g=0.5,_b=1.5,_c=8) non_dir_h_bond(g=-0.7,_b=0,_c=8) num_tors_div
Affinity: -7.79289 (kcal/mol)
CNNscore: 0.96479 
CNNaffinity: 5.85855
CNNvariance: 0.10165
Intramolecular energy: 0.44761
Term values, before weighting:
## 3d4z_ligand 81.25101 897.48505 4.58942 0.00000 7.80752 0.00000
