              _             
             (_)            
   __ _ _ __  _ _ __   __ _ 
  / _` | '_ \| | '_ \ / _` |
 | (_| | | | | | | | | (_| |
  \__, |_| |_|_|_| |_|\__,_|
   __/ |                    
  |___/                     

gnina v1.0.1 HEAD:aa41230   Built Aug 25 2021.
gnina is based on smina and AutoDock Vina.
Please cite appropriately.

Commandline: gnina -l ../CASF-2016/coreset/3dx1/3dx1_ligand_opt.mol2 -r ../CASF-2016/coreset/3dx1/3dx1_protein.pdb --autobox_ligand ../CASF-2016/coreset/3dx1/3dx1_ligand_opt.mol2 --score_only --cnn general_default2018_ensemble --seed 42
## Name gauss(o=0,_w=0.5,_c=8) gauss(o=3,_w=2,_c=8) repulsion(o=0,_c=8) hydrophobic(g=0.5,_b=1.5,_c=8) non_dir_h_bond(g=-0.7,_b=0,_c=8) num_tors_div
Affinity: -5.78188 (kcal/mol)
CNNscore: 0.99195 
CNNaffinity: 5.46204
CNNvariance: 0.03726
Intramolecular energy: 0.00000
Term values, before weighting:
## 3dx1_ligand 65.03118 645.00269 7.24513 3.86998 10.37464 0.00000
