              _             
             (_)            
   __ _ _ __  _ _ __   __ _ 
  / _` | '_ \| | '_ \ / _` |
 | (_| | | | | | | | | (_| |
  \__, |_| |_|_|_| |_|\__,_|
   __/ |                    
  |___/                     

gnina v1.0.1 HEAD:aa41230   Built Aug 25 2021.
gnina is based on smina and AutoDock Vina.
Please cite appropriately.

Commandline: gnina -l ../CASF-2016/coreset/3oe5/3oe5_ligand_opt.mol2 -r ../CASF-2016/coreset/3oe5/3oe5_protein.pdb --autobox_ligand ../CASF-2016/coreset/3oe5/3oe5_ligand_opt.mol2 --score_only --cnn general_default2018_ensemble --seed 42
## Name gauss(o=0,_w=0.5,_c=8) gauss(o=3,_w=2,_c=8) repulsion(o=0,_c=8) hydrophobic(g=0.5,_b=1.5,_c=8) non_dir_h_bond(g=-0.7,_b=0,_c=8) num_tors_div
Affinity: -8.48064 (kcal/mol)
CNNscore: 0.97955 
CNNaffinity: 6.79085
CNNvariance: 0.04584
Intramolecular energy: -0.69793
Term values, before weighting:
## 3oe5_ligand 157.62248 1815.15845 12.44250 23.99566 11.22922 0.00000
