              _             
             (_)            
   __ _ _ __  _ _ __   __ _ 
  / _` | '_ \| | '_ \ / _` |
 | (_| | | | | | | | | (_| |
  \__, |_| |_|_|_| |_|\__,_|
   __/ |                    
  |___/                     

gnina v1.0.1 HEAD:aa41230   Built Aug 25 2021.
gnina is based on smina and AutoDock Vina.
Please cite appropriately.

Commandline: gnina -l ../CASF-2016/coreset/3u5j/3u5j_ligand_opt.mol2 -r ../CASF-2016/coreset/3u5j/3u5j_protein.pdb --autobox_ligand ../CASF-2016/coreset/3u5j/3u5j_ligand_opt.mol2 --score_only --cnn general_default2018_ensemble --seed 42
## Name gauss(o=0,_w=0.5,_c=8) gauss(o=3,_w=2,_c=8) repulsion(o=0,_c=8) hydrophobic(g=0.5,_b=1.5,_c=8) non_dir_h_bond(g=-0.7,_b=0,_c=8) num_tors_div
Affinity: -8.70058 (kcal/mol)
CNNscore: 0.76225 
CNNaffinity: 5.95843
CNNvariance: 0.01267
Intramolecular energy: -0.01929
Term values, before weighting:
## 3u5j_ligand 64.11247 1021.17798 0.56647 60.99231 0.00000 0.00000
