              _             
             (_)            
   __ _ _ __  _ _ __   __ _ 
  / _` | '_ \| | '_ \ / _` |
 | (_| | | | | | | | | (_| |
  \__, |_| |_|_|_| |_|\__,_|
   __/ |                    
  |___/                     

gnina v1.0.1 HEAD:aa41230   Built Aug 25 2021.
gnina is based on smina and AutoDock Vina.
Please cite appropriately.

Commandline: gnina -l ../CASF-2016/coreset/3up2/3up2_ligand_opt.mol2 -r ../CASF-2016/coreset/3up2/3up2_protein.pdb --autobox_ligand ../CASF-2016/coreset/3up2/3up2_ligand_opt.mol2 --score_only --cnn general_default2018_ensemble --seed 42
## Name gauss(o=0,_w=0.5,_c=8) gauss(o=3,_w=2,_c=8) repulsion(o=0,_c=8) hydrophobic(g=0.5,_b=1.5,_c=8) non_dir_h_bond(g=-0.7,_b=0,_c=8) num_tors_div
Affinity: -9.07554 (kcal/mol)
CNNscore: 0.99488 
CNNaffinity: 7.42164
CNNvariance: 0.02513
Intramolecular energy: -0.50528
Term values, before weighting:
## 3up2_ligand 100.06638 1479.21069 2.64891 43.85409 3.89858 0.00000
