              _             
             (_)            
   __ _ _ __  _ _ __   __ _ 
  / _` | '_ \| | '_ \ / _` |
 | (_| | | | | | | | | (_| |
  \__, |_| |_|_|_| |_|\__,_|
   __/ |                    
  |___/                     

gnina v1.0.1 HEAD:aa41230   Built Aug 25 2021.
gnina is based on smina and AutoDock Vina.
Please cite appropriately.

Commandline: gnina -l ../CASF-2016/coreset/4dld/4dld_ligand_opt.mol2 -r ../CASF-2016/coreset/4dld/4dld_protein.pdb --autobox_ligand ../CASF-2016/coreset/4dld/4dld_ligand_opt.mol2 --score_only --cnn general_default2018_ensemble --seed 42
## Name gauss(o=0,_w=0.5,_c=8) gauss(o=3,_w=2,_c=8) repulsion(o=0,_c=8) hydrophobic(g=0.5,_b=1.5,_c=8) non_dir_h_bond(g=-0.7,_b=0,_c=8) num_tors_div
Affinity: -7.92236 (kcal/mol)
CNNscore: 0.98832 
CNNaffinity: 6.77195
CNNvariance: 0.06371
Intramolecular energy: -0.29353
Term values, before weighting:
## 4dld_ligand 93.64091 1223.55017 6.94356 28.78284 10.80790 0.00000
