              _             
             (_)            
   __ _ _ __  _ _ __   __ _ 
  / _` | '_ \| | '_ \ / _` |
 | (_| | | | | | | | | (_| |
  \__, |_| |_|_|_| |_|\__,_|
   __/ |                    
  |___/                     

gnina v1.0.1 HEAD:aa41230   Built Aug 25 2021.
gnina is based on smina and AutoDock Vina.
Please cite appropriately.

Commandline: gnina -l ../CASF-2016/coreset/4gfm/4gfm_ligand_opt.mol2 -r ../CASF-2016/coreset/4gfm/4gfm_protein.pdb --autobox_ligand ../CASF-2016/coreset/4gfm/4gfm_ligand_opt.mol2 --score_only --cnn general_default2018_ensemble --seed 42
## Name gauss(o=0,_w=0.5,_c=8) gauss(o=3,_w=2,_c=8) repulsion(o=0,_c=8) hydrophobic(g=0.5,_b=1.5,_c=8) non_dir_h_bond(g=-0.7,_b=0,_c=8) num_tors_div
Affinity: -7.12976 (kcal/mol)
CNNscore: 0.91527 
CNNaffinity: 6.22708
CNNvariance: 0.01682
Intramolecular energy: 0.73935
Term values, before weighting:
## 4gfm_ligand 70.84617 1133.47083 1.97406 22.77400 0.78064 0.00000
