              _             
             (_)            
   __ _ _ __  _ _ __   __ _ 
  / _` | '_ \| | '_ \ / _` |
 | (_| | | | | | | | | (_| |
  \__, |_| |_|_|_| |_|\__,_|
   __/ |                    
  |___/                     

gnina v1.0.1 HEAD:aa41230   Built Aug 25 2021.
gnina is based on smina and AutoDock Vina.
Please cite appropriately.

Commandline: gnina -l ../CASF-2016/coreset/4ih5/4ih5_ligand_opt.mol2 -r ../CASF-2016/coreset/4ih5/4ih5_protein.pdb --autobox_ligand ../CASF-2016/coreset/4ih5/4ih5_ligand_opt.mol2 --score_only --cnn general_default2018_ensemble --seed 42
## Name gauss(o=0,_w=0.5,_c=8) gauss(o=3,_w=2,_c=8) repulsion(o=0,_c=8) hydrophobic(g=0.5,_b=1.5,_c=8) non_dir_h_bond(g=-0.7,_b=0,_c=8) num_tors_div
Affinity: -5.70873 (kcal/mol)
CNNscore: 0.40775 
CNNaffinity: 4.60217
CNNvariance: 0.02521
Intramolecular energy: 0.16727
Term values, before weighting:
## 4ih5_ligand 46.49712 953.08337 0.86194 18.66803 0.35933 0.00000
