              _             
             (_)            
   __ _ _ __  _ _ __   __ _ 
  / _` | '_ \| | '_ \ / _` |
 | (_| | | | | | | | | (_| |
  \__, |_| |_|_|_| |_|\__,_|
   __/ |                    
  |___/                     

gnina v1.0.1 HEAD:aa41230   Built Aug 25 2021.
gnina is based on smina and AutoDock Vina.
Please cite appropriately.

Commandline: gnina -l ../CASF-2016/coreset/4w9l/4w9l_ligand_opt.mol2 -r ../CASF-2016/coreset/4w9l/4w9l_protein.pdb --autobox_ligand ../CASF-2016/coreset/4w9l/4w9l_ligand_opt.mol2 --score_only --cnn general_default2018_ensemble --seed 42
## Name gauss(o=0,_w=0.5,_c=8) gauss(o=3,_w=2,_c=8) repulsion(o=0,_c=8) hydrophobic(g=0.5,_b=1.5,_c=8) non_dir_h_bond(g=-0.7,_b=0,_c=8) num_tors_div
Affinity: -9.03656 (kcal/mol)
CNNscore: 0.90185 
CNNaffinity: 7.01363
CNNvariance: 0.02756
Intramolecular energy: -0.95432
Term values, before weighting:
## 4w9l_ligand 111.41043 1584.19751 3.04026 54.04868 4.84556 0.00000
