              _             
             (_)            
   __ _ _ __  _ _ __   __ _ 
  / _` | '_ \| | '_ \ / _` |
 | (_| | | | | | | | | (_| |
  \__, |_| |_|_|_| |_|\__,_|
   __/ |                    
  |___/                     

gnina v1.0.1 HEAD:aa41230   Built Aug 25 2021.
gnina is based on smina and AutoDock Vina.
Please cite appropriately.

Commandline: gnina -l ../CASF-2016/coreset/1mq6/1mq6_ligand.mol2 -r ../CASF-2016/coreset/1mq6/1mq6_protein.pdb --autobox_ligand ../CASF-2016/coreset/1mq6/1mq6_ligand.mol2 --score_only --cnn redock_default2018_ensemble
## Name gauss(o=0,_w=0.5,_c=8) gauss(o=3,_w=2,_c=8) repulsion(o=0,_c=8) hydrophobic(g=0.5,_b=1.5,_c=8) non_dir_h_bond(g=-0.7,_b=0,_c=8) num_tors_div
Affinity: -9.30094 (kcal/mol)
CNNscore: 0.99534 
CNNaffinity: 8.00787
CNNvariance: 0.00621
Intramolecular energy: -0.14065
Term values, before weighting:
## 1mq6_ligand 157.18980 1710.19482 2.93859 24.76376 1.43170 0.00000
