              _             
             (_)            
   __ _ _ __  _ _ __   __ _ 
  / _` | '_ \| | '_ \ / _` |
 | (_| | | | | | | | | (_| |
  \__, |_| |_|_|_| |_|\__,_|
   __/ |                    
  |___/                     

gnina v1.0.1 HEAD:aa41230   Built Aug 25 2021.
gnina is based on smina and AutoDock Vina.
Please cite appropriately.

Commandline: gnina -l ../CASF-2016/coreset/2zcr/2zcr_ligand.mol2 -r ../CASF-2016/coreset/2zcr/2zcr_protein.pdb --autobox_ligand ../CASF-2016/coreset/2zcr/2zcr_ligand.mol2 --score_only --cnn redock_default2018_ensemble
## Name gauss(o=0,_w=0.5,_c=8) gauss(o=3,_w=2,_c=8) repulsion(o=0,_c=8) hydrophobic(g=0.5,_b=1.5,_c=8) non_dir_h_bond(g=-0.7,_b=0,_c=8) num_tors_div
Affinity: -8.65890 (kcal/mol)
CNNscore: 0.62339 
CNNaffinity: 6.20529
CNNvariance: 0.00565
Intramolecular energy: -0.60793
Term values, before weighting:
## 2zcr_ligand 88.03339 1640.70410 3.88493 90.71152 3.76620 0.00000
