              _             
             (_)            
   __ _ _ __  _ _ __   __ _ 
  / _` | '_ \| | '_ \ / _` |
 | (_| | | | | | | | | (_| |
  \__, |_| |_|_|_| |_|\__,_|
   __/ |                    
  |___/                     

gnina v1.0.1 HEAD:aa41230   Built Aug 25 2021.
gnina is based on smina and AutoDock Vina.
Please cite appropriately.

Commandline: gnina -l ../CASF-2016/coreset/3nx7/3nx7_ligand.mol2 -r ../CASF-2016/coreset/3nx7/3nx7_protein.pdb --autobox_ligand ../CASF-2016/coreset/3nx7/3nx7_ligand.mol2 --score_only --cnn redock_default2018_ensemble
## Name gauss(o=0,_w=0.5,_c=8) gauss(o=3,_w=2,_c=8) repulsion(o=0,_c=8) hydrophobic(g=0.5,_b=1.5,_c=8) non_dir_h_bond(g=-0.7,_b=0,_c=8) num_tors_div
Affinity: -5.72169 (kcal/mol)
CNNscore: 0.86418 
CNNaffinity: 5.05307
CNNvariance: 0.03989
Intramolecular energy: -0.53489
Term values, before weighting:
## 3nx7_ligand 71.92133 1160.15613 4.94017 13.07036 5.47294 0.00000
