              _             
             (_)            
   __ _ _ __  _ _ __   __ _ 
  / _` | '_ \| | '_ \ / _` |
 | (_| | | | | | | | | (_| |
  \__, |_| |_|_|_| |_|\__,_|
   __/ |                    
  |___/                     

gnina v1.0.1 HEAD:aa41230   Built Aug 25 2021.
gnina is based on smina and AutoDock Vina.
Please cite appropriately.

Commandline: gnina -l ../CASF-2016/coreset/4pcs/4pcs_ligand.mol2 -r ../CASF-2016/coreset/4pcs/4pcs_protein.pdb --autobox_ligand ../CASF-2016/coreset/4pcs/4pcs_ligand.mol2 --score_only --cnn redock_default2018_ensemble
## Name gauss(o=0,_w=0.5,_c=8) gauss(o=3,_w=2,_c=8) repulsion(o=0,_c=8) hydrophobic(g=0.5,_b=1.5,_c=8) non_dir_h_bond(g=-0.7,_b=0,_c=8) num_tors_div
Affinity: -7.21739 (kcal/mol)
CNNscore: 0.99176 
CNNaffinity: 5.91841
CNNvariance: 0.00912
Intramolecular energy: -0.21844
Term values, before weighting:
## 4pcs_ligand 66.98259 815.14062 3.26639 30.64428 5.35394 0.00000
