              _             
             (_)            
   __ _ _ __  _ _ __   __ _ 
  / _` | '_ \| | '_ \ / _` |
 | (_| | | | | | | | | (_| |
  \__, |_| |_|_|_| |_|\__,_|
   __/ |                    
  |___/                     

gnina v1.0.1 HEAD:aa41230   Built Aug 25 2021.
gnina is based on smina and AutoDock Vina.
Please cite appropriately.

Commandline: gnina -l ../CASF-2016/coreset/2xb8/2xb8_ligand.mol2 -r ../CASF-2016/coreset/2xb8/2xb8_protein.pdb --autobox_ligand ../CASF-2016/coreset/2xb8/2xb8_ligand.mol2 --score_only --cnn general_default2018_ensemble
## Name gauss(o=0,_w=0.5,_c=8) gauss(o=3,_w=2,_c=8) repulsion(o=0,_c=8) hydrophobic(g=0.5,_b=1.5,_c=8) non_dir_h_bond(g=-0.7,_b=0,_c=8) num_tors_div
Affinity: -10.35741 (kcal/mol)
CNNscore: 0.88218 
CNNaffinity: 6.13505
CNNvariance: 0.03377
Intramolecular energy: -0.29592
Term values, before weighting:
## 2xb8_ligand 112.34219 1556.15723 7.71045 45.22791 9.62033 0.00000
