              _             
             (_)            
   __ _ _ __  _ _ __   __ _ 
  / _` | '_ \| | '_ \ / _` |
 | (_| | | | | | | | | (_| |
  \__, |_| |_|_|_| |_|\__,_|
   __/ |                    
  |___/                     

gnina v1.0.1 HEAD:aa41230   Built Aug 25 2021.
gnina is based on smina and AutoDock Vina.
Please cite appropriately.

Commandline: gnina -l ../CASF-2016/coreset/3e5a/3e5a_ligand.mol2 -r ../CASF-2016/coreset/3e5a/3e5a_protein.pdb --autobox_ligand ../CASF-2016/coreset/3e5a/3e5a_ligand.mol2 --score_only --cnn general_default2018_ensemble
## Name gauss(o=0,_w=0.5,_c=8) gauss(o=3,_w=2,_c=8) repulsion(o=0,_c=8) hydrophobic(g=0.5,_b=1.5,_c=8) non_dir_h_bond(g=-0.7,_b=0,_c=8) num_tors_div
Affinity: -8.40170 (kcal/mol)
CNNscore: 0.99521 
CNNaffinity: 8.31132
CNNvariance: 0.00239
Intramolecular energy: -0.73163
Term values, before weighting:
## 3e5a_ligand 114.80338 1639.98364 4.22563 59.65714 1.28957 0.00000
