              _             
             (_)            
   __ _ _ __  _ _ __   __ _ 
  / _` | '_ \| | '_ \ / _` |
 | (_| | | | | | | | | (_| |
  \__, |_| |_|_|_| |_|\__,_|
   __/ |                    
  |___/                     

gnina v1.0.1 HEAD:aa41230   Built Aug 25 2021.
gnina is based on smina and AutoDock Vina.
Please cite appropriately.

Commandline: gnina -l ../CASF-2016/coreset/3ozt/3ozt_ligand.mol2 -r ../CASF-2016/coreset/3ozt/3ozt_protein.pdb --autobox_ligand ../CASF-2016/coreset/3ozt/3ozt_ligand.mol2 --score_only --cnn general_default2018_ensemble
## Name gauss(o=0,_w=0.5,_c=8) gauss(o=3,_w=2,_c=8) repulsion(o=0,_c=8) hydrophobic(g=0.5,_b=1.5,_c=8) non_dir_h_bond(g=-0.7,_b=0,_c=8) num_tors_div
Affinity: -10.96803 (kcal/mol)
CNNscore: 0.98183 
CNNaffinity: 6.62269
CNNvariance: 0.03999
Intramolecular energy: -0.76836
Term values, before weighting:
## 3ozt_ligand 150.38646 1768.90344 7.52175 25.67870 9.81156 0.00000
