              _             
             (_)            
   __ _ _ __  _ _ __   __ _ 
  / _` | '_ \| | '_ \ / _` |
 | (_| | | | | | | | | (_| |
  \__, |_| |_|_|_| |_|\__,_|
   __/ |                    
  |___/                     

gnina v1.0.1 HEAD:aa41230   Built Aug 25 2021.
gnina is based on smina and AutoDock Vina.
Please cite appropriately.

Commandline: gnina -l ../CASF-2016/coreset/1o5b/1o5b_ligand.mol2 -r ../CASF-2016/coreset/1o5b/1o5b_protein.pdb --autobox_ligand ../CASF-2016/coreset/1o5b/1o5b_ligand.mol2 --score_only --cnn general_default2018_ensemble --seed 42
## Name gauss(o=0,_w=0.5,_c=8) gauss(o=3,_w=2,_c=8) repulsion(o=0,_c=8) hydrophobic(g=0.5,_b=1.5,_c=8) non_dir_h_bond(g=-0.7,_b=0,_c=8) num_tors_div
Affinity: -5.85164 (kcal/mol)
CNNscore: 0.99033 
CNNaffinity: 5.73289
CNNvariance: 0.00991
Intramolecular energy: -0.06777
Term values, before weighting:
## 1o5b_ligand 74.43504 794.64960 3.03799 7.33121 2.96824 0.00000
