              _             
             (_)            
   __ _ _ __  _ _ __   __ _ 
  / _` | '_ \| | '_ \ / _` |
 | (_| | | | | | | | | (_| |
  \__, |_| |_|_|_| |_|\__,_|
   __/ |                    
  |___/                     

gnina v1.0.1 HEAD:aa41230   Built Aug 25 2021.
gnina is based on smina and AutoDock Vina.
Please cite appropriately.

Commandline: gnina -l ../CASF-2016/coreset/2fxs/2fxs_ligand.mol2 -r ../CASF-2016/coreset/2fxs/2fxs_protein.pdb --autobox_ligand ../CASF-2016/coreset/2fxs/2fxs_ligand.mol2 --score_only --cnn general_default2018_ensemble --seed 42
## Name gauss(o=0,_w=0.5,_c=8) gauss(o=3,_w=2,_c=8) repulsion(o=0,_c=8) hydrophobic(g=0.5,_b=1.5,_c=8) non_dir_h_bond(g=-0.7,_b=0,_c=8) num_tors_div
Affinity: -5.80801 (kcal/mol)
CNNscore: 0.88487 
CNNaffinity: 5.72022
CNNvariance: 0.01668
Intramolecular energy: 0.48244
Term values, before weighting:
## 2fxs_ligand 74.95264 1280.87109 3.83330 14.64836 2.75949 0.00000
