              _             
             (_)            
   __ _ _ __  _ _ __   __ _ 
  / _` | '_ \| | '_ \ / _` |
 | (_| | | | | | | | | (_| |
  \__, |_| |_|_|_| |_|\__,_|
   __/ |                    
  |___/                     

gnina v1.0.1 HEAD:aa41230   Built Aug 25 2021.
gnina is based on smina and AutoDock Vina.
Please cite appropriately.

Commandline: gnina -l ../CASF-2016/coreset/2yge/2yge_ligand.mol2 -r ../CASF-2016/coreset/2yge/2yge_protein.pdb --autobox_ligand ../CASF-2016/coreset/2yge/2yge_ligand.mol2 --score_only --cnn general_default2018_ensemble --seed 42
## Name gauss(o=0,_w=0.5,_c=8) gauss(o=3,_w=2,_c=8) repulsion(o=0,_c=8) hydrophobic(g=0.5,_b=1.5,_c=8) non_dir_h_bond(g=-0.7,_b=0,_c=8) num_tors_div
Affinity: -9.45685 (kcal/mol)
CNNscore: 0.78754 
CNNaffinity: 7.08551
CNNvariance: 0.05729
Intramolecular energy: 0.39753
Term values, before weighting:
## 2yge_ligand 82.31458 1677.92126 2.36882 23.41901 3.08144 0.00000
