              _             
             (_)            
   __ _ _ __  _ _ __   __ _ 
  / _` | '_ \| | '_ \ / _` |
 | (_| | | | | | | | | (_| |
  \__, |_| |_|_|_| |_|\__,_|
   __/ |                    
  |___/                     

gnina v1.0.1 HEAD:aa41230   Built Aug 25 2021.
gnina is based on smina and AutoDock Vina.
Please cite appropriately.

Commandline: gnina -l ../CASF-2016/coreset/2zda/2zda_ligand.mol2 -r ../CASF-2016/coreset/2zda/2zda_protein.pdb --autobox_ligand ../CASF-2016/coreset/2zda/2zda_ligand.mol2 --score_only --cnn general_default2018_ensemble --seed 42
## Name gauss(o=0,_w=0.5,_c=8) gauss(o=3,_w=2,_c=8) repulsion(o=0,_c=8) hydrophobic(g=0.5,_b=1.5,_c=8) non_dir_h_bond(g=-0.7,_b=0,_c=8) num_tors_div
Affinity: -9.85299 (kcal/mol)
CNNscore: 0.99878 
CNNaffinity: 7.70821
CNNvariance: 0.01982
Intramolecular energy: -1.13536
Term values, before weighting:
## 2zda_ligand 109.78990 1524.35876 3.81347 50.58770 6.04218 0.00000
