              _             
             (_)            
   __ _ _ __  _ _ __   __ _ 
  / _` | '_ \| | '_ \ / _` |
 | (_| | | | | | | | | (_| |
  \__, |_| |_|_|_| |_|\__,_|
   __/ |                    
  |___/                     

gnina v1.0.1 HEAD:aa41230   Built Aug 25 2021.
gnina is based on smina and AutoDock Vina.
Please cite appropriately.

Commandline: gnina -l ../CASF-2016/coreset/3b68/3b68_ligand.mol2 -r ../CASF-2016/coreset/3b68/3b68_protein.pdb --autobox_ligand ../CASF-2016/coreset/3b68/3b68_ligand.mol2 --score_only --cnn general_default2018_ensemble --seed 42
## Name gauss(o=0,_w=0.5,_c=8) gauss(o=3,_w=2,_c=8) repulsion(o=0,_c=8) hydrophobic(g=0.5,_b=1.5,_c=8) non_dir_h_bond(g=-0.7,_b=0,_c=8) num_tors_div
Affinity: -10.55746 (kcal/mol)
CNNscore: 0.84939 
CNNaffinity: 7.58471
CNNvariance: 0.06013
Intramolecular energy: 1.77425
Term values, before weighting:
## 3b68_ligand 131.57765 2090.35596 4.97996 66.52405 3.21244 0.00000
