              _             
             (_)            
   __ _ _ __  _ _ __   __ _ 
  / _` | '_ \| | '_ \ / _` |
 | (_| | | | | | | | | (_| |
  \__, |_| |_|_|_| |_|\__,_|
   __/ |                    
  |___/                     

gnina v1.0.1 HEAD:aa41230   Built Aug 25 2021.
gnina is based on smina and AutoDock Vina.
Please cite appropriately.

Commandline: gnina -l ../CASF-2016/coreset/3nq9/3nq9_ligand.mol2 -r ../CASF-2016/coreset/3nq9/3nq9_protein.pdb --autobox_ligand ../CASF-2016/coreset/3nq9/3nq9_ligand.mol2 --score_only --cnn general_default2018_ensemble
## Name gauss(o=0,_w=0.5,_c=8) gauss(o=3,_w=2,_c=8) repulsion(o=0,_c=8) hydrophobic(g=0.5,_b=1.5,_c=8) non_dir_h_bond(g=-0.7,_b=0,_c=8) num_tors_div
Affinity: -2.77057 (kcal/mol)
CNNscore: 0.79223 
CNNaffinity: 4.78629
CNNvariance: 0.01484
Intramolecular energy: -0.21213
Term values, before weighting:
## 3nq9_ligand 20.36742 453.56522 0.29052 26.32656 0.00000 0.00000
