              _             
             (_)            
   __ _ _ __  _ _ __   __ _ 
  / _` | '_ \| | '_ \ / _` |
 | (_| | | | | | | | | (_| |
  \__, |_| |_|_|_| |_|\__,_|
   __/ |                    
  |___/                     

gnina v1.0.1 HEAD:aa41230   Built Aug 25 2021.
gnina is based on smina and AutoDock Vina.
Please cite appropriately.

Commandline: gnina -l ../CASF-2016/coreset/3nw9/3nw9_ligand.mol2 -r ../CASF-2016/coreset/3nw9/3nw9_protein.pdb --autobox_ligand ../CASF-2016/coreset/3nw9/3nw9_ligand.mol2 --score_only --cnn general_default2018_ensemble
## Name gauss(o=0,_w=0.5,_c=8) gauss(o=3,_w=2,_c=8) repulsion(o=0,_c=8) hydrophobic(g=0.5,_b=1.5,_c=8) non_dir_h_bond(g=-0.7,_b=0,_c=8) num_tors_div
Affinity: -11.84012 (kcal/mol)
CNNscore: 0.98128 
CNNaffinity: 7.42530
CNNvariance: 0.03054
Intramolecular energy: -1.24955
Term values, before weighting:
## 3nw9_ligand 171.98010 2169.57324 11.33527 41.88225 11.47957 0.00000
