              _             
             (_)            
   __ _ _ __  _ _ __   __ _ 
  / _` | '_ \| | '_ \ / _` |
 | (_| | | | | | | | | (_| |
  \__, |_| |_|_|_| |_|\__,_|
   __/ |                    
  |___/                     

gnina v1.0.1 HEAD:aa41230   Built Aug 25 2021.
gnina is based on smina and AutoDock Vina.
Please cite appropriately.

Commandline: gnina -l ../CASF-2016/coreset/3ozs/3ozs_ligand.mol2 -r ../CASF-2016/coreset/3ozs/3ozs_protein.pdb --autobox_ligand ../CASF-2016/coreset/3ozs/3ozs_ligand.mol2 --score_only --cnn general_default2018_ensemble
## Name gauss(o=0,_w=0.5,_c=8) gauss(o=3,_w=2,_c=8) repulsion(o=0,_c=8) hydrophobic(g=0.5,_b=1.5,_c=8) non_dir_h_bond(g=-0.7,_b=0,_c=8) num_tors_div
Affinity: -10.30199 (kcal/mol)
CNNscore: 0.95458 
CNNaffinity: 6.67819
CNNvariance: 0.06762
Intramolecular energy: -0.79962
Term values, before weighting:
## 3ozs_ligand 144.00896 1935.17725 7.79538 19.36652 9.00034 0.00000
