              _             
             (_)            
   __ _ _ __  _ _ __   __ _ 
  / _` | '_ \| | '_ \ / _` |
 | (_| | | | | | | | | (_| |
  \__, |_| |_|_|_| |_|\__,_|
   __/ |                    
  |___/                     

gnina v1.0.1 HEAD:aa41230   Built Aug 25 2021.
gnina is based on smina and AutoDock Vina.
Please cite appropriately.

Commandline: gnina -l ../CASF-2016/coreset/3udh/3udh_ligand.mol2 -r ../CASF-2016/coreset/3udh/3udh_protein.pdb --autobox_ligand ../CASF-2016/coreset/3udh/3udh_ligand.mol2 --score_only --cnn general_default2018_ensemble
## Name gauss(o=0,_w=0.5,_c=8) gauss(o=3,_w=2,_c=8) repulsion(o=0,_c=8) hydrophobic(g=0.5,_b=1.5,_c=8) non_dir_h_bond(g=-0.7,_b=0,_c=8) num_tors_div
Affinity: -7.11568 (kcal/mol)
CNNscore: 0.99525 
CNNaffinity: 4.77583
CNNvariance: 0.03491
Intramolecular energy: 0.00000
Term values, before weighting:
## 3udh_ligand 57.70265 781.92944 2.83374 39.15368 3.47101 0.00000
