              _             
             (_)            
   __ _ _ __  _ _ __   __ _ 
  / _` | '_ \| | '_ \ / _` |
 | (_| | | | | | | | | (_| |
  \__, |_| |_|_|_| |_|\__,_|
   __/ |                    
  |___/                     

gnina v1.0.1 HEAD:aa41230   Built Aug 25 2021.
gnina is based on smina and AutoDock Vina.
Please cite appropriately.

Commandline: gnina -l ../CASF-2016/coreset/4gid/4gid_ligand.mol2 -r ../CASF-2016/coreset/4gid/4gid_protein.pdb --autobox_ligand ../CASF-2016/coreset/4gid/4gid_ligand.mol2 --score_only --cnn general_default2018_ensemble
## Name gauss(o=0,_w=0.5,_c=8) gauss(o=3,_w=2,_c=8) repulsion(o=0,_c=8) hydrophobic(g=0.5,_b=1.5,_c=8) non_dir_h_bond(g=-0.7,_b=0,_c=8) num_tors_div
Affinity: -10.96550 (kcal/mol)
CNNscore: 0.99463 
CNNaffinity: 8.49662
CNNvariance: 0.02204
Intramolecular energy: -2.52661
Term values, before weighting:
## 4gid_ligand 213.73502 2612.36279 8.56091 85.80097 7.37535 0.00000
