              _             
             (_)            
   __ _ _ __  _ _ __   __ _ 
  / _` | '_ \| | '_ \ / _` |
 | (_| | | | | | | | | (_| |
  \__, |_| |_|_|_| |_|\__,_|
   __/ |                    
  |___/                     

gnina v1.0.1 HEAD:aa41230   Built Aug 25 2021.
gnina is based on smina and AutoDock Vina.
Please cite appropriately.

Commandline: gnina -l ../CASF-2016/coreset/4qd6/4qd6_ligand.mol2 -r ../CASF-2016/coreset/4qd6/4qd6_protein.pdb --autobox_ligand ../CASF-2016/coreset/4qd6/4qd6_ligand.mol2 --score_only --cnn general_default2018_ensemble --seed 42
## Name gauss(o=0,_w=0.5,_c=8) gauss(o=3,_w=2,_c=8) repulsion(o=0,_c=8) hydrophobic(g=0.5,_b=1.5,_c=8) non_dir_h_bond(g=-0.7,_b=0,_c=8) num_tors_div
Affinity: -6.31119 (kcal/mol)
CNNscore: 0.79202 
CNNaffinity: 6.82451
CNNvariance: 0.01194
Intramolecular energy: -1.15374
Term values, before weighting:
## 4qd6_ligand 81.32561 1201.78162 4.15172 56.58507 2.22671 0.00000
