     code  logKa    score
1    4llx   2.89  0.87850
2    5c28   5.66  0.63984
3    3uuo   7.96  0.94360
4    3ui7   9.00  0.90631
5    5c2h  11.09  0.99142
6    2v00   3.66  0.75577
7    3wz8   5.82  0.88828
8    3pww   7.32  0.91253
9    3prs   7.82  0.92902
10   3uri   9.00  0.98043
11   4m0z   5.19  0.97298
12   4m0y   6.46  0.93776
13   3qgy   7.80  0.85189
14   4qd6   8.64  0.78213
15   4rfm  10.05  0.92938
16   4cr9   4.10  0.89174
17   4cra   7.22  0.97557
18   4x6p   8.30  0.97409
19   4crc   8.72  0.94542
20   4ty7   9.52  0.95223
21   5aba   2.98  0.81363
22   5a7b   3.57  0.93504
23   4agn   3.97  0.90423
24   4agp   4.69  0.96767
25   4agq   5.01  0.96396
26   3bgz   6.26  0.94410
27   3jya   6.89  0.83244
28   2c3i   7.60  0.84380
29   4k18   8.96  0.90826
30   5dwr  11.22  0.96853
31   3mss   4.66  0.79113
32   3k5v   6.30  0.89992
33   3pyy   6.86  0.84371
34   2v7a   8.30  0.99724
35   4twp  10.00  0.84551
36   3wtj   6.53  0.88673
37   3zdg   7.10  0.99011
38   3u8k   8.66  0.98692
39   4qac   9.40  0.99000
40   3u8n  10.17  0.99736
41   1a30   4.30  0.50769
42   2qnq   6.11  0.90848
43   1g2k   7.96  0.99547
44   1eby   9.70  0.99679
45   3o9i  11.82  0.99147
46   4lzs   4.80  0.91531
47   3u5j   5.61  0.95958
48   4wiv   6.26  0.82963
49   4ogj   6.79  0.80724
50   3p5o   7.30  0.97546
51   1ps3   2.28  0.98768
52   3dx1   3.58  0.99053
53   3d4z   4.89  0.97036
54   3dx2   6.82  0.99802
55   3ejr   8.57  0.96464
56   3l7b   2.40  0.60820
57   4eky   3.52  0.88661
58   3g2n   4.09  0.97785
59   3syr   5.10  0.97832
60   3ebp   5.91  0.60501
61   2w66   4.05  0.98736
62   2w4x   4.85  0.98380
63   2wca   5.60  0.88103
64   2xj7   6.66  0.98802
65   2vvn   7.30  0.98659
66   3aru   3.22  0.91589
67   3arv   5.64  0.88559
68   3ary   6.00  0.84358
69   3arq   6.40  0.77584
70   3arp   7.15  0.85841
71   4ih5   4.11  0.41752
72   4ih7   5.24  0.95138
73   3cj4   6.51  0.94351
74   4eo8   8.15  0.95402
75   3gnw   9.10  0.99258
76   1gpk   5.37  0.87267
77   1gpn   6.48  0.79857
78   1h23   8.35  0.97450
79   1h22   9.10  0.98609
80   1e66   9.89  0.99230
81   3f3a   4.19  0.83457
82   3f3c   6.02  0.85092
83   4mme   6.50  0.88898
84   3f3d   7.16  0.98690
85   3f3e   7.70  0.97945
86   2wbg   4.45  0.99612
87   2cbv   5.48  0.71192
88   2j78   6.42  0.95221
89   2j7h   7.19  0.98550
90   2cet   8.02  0.97504
91   3udh   2.85  0.98422
92   3rsx   4.41  0.87243
93   4djv   6.72  0.99107
94   2vkm   8.74  0.92972
95   4gid  10.77  0.99240
96   4jfs   5.27  0.98413
97   4j28   5.70  0.97920
98   2wvt   6.12  0.98552
99   2xii   7.20  0.99518
100  4pcs   7.85  0.99416
101  3rr4   4.55  0.98068
102  1s38   5.15  0.99689
103  1r5y   6.46  0.99665
104  3gc5   7.26  0.99981
105  3ge7   8.70  0.99961
106  4dli   5.62  0.82458
107  2zb1   6.32  0.88217
108  4f9w   6.94  0.98376
109  3e92   8.00  0.97043
110  3e93   8.85  0.95762
111  4owm   2.96  0.92666
112  3twp   3.92  0.87577
113  3r88   4.82  0.94059
114  4gkm   5.17  0.98917
115  3qqs   5.82  0.98621
116  3gv9   2.12  0.57657
117  3gr2   2.52  0.47113
118  4kz6   3.10  0.85771
119  4jxs   4.74  0.90333
120  2r9w   5.10  0.78173
121  2hb1   3.80  0.93804
122  1bzc   4.92  0.91423
123  2qbr   6.33  0.91754
124  2qbq   7.44  0.83764
125  2qbp   8.40  0.93171
126  1q8t   4.76  0.77897
127  1ydr   5.52  0.93065
128  1q8u   5.96  0.87905
129  1ydt   7.32  0.98387
130  3ag9   8.05  0.89320
131  3fcq   2.77  0.45631
132  1z9g   5.64  0.85829
133  1qf1   7.32  0.99413
134  5tmn   8.04  0.96798
135  4tmn  10.17  0.87974
136  4ddk   2.29  0.83295
137  4ddh   3.32  0.93201
138  3ivg   4.30  0.97502
139  3coz   5.57  0.98548
140  3coy   6.02  0.99358
141  3pxf   4.43  0.54708
142  4eor   6.30  0.97049
143  2xnb   6.83  0.99533
144  1pxn   7.15  0.99586
145  2fvd   8.52  0.99572
146  4k77   6.63  0.88001
147  4e5w   7.66  0.97203
148  4ivb   8.72  0.99526
149  4ivd   9.52  0.99131
150  4ivc  10.00  0.99706
151  4f09   6.70  0.98727
152  4gfm   7.22  0.96448
153  4hge   7.92  0.93826
154  4e6q   8.36  0.98706
155  4jia   9.22  0.84905
156  2brb   4.86  0.68545
157  2br1   5.14  0.67477
158  3jvr   5.72  0.99404
159  3jvs   6.54  0.86655
160  1nvq   8.25  0.99556
161  3acw   4.76  0.83647
162  4ea2   6.44  0.69498
163  2zcr   6.87  0.67979
164  2zy1   7.40  0.91264
165  2zcq   8.82  0.93747
166  1bcu   3.28  0.86910
167  3bv9   5.36  0.76006
168  1oyt   7.24  0.94788
169  2zda   8.40  0.99431
170  3utu  10.92  0.99169
171  3u9q   4.38  0.95229
172  2yfe   6.63  0.84241
173  3fur   8.00  0.94911
174  3b1m   8.48  0.82322
175  2p4y   9.00  0.99487
176  3uo4   6.52  0.94488
177  3up2   7.40  0.97184
178  3e5a   8.23  0.97443
179  2wtv   8.74  0.99409
180  3myg  10.70  0.98369
181  3kgp   2.57  0.95339
182  1c5z   4.01  0.97420
183  1o5b   5.77  0.96826
184  1owh   7.40  0.89637
185  1sqa   9.21  0.92982
186  4jsz   2.30  0.38359
187  3kwa   4.08  0.09795
188  2weg   6.50  0.97255
189  3ryj   7.80  0.96049
190  3dd0   9.00  0.98946
191  2xdl   3.10  0.88828
192  3b27   5.16  0.90379
193  1yc1   6.17  0.96911
194  3rlr   7.52  0.87973
195  2yki   9.46  0.99243
196  1z95   7.12  0.92107
197  3b68   8.40  0.98129
198  3b5r   8.77  0.99394
199  3b65   9.27  0.99671
200  3g0w   9.52  0.98876
201  4u4s   2.92  0.87530
202  1p1q   4.89  0.89957
203  1syi   5.44  0.98808
204  1p1n   6.80  0.95163
205  2al5   8.40  0.99454
206  3g2z   2.36  0.63663
207  3g31   2.89  0.78951
208  4de2   4.12  0.88806
209  4de3   5.52  0.87581
210  4de1   5.96  0.86045
211  1vso   4.72  0.95918
212  4dld   5.82  0.92684
213  3gbb   6.90  0.99623
214  3fv2   8.11  0.98243
215  3fv1   9.30  0.99357
216  4mgd   4.69  0.99160
217  2qe4   7.96  0.91363
218  1qkt   9.04  0.89280
219  2pog   9.54  0.95251
220  2p15  10.30  0.98738
221  2y5h   5.79  0.93649
222  1lpg   7.09  0.97990
223  2xbv   8.43  0.98914
224  1z6e   9.72  0.99591
225  1mq6  11.15  0.99593
226  1nc3   5.00  0.99565
227  1nc1   6.12  0.86352
228  1y6r  10.11  0.99814
229  4f2w  11.30  0.99882
230  4f3c  11.82  0.99866
231  1uto   2.27  0.85633
232  4abg   3.57  0.96282
233  3gy4   5.10  0.94400
234  1k1i   6.58  0.92620
235  1o3f   7.96  0.95738
236  2yge   5.06  0.87781
237  2fxs   6.06  0.84286
238  2iwx   6.68  0.91768
239  2wer   7.05  0.78743
240  2vw5   8.52  0.96023
241  4kzq   6.10  0.90501
242  4kzu   6.50  0.88995
243  4j21   7.41  0.96454
244  4j3l   7.80  0.95860
245  3kr8   8.10  0.97176
246  2ymd   3.16  0.89501
247  2wnc   6.32  0.94214
248  2xys   7.42  0.98002
249  2wn9   8.52  0.93711
250  2x00  11.33  0.96884
251  3ozt   4.13  0.99470
252  3ozs   5.33  0.98579
253  3oe5   6.88  0.99530
254  3oe4   7.47  0.96542
255  3nw9   9.00  0.96736
256  3ao4   2.07  0.90754
257  3zt2   2.84  0.92728
258  3zsx   3.28  0.67741
259  4cig   3.67  0.91107
260  3zso   5.12  0.95321
261  3n7a   3.70  0.97694
262  4ciw   4.82  0.96612
263  3n86   5.64  0.99340
264  3n76   6.85  0.97329
265  2xb8   7.59  0.98185
266  4bkt   3.62  0.92559
267  4w9c   4.65  0.91228
268  4w9l   5.02  0.97962
269  4w9i   5.96  0.97119
270  4w9h   6.73  0.95350
271  3nq9   4.03  0.59734
272  3ueu   5.24  0.73778
273  3uev   5.89  0.81433
274  3uew   6.31  0.67962
275  3uex   6.92  0.84425
276  3lka   2.82  0.77912
277  3ehy   5.85  0.91241
278  3tsk   7.17  0.84094
279  3nx7   8.10  0.91809
280  4gr0   9.55  0.96896
281  3dxg   2.40  0.49006
282  3d6q   3.76  0.51181
283  1w4o   5.22  0.85955
284  1o0h   5.92  0.94277
285  1u1b   7.80  0.94335

Summary of the scoring power: ===================================
The regression equation: logKa = 7.72 + -0.51 * Score
Number of favorable sample (N) = 285
Pearson correlation coefficient (R) = 0.434
Standard deviation in fitting (SD) = 1.96
=================================================================

Template command for running the bootstrap in R program==========

rm(list=ls());
require(boot);
data_all<-read.table("analysis/outputs/scoring/vinaopt/redock_default2018_CNNscore_processed_score",header=FALSE);
aa<-c(1:nrow(data_all));

mycore<-function(x,indices)
{
data_1<-matrix(NA,285,2);
for(i in 1:285)
    {
        data_1[i,1]=data_all[x[indices][i],2];
        data_1[i,2]=data_all[x[indices][i],3];
    }
        data_2<-data.frame(data_1);
        names(data_2)<-c("a","b");
        cor(data_2$a,data_2$b);
};

data.boot<-boot(aa,mycore,R=10000,stype="i",sim="ordinary");
sink("analysis/outputs/scoring/vinaopt/redock_default2018_CNNscore-ci.results");
a<-boot.ci(data.boot,conf=0.9,type=c("bca"));
print(a);
sink();

=================================================================
