     code  logKa    score
1    4llx   2.89  0.91549
2    5c28   5.66  0.78162
3    3uuo   7.96  0.90343
4    3ui7   9.00  0.92856
5    5c2h  11.09  0.96822
6    2v00   3.66  0.79646
7    3wz8   5.82  0.83582
8    3pww   7.32  0.98891
9    3prs   7.82  0.97533
10   3uri   9.00  0.97156
11   4m0z   5.19  0.97463
12   4m0y   6.46  0.95616
13   3qgy   7.80  0.94983
14   4qd6   8.64  0.86184
15   4rfm  10.05  0.97667
16   4cr9   4.10  0.96175
17   4cra   7.22  0.93461
18   4x6p   8.30  0.89917
19   4crc   8.72  0.92274
20   4ty7   9.52  0.76911
21   5aba   2.98  0.69692
22   5a7b   3.57  0.81762
23   4agn   3.97  0.87400
24   4agp   4.69  0.88831
25   4agq   5.01  0.91293
26   3bgz   6.26  0.95907
27   3jya   6.89  0.94346
28   2c3i   7.60  0.85707
29   4k18   8.96  0.88059
30   5dwr  11.22  0.97244
31   3mss   4.66  0.78341
32   3k5v   6.30  0.90113
33   3pyy   6.86  0.94269
34   2v7a   8.30  0.99455
35   4twp  10.00  0.96942
36   3wtj   6.53  0.90521
37   3zdg   7.10  0.92121
38   3u8k   8.66  0.98978
39   4qac   9.40  0.96177
40   3u8n  10.17  0.99052
41   1a30   4.30  0.41673
42   2qnq   6.11  0.96319
43   1g2k   7.96  0.99405
44   1eby   9.70  0.98999
45   3o9i  11.82  0.98751
46   4lzs   4.80  0.95655
47   3u5j   5.61  0.86436
48   4wiv   6.26  0.79094
49   4ogj   6.79  0.64273
50   3p5o   7.30  0.95218
51   1ps3   2.28  0.96891
52   3dx1   3.58  0.95303
53   3d4z   4.89  0.96939
54   3dx2   6.82  0.98166
55   3ejr   8.57  0.95854
56   3l7b   2.40  0.33693
57   4eky   3.52  0.82741
58   3g2n   4.09  0.78560
59   3syr   5.10  0.82168
60   3ebp   5.91  0.53415
61   2w66   4.05  0.97511
62   2w4x   4.85  0.86917
63   2wca   5.60  0.96773
64   2xj7   6.66  0.98631
65   2vvn   7.30  0.98520
66   3aru   3.22  0.93282
67   3arv   5.64  0.69388
68   3ary   6.00  0.86651
69   3arq   6.40  0.78181
70   3arp   7.15  0.80066
71   4ih5   4.11  0.35244
72   4ih7   5.24  0.86287
73   3cj4   6.51  0.84282
74   4eo8   8.15  0.83572
75   3gnw   9.10  0.98316
76   1gpk   5.37  0.91207
77   1gpn   6.48  0.76804
78   1h23   8.35  0.84912
79   1h22   9.10  0.91659
80   1e66   9.89  0.93277
81   3f3a   4.19  0.83906
82   3f3c   6.02  0.83123
83   4mme   6.50  0.95280
84   3f3d   7.16  0.95567
85   3f3e   7.70  0.91730
86   2wbg   4.45  0.99212
87   2cbv   5.48  0.92323
88   2j78   6.42  0.96451
89   2j7h   7.19  0.96319
90   2cet   8.02  0.93728
91   3udh   2.85  0.97965
92   3rsx   4.41  0.83199
93   4djv   6.72  0.95818
94   2vkm   8.74  0.95696
95   4gid  10.77  0.99498
96   4jfs   5.27  0.96285
97   4j28   5.70  0.93202
98   2wvt   6.12  0.98188
99   2xii   7.20  0.99322
100  4pcs   7.85  0.97361
101  3rr4   4.55  0.96254
102  1s38   5.15  0.98726
103  1r5y   6.46  0.98450
104  3gc5   7.26  0.99911
105  3ge7   8.70  0.99836
106  4dli   5.62  0.67833
107  2zb1   6.32  0.90578
108  4f9w   6.94  0.97502
109  3e92   8.00  0.96335
110  3e93   8.85  0.96513
111  4owm   2.96  0.82825
112  3twp   3.92  0.81547
113  3r88   4.82  0.90233
114  4gkm   5.17  0.77331
115  3qqs   5.82  0.76912
116  3gv9   2.12  0.71193
117  3gr2   2.52  0.41594
118  4kz6   3.10  0.80670
119  4jxs   4.74  0.72662
120  2r9w   5.10  0.72529
121  2hb1   3.80  0.57016
122  1bzc   4.92  0.80368
123  2qbr   6.33  0.72519
124  2qbq   7.44  0.61280
125  2qbp   8.40  0.73058
126  1q8t   4.76  0.80836
127  1ydr   5.52  0.95818
128  1q8u   5.96  0.93472
129  1ydt   7.32  0.96999
130  3ag9   8.05  0.80397
131  3fcq   2.77  0.29868
132  1z9g   5.64  0.83522
133  1qf1   7.32  0.96403
134  5tmn   8.04  0.42264
135  4tmn  10.17  0.48305
136  4ddk   2.29  0.86298
137  4ddh   3.32  0.83061
138  3ivg   4.30  0.88005
139  3coz   5.57  0.94953
140  3coy   6.02  0.97455
141  3pxf   4.43  0.42630
142  4eor   6.30  0.98384
143  2xnb   6.83  0.99592
144  1pxn   7.15  0.99318
145  2fvd   8.52  0.99611
146  4k77   6.63  0.97823
147  4e5w   7.66  0.98785
148  4ivb   8.72  0.99486
149  4ivd   9.52  0.99232
150  4ivc  10.00  0.99592
151  4f09   6.70  0.99322
152  4gfm   7.22  0.93321
153  4hge   7.92  0.97538
154  4e6q   8.36  0.95063
155  4jia   9.22  0.78945
156  2brb   4.86  0.84242
157  2br1   5.14  0.80080
158  3jvr   5.72  0.94644
159  3jvs   6.54  0.56043
160  1nvq   8.25  0.99307
161  3acw   4.76  0.82703
162  4ea2   6.44  0.73597
163  2zcr   6.87  0.62393
164  2zy1   7.40  0.88511
165  2zcq   8.82  0.38572
166  1bcu   3.28  0.91024
167  3bv9   5.36  0.65320
168  1oyt   7.24  0.92428
169  2zda   8.40  0.99165
170  3utu  10.92  0.99281
171  3u9q   4.38  0.81887
172  2yfe   6.63  0.84765
173  3fur   8.00  0.94334
174  3b1m   8.48  0.68924
175  2p4y   9.00  0.98455
176  3uo4   6.52  0.96942
177  3up2   7.40  0.98393
178  3e5a   8.23  0.71196
179  2wtv   8.74  0.96981
180  3myg  10.70  0.98456
181  3kgp   2.57  0.96277
182  1c5z   4.01  0.95533
183  1o5b   5.77  0.96788
184  1owh   7.40  0.79550
185  1sqa   9.21  0.87137
186  4jsz   2.30  0.43597
187  3kwa   4.08  0.11931
188  2weg   6.50  0.85867
189  3ryj   7.80  0.78873
190  3dd0   9.00  0.89110
191  2xdl   3.10  0.81856
192  3b27   5.16  0.87881
193  1yc1   6.17  0.94825
194  3rlr   7.52  0.93437
195  2yki   9.46  0.96629
196  1z95   7.12  0.88073
197  3b68   8.40  0.93216
198  3b5r   8.77  0.98214
199  3b65   9.27  0.97059
200  3g0w   9.52  0.99092
201  4u4s   2.92  0.79814
202  1p1q   4.89  0.87836
203  1syi   5.44  0.92972
204  1p1n   6.80  0.74507
205  2al5   8.40  0.94969
206  3g2z   2.36  0.31424
207  3g31   2.89  0.63118
208  4de2   4.12  0.72466
209  4de3   5.52  0.84072
210  4de1   5.96  0.68476
211  1vso   4.72  0.85809
212  4dld   5.82  0.75269
213  3gbb   6.90  0.95751
214  3fv2   8.11  0.91686
215  3fv1   9.30  0.92822
216  4mgd   4.69  0.98342
217  2qe4   7.96  0.92722
218  1qkt   9.04  0.95180
219  2pog   9.54  0.93674
220  2p15  10.30  0.98581
221  2y5h   5.79  0.95655
222  1lpg   7.09  0.91050
223  2xbv   8.43  0.94189
224  1z6e   9.72  0.98903
225  1mq6  11.15  0.98079
226  1nc3   5.00  0.98931
227  1nc1   6.12  0.97892
228  1y6r  10.11  0.99760
229  4f2w  11.30  0.99285
230  4f3c  11.82  0.99098
231  1uto   2.27  0.95477
232  4abg   3.57  0.97048
233  3gy4   5.10  0.96050
234  1k1i   6.58  0.95501
235  1o3f   7.96  0.95592
236  2yge   5.06  0.87046
237  2fxs   6.06  0.81391
238  2iwx   6.68  0.90798
239  2wer   7.05  0.91346
240  2vw5   8.52  0.86833
241  4kzq   6.10  0.87787
242  4kzu   6.50  0.84594
243  4j21   7.41  0.89727
244  4j3l   7.80  0.93197
245  3kr8   8.10  0.96633
246  2ymd   3.16  0.89002
247  2wnc   6.32  0.94107
248  2xys   7.42  0.91948
249  2wn9   8.52  0.81138
250  2x00  11.33  0.96906
251  3ozt   4.13  0.97848
252  3ozs   5.33  0.95790
253  3oe5   6.88  0.94573
254  3oe4   7.47  0.93672
255  3nw9   9.00  0.95602
256  3ao4   2.07  0.91466
257  3zt2   2.84  0.85864
258  3zsx   3.28  0.57113
259  4cig   3.67  0.82031
260  3zso   5.12  0.65748
261  3n7a   3.70  0.87278
262  4ciw   4.82  0.82808
263  3n86   5.64  0.96182
264  3n76   6.85  0.73379
265  2xb8   7.59  0.88813
266  4bkt   3.62  0.92628
267  4w9c   4.65  0.92309
268  4w9l   5.02  0.96569
269  4w9i   5.96  0.96712
270  4w9h   6.73  0.95938
271  3nq9   4.03  0.57036
272  3ueu   5.24  0.68241
273  3uev   5.89  0.79838
274  3uew   6.31  0.60098
275  3uex   6.92  0.75923
276  3lka   2.82  0.54757
277  3ehy   5.85  0.31679
278  3tsk   7.17  0.89169
279  3nx7   8.10  0.78089
280  4gr0   9.55  0.76536
281  3dxg   2.40  0.78117
282  3d6q   3.76  0.57147
283  1w4o   5.22  0.60321
284  1o0h   5.92  0.92088
285  1u1b   7.80  0.88273

Summary of the scoring power: ===================================
The regression equation: logKa = 5.26 + 1.95 * Score
Number of favorable sample (N) = 285
Pearson correlation coefficient (R) = 0.369
Standard deviation in fitting (SD) = 2.02
=================================================================

Template command for running the bootstrap in R program==========

rm(list=ls());
require(boot);
data_all<-read.table("analysis/outputs/scoring/amberopt/crossdock_default2018_CNNscore_processed_score",header=FALSE);
aa<-c(1:nrow(data_all));

mycore<-function(x,indices)
{
data_1<-matrix(NA,285,2);
for(i in 1:285)
    {
        data_1[i,1]=data_all[x[indices][i],2];
        data_1[i,2]=data_all[x[indices][i],3];
    }
        data_2<-data.frame(data_1);
        names(data_2)<-c("a","b");
        cor(data_2$a,data_2$b);
};

data.boot<-boot(aa,mycore,R=10000,stype="i",sim="ordinary");
sink("analysis/outputs/scoring/amberopt/crossdock_default2018_CNNscore-ci.results");
a<-boot.ci(data.boot,conf=0.9,type=c("bca"));
print(a);
sink();

=================================================================
