     code  logKa    score
1    4llx   2.89  3.97999
2    5c28   5.66  5.18516
3    3uuo   7.96  7.69295
4    3ui7   9.00  7.58804
5    5c2h  11.09  8.36407
6    2v00   3.66  5.56144
7    3wz8   5.82  7.19780
8    3pww   7.32  8.43248
9    3prs   7.82  8.97721
10   3uri   9.00  7.84819
11   4m0z   5.19  7.40704
12   4m0y   6.46  6.33357
13   3qgy   7.80  6.90739
14   4qd6   8.64  7.02722
15   4rfm  10.05  7.70579
16   4cr9   4.10  4.82212
17   4cra   7.22  7.63239
18   4x6p   8.30  8.40936
19   4crc   8.72  8.22560
20   4ty7   9.52  8.01947
21   5aba   2.98  5.12742
22   5a7b   3.57  5.54290
23   4agn   3.97  5.34152
24   4agp   4.69  5.76219
25   4agq   5.01  5.91900
26   3bgz   6.26  7.40772
27   3jya   6.89  6.54800
28   2c3i   7.60  7.03072
29   4k18   8.96  8.11870
30   5dwr  11.22  8.94376
31   3mss   4.66  4.33307
32   3k5v   6.30  6.20666
33   3pyy   6.86  6.37340
34   2v7a   8.30  7.60588
35   4twp  10.00  7.99972
36   3wtj   6.53  7.50214
37   3zdg   7.10  7.11395
38   3u8k   8.66  8.14501
39   4qac   9.40  8.05176
40   3u8n  10.17  8.75968
41   1a30   4.30  7.08494
42   2qnq   6.11  8.71937
43   1g2k   7.96  9.07702
44   1eby   9.70  8.99753
45   3o9i  11.82  9.62775
46   4lzs   4.80  4.91641
47   3u5j   5.61  6.22597
48   4wiv   6.26  6.56345
49   4ogj   6.79  6.82343
50   3p5o   7.30  7.16623
51   1ps3   2.28  5.76805
52   3dx1   3.58  4.93480
53   3d4z   4.89  5.55939
54   3dx2   6.82  5.59928
55   3ejr   8.57  6.81569
56   3l7b   2.40  4.99837
57   4eky   3.52  6.36207
58   3g2n   4.09  5.44624
59   3syr   5.10  6.29883
60   3ebp   5.91  5.65599
61   2w66   4.05  6.16237
62   2w4x   4.85  4.74568
63   2wca   5.60  5.91455
64   2xj7   6.66  6.76473
65   2vvn   7.30  6.49023
66   3aru   3.22  4.27039
67   3arv   5.64  4.85282
68   3ary   6.00  4.37671
69   3arq   6.40  5.33245
70   3arp   7.15  6.11770
71   4ih5   4.11  4.49815
72   4ih7   5.24  5.71379
73   3cj4   6.51  5.72696
74   4eo8   8.15  6.74955
75   3gnw   9.10  7.85149
76   1gpk   5.37  7.40082
77   1gpn   6.48  7.67648
78   1h23   8.35  8.29932
79   1h22   9.10  8.34769
80   1e66   9.89  8.24101
81   3f3a   4.19  5.92147
82   3f3c   6.02  5.64969
83   4mme   6.50  6.77971
84   3f3d   7.16  5.51406
85   3f3e   7.70  5.33619
86   2wbg   4.45  6.88431
87   2cbv   5.48  5.91137
88   2j78   6.42  6.20924
89   2j7h   7.19  5.35822
90   2cet   8.02  7.85559
91   3udh   2.85  4.91257
92   3rsx   4.41  5.08932
93   4djv   6.72  6.73064
94   2vkm   8.74  7.82859
95   4gid  10.77  8.33617
96   4jfs   5.27  5.52434
97   4j28   5.70  5.93226
98   2wvt   6.12  5.40459
99   2xii   7.20  6.60977
100  4pcs   7.85  5.71036
101  3rr4   4.55  6.33810
102  1s38   5.15  5.44813
103  1r5y   6.46  5.31880
104  3gc5   7.26  7.18641
105  3ge7   8.70  7.60157
106  4dli   5.62  6.46038
107  2zb1   6.32  7.47586
108  4f9w   6.94  7.59222
109  3e92   8.00  7.56492
110  3e93   8.85  7.88742
111  4owm   2.96  3.09081
112  3twp   3.92  3.04526
113  3r88   4.82  3.42179
114  4gkm   5.17  4.81441
115  3qqs   5.82  4.43232
116  3gv9   2.12  4.03468
117  3gr2   2.52  3.25768
118  4kz6   3.10  4.60557
119  4jxs   4.74  4.91489
120  2r9w   5.10  5.54596
121  2hb1   3.80  4.04544
122  1bzc   4.92  5.84523
123  2qbr   6.33  5.66767
124  2qbq   7.44  6.04983
125  2qbp   8.40  6.35031
126  1q8t   4.76  7.05151
127  1ydr   5.52  7.20718
128  1q8u   5.96  7.32786
129  1ydt   7.32  7.62068
130  3ag9   8.05  6.23175
131  3fcq   2.77  4.54262
132  1z9g   5.64  6.61930
133  1qf1   7.32  7.07543
134  5tmn   8.04  6.09258
135  4tmn  10.17  6.93313
136  4ddk   2.29  3.13050
137  4ddh   3.32  4.13864
138  3ivg   4.30  6.39226
139  3coz   5.57  6.47974
140  3coy   6.02  6.67470
141  3pxf   4.43  4.57803
142  4eor   6.30  7.47201
143  2xnb   6.83  8.04415
144  1pxn   7.15  7.44610
145  2fvd   8.52  7.40497
146  4k77   6.63  7.14470
147  4e5w   7.66  8.09858
148  4ivb   8.72  7.97650
149  4ivd   9.52  8.02736
150  4ivc  10.00  8.04570
151  4f09   6.70  7.68689
152  4gfm   7.22  6.77646
153  4hge   7.92  8.19305
154  4e6q   8.36  8.05644
155  4jia   9.22  7.26753
156  2brb   4.86  7.03169
157  2br1   5.14  7.50879
158  3jvr   5.72  5.12329
159  3jvs   6.54  5.75788
160  1nvq   8.25  7.80654
161  3acw   4.76  6.79610
162  4ea2   6.44  7.19867
163  2zcr   6.87  6.63767
164  2zy1   7.40  6.75361
165  2zcq   8.82  5.96742
166  1bcu   3.28  5.24554
167  3bv9   5.36  8.17883
168  1oyt   7.24  7.67888
169  2zda   8.40  7.62892
170  3utu  10.92  8.81002
171  3u9q   4.38  4.68508
172  2yfe   6.63  6.58580
173  3fur   8.00  8.33001
174  3b1m   8.48  7.18420
175  2p4y   9.00  8.10317
176  3uo4   6.52  7.25555
177  3up2   7.40  7.45138
178  3e5a   8.23  7.88462
179  2wtv   8.74  8.17120
180  3myg  10.70  7.36308
181  3kgp   2.57  4.15881
182  1c5z   4.01  4.10946
183  1o5b   5.77  5.46555
184  1owh   7.40  6.14973
185  1sqa   9.21  6.80423
186  4jsz   2.30  2.30086
187  3kwa   4.08  4.33208
188  2weg   6.50  5.88033
189  3ryj   7.80  6.99231
190  3dd0   9.00  6.66026
191  2xdl   3.10  5.60314
192  3b27   5.16  5.47167
193  1yc1   6.17  6.69849
194  3rlr   7.52  7.31102
195  2yki   9.46  8.50390
196  1z95   7.12  7.79663
197  3b68   8.40  7.92672
198  3b5r   8.77  7.89253
199  3b65   9.27  7.87363
200  3g0w   9.52  8.27934
201  4u4s   2.92  4.57030
202  1p1q   4.89  6.37028
203  1syi   5.44  6.72493
204  1p1n   6.80  6.39911
205  2al5   8.40  6.41836
206  3g2z   2.36  3.45148
207  3g31   2.89  3.31486
208  4de2   4.12  4.58712
209  4de3   5.52  4.98952
210  4de1   5.96  4.85847
211  1vso   4.72  6.31203
212  4dld   5.82  6.94818
213  3gbb   6.90  6.47971
214  3fv2   8.11  6.61885
215  3fv1   9.30  6.98669
216  4mgd   4.69  7.92273
217  2qe4   7.96  8.23638
218  1qkt   9.04  7.63287
219  2pog   9.54  7.82168
220  2p15  10.30  9.45862
221  2y5h   5.79  8.36921
222  1lpg   7.09  7.69678
223  2xbv   8.43  8.19052
224  1z6e   9.72  8.71561
225  1mq6  11.15  8.56828
226  1nc3   5.00  7.23610
227  1nc1   6.12  7.63090
228  1y6r  10.11  8.44058
229  4f2w  11.30  8.59416
230  4f3c  11.82  9.02909
231  1uto   2.27  3.97122
232  4abg   3.57  4.46827
233  3gy4   5.10  4.17221
234  1k1i   6.58  7.55714
235  1o3f   7.96  6.54992
236  2yge   5.06  7.96056
237  2fxs   6.06  6.11951
238  2iwx   6.68  6.71388
239  2wer   7.05  6.53334
240  2vw5   8.52  7.57848
241  4kzq   6.10  6.32151
242  4kzu   6.50  6.58304
243  4j21   7.41  7.07869
244  4j3l   7.80  7.66099
245  3kr8   8.10  7.12473
246  2ymd   3.16  6.15554
247  2wnc   6.32  7.55788
248  2xys   7.42  7.82215
249  2wn9   8.52  6.79794
250  2x00  11.33  8.75415
251  3ozt   4.13  6.58417
252  3ozs   5.33  6.68636
253  3oe5   6.88  6.81914
254  3oe4   7.47  6.74484
255  3nw9   9.00  7.09414
256  3ao4   2.07  4.66086
257  3zt2   2.84  4.96625
258  3zsx   3.28  5.35868
259  4cig   3.67  5.49634
260  3zso   5.12  6.17404
261  3n7a   3.70  4.36446
262  4ciw   4.82  5.10556
263  3n86   5.64  6.37043
264  3n76   6.85  6.46530
265  2xb8   7.59  6.72574
266  4bkt   3.62  4.62940
267  4w9c   4.65  5.86991
268  4w9l   5.02  7.04125
269  4w9i   5.96  6.20243
270  4w9h   6.73  6.57584
271  3nq9   4.03  3.85144
272  3ueu   5.24  4.92996
273  3uev   5.89  4.96159
274  3uew   6.31  5.18383
275  3uex   6.92  5.64716
276  3lka   2.82  4.70101
277  3ehy   5.85  4.81441
278  3tsk   7.17  6.47767
279  3nx7   8.10  5.77022
280  4gr0   9.55  7.18450
281  3dxg   2.40  3.95662
282  3d6q   3.76  3.36074
283  1w4o   5.22  4.46104
284  1o0h   5.92  4.88816
285  1u1b   7.80  6.19716

Summary of the scoring power: ===================================
The regression equation: logKa = 1.20 + -1.29 * Score
Number of favorable sample (N) = 285
Pearson correlation coefficient (R) = 0.781
Standard deviation in fitting (SD) = 1.36
=================================================================

Template command for running the bootstrap in R program==========

rm(list=ls());
require(boot);
data_all<-read.table("analysis/outputs/scoring/amberopt/dense_CNNaffinity_processed_score",header=FALSE);
aa<-c(1:nrow(data_all));

mycore<-function(x,indices)
{
data_1<-matrix(NA,285,2);
for(i in 1:285)
    {
        data_1[i,1]=data_all[x[indices][i],2];
        data_1[i,2]=data_all[x[indices][i],3];
    }
        data_2<-data.frame(data_1);
        names(data_2)<-c("a","b");
        cor(data_2$a,data_2$b);
};

data.boot<-boot(aa,mycore,R=10000,stype="i",sim="ordinary");
sink("analysis/outputs/scoring/amberopt/dense_CNNaffinity-ci.results");
a<-boot.ci(data.boot,conf=0.9,type=c("bca"));
print(a);
sink();

=================================================================
