     code  logKa    score
1    4llx   2.89  0.84871
2    5c28   5.66  0.47568
3    3uuo   7.96  0.73769
4    3ui7   9.00  0.92674
5    5c2h  11.09  0.98527
6    2v00   3.66  0.71266
7    3wz8   5.82  0.86282
8    3pww   7.32  0.91416
9    3prs   7.82  0.95262
10   3uri   9.00  0.70768
11   4m0z   5.19  0.98411
12   4m0y   6.46  0.92509
13   3qgy   7.80  0.89361
14   4qd6   8.64  0.81377
15   4rfm  10.05  0.97071
16   4cr9   4.10  0.91794
17   4cra   7.22  0.96922
18   4x6p   8.30  0.96504
19   4crc   8.72  0.90592
20   4ty7   9.52  0.91950
21   5aba   2.98  0.80425
22   5a7b   3.57  0.89281
23   4agn   3.97  0.88686
24   4agp   4.69  0.94290
25   4agq   5.01  0.95683
26   3bgz   6.26  0.96305
27   3jya   6.89  0.92617
28   2c3i   7.60  0.88185
29   4k18   8.96  0.80851
30   5dwr  11.22  0.95195
31   3mss   4.66  0.74232
32   3k5v   6.30  0.89688
33   3pyy   6.86  0.71873
34   2v7a   8.30  0.99810
35   4twp  10.00  0.95911
36   3wtj   6.53  0.81794
37   3zdg   7.10  0.93100
38   3u8k   8.66  0.98941
39   4qac   9.40  0.96532
40   3u8n  10.17  0.99536
41   1a30   4.30  0.13739
42   2qnq   6.11  0.97920
43   1g2k   7.96  0.99468
44   1eby   9.70  0.99514
45   3o9i  11.82  0.99506
46   4lzs   4.80  0.97124
47   3u5j   5.61  0.88839
48   4wiv   6.26  0.88223
49   4ogj   6.79  0.73265
50   3p5o   7.30  0.95534
51   1ps3   2.28  0.98709
52   3dx1   3.58  0.94413
53   3d4z   4.89  0.98962
54   3dx2   6.82  0.96725
55   3ejr   8.57  0.78375
56   3l7b   2.40  0.69975
57   4eky   3.52  0.93074
58   3g2n   4.09  0.94605
59   3syr   5.10  0.97031
60   3ebp   5.91  0.55211
61   2w66   4.05  0.96227
62   2w4x   4.85  0.93968
63   2wca   5.60  0.96992
64   2xj7   6.66  0.99230
65   2vvn   7.30  0.98873
66   3aru   3.22  0.93368
67   3arv   5.64  0.88653
68   3ary   6.00  0.91173
69   3arq   6.40  0.84410
70   3arp   7.15  0.87632
71   4ih5   4.11  0.35602
72   4ih7   5.24  0.91999
73   3cj4   6.51  0.86833
74   4eo8   8.15  0.94751
75   3gnw   9.10  0.99209
76   1gpk   5.37  0.87543
77   1gpn   6.48  0.74094
78   1h23   8.35  0.95800
79   1h22   9.10  0.98466
80   1e66   9.89  0.99183
81   3f3a   4.19  0.64009
82   3f3c   6.02  0.36974
83   4mme   6.50  0.92543
84   3f3d   7.16  0.97390
85   3f3e   7.70  0.95013
86   2wbg   4.45  0.99426
87   2cbv   5.48  0.54649
88   2j78   6.42  0.93016
89   2j7h   7.19  0.97730
90   2cet   8.02  0.75692
91   3udh   2.85  0.96865
92   3rsx   4.41  0.88536
93   4djv   6.72  0.97715
94   2vkm   8.74  0.51773
95   4gid  10.77  0.96067
96   4jfs   5.27  0.97668
97   4j28   5.70  0.93391
98   2wvt   6.12  0.96302
99   2xii   7.20  0.96472
100  4pcs   7.85  0.98090
101  3rr4   4.55  0.96219
102  1s38   5.15  0.99614
103  1r5y   6.46  0.99069
104  3gc5   7.26  0.99977
105  3ge7   8.70  0.99939
106  4dli   5.62  0.80307
107  2zb1   6.32  0.90164
108  4f9w   6.94  0.98386
109  3e92   8.00  0.97936
110  3e93   8.85  0.95229
111  4owm   2.96  0.79131
112  3twp   3.92  0.83973
113  3r88   4.82  0.81845
114  4gkm   5.17  0.86859
115  3qqs   5.82  0.83584
116  3gv9   2.12  0.65413
117  3gr2   2.52  0.44025
118  4kz6   3.10  0.64859
119  4jxs   4.74  0.80352
120  2r9w   5.10  0.76820
121  2hb1   3.80  0.64959
122  1bzc   4.92  0.82377
123  2qbr   6.33  0.61887
124  2qbq   7.44  0.55586
125  2qbp   8.40  0.73472
126  1q8t   4.76  0.78299
127  1ydr   5.52  0.91479
128  1q8u   5.96  0.88831
129  1ydt   7.32  0.97304
130  3ag9   8.05  0.68153
131  3fcq   2.77  0.14755
132  1z9g   5.64  0.83527
133  1qf1   7.32  0.98039
134  5tmn   8.04  0.32949
135  4tmn  10.17  0.21057
136  4ddk   2.29  0.90217
137  4ddh   3.32  0.92218
138  3ivg   4.30  0.96993
139  3coz   5.57  0.97772
140  3coy   6.02  0.98987
141  3pxf   4.43  0.48559
142  4eor   6.30  0.96077
143  2xnb   6.83  0.99613
144  1pxn   7.15  0.99386
145  2fvd   8.52  0.99749
146  4k77   6.63  0.84534
147  4e5w   7.66  0.96097
148  4ivb   8.72  0.99441
149  4ivd   9.52  0.98716
150  4ivc  10.00  0.99425
151  4f09   6.70  0.98985
152  4gfm   7.22  0.96137
153  4hge   7.92  0.95779
154  4e6q   8.36  0.96158
155  4jia   9.22  0.70697
156  2brb   4.86  0.82126
157  2br1   5.14  0.73380
158  3jvr   5.72  0.98750
159  3jvs   6.54  0.45058
160  1nvq   8.25  0.99434
161  3acw   4.76  0.74363
162  4ea2   6.44  0.69054
163  2zcr   6.87  0.42857
164  2zy1   7.40  0.92956
165  2zcq   8.82  0.25297
166  1bcu   3.28  0.87329
167  3bv9   5.36  0.69448
168  1oyt   7.24  0.91789
169  2zda   8.40  0.99104
170  3utu  10.92  0.98949
171  3u9q   4.38  0.96142
172  2yfe   6.63  0.95215
173  3fur   8.00  0.96417
174  3b1m   8.48  0.77730
175  2p4y   9.00  0.99402
176  3uo4   6.52  0.93711
177  3up2   7.40  0.98070
178  3e5a   8.23  0.68051
179  2wtv   8.74  0.93814
180  3myg  10.70  0.97338
181  3kgp   2.57  0.94052
182  1c5z   4.01  0.96234
183  1o5b   5.77  0.96922
184  1owh   7.40  0.85887
185  1sqa   9.21  0.86671
186  4jsz   2.30  0.22908
187  3kwa   4.08  0.09437
188  2weg   6.50  0.82313
189  3ryj   7.80  0.55388
190  3dd0   9.00  0.83974
191  2xdl   3.10  0.86260
192  3b27   5.16  0.92977
193  1yc1   6.17  0.89833
194  3rlr   7.52  0.90059
195  2yki   9.46  0.95739
196  1z95   7.12  0.88338
197  3b68   8.40  0.97102
198  3b5r   8.77  0.99408
199  3b65   9.27  0.99627
200  3g0w   9.52  0.97972
201  4u4s   2.92  0.73155
202  1p1q   4.89  0.79583
203  1syi   5.44  0.98374
204  1p1n   6.80  0.70195
205  2al5   8.40  0.98836
206  3g2z   2.36  0.30864
207  3g31   2.89  0.53734
208  4de2   4.12  0.78262
209  4de3   5.52  0.88661
210  4de1   5.96  0.80471
211  1vso   4.72  0.94589
212  4dld   5.82  0.83826
213  3gbb   6.90  0.98730
214  3fv2   8.11  0.92802
215  3fv1   9.30  0.96639
216  4mgd   4.69  0.99465
217  2qe4   7.96  0.94358
218  1qkt   9.04  0.95991
219  2pog   9.54  0.95890
220  2p15  10.30  0.99131
221  2y5h   5.79  0.96241
222  1lpg   7.09  0.85238
223  2xbv   8.43  0.96291
224  1z6e   9.72  0.99683
225  1mq6  11.15  0.99544
226  1nc3   5.00  0.99742
227  1nc1   6.12  0.91028
228  1y6r  10.11  0.99898
229  4f2w  11.30  0.99847
230  4f3c  11.82  0.99835
231  1uto   2.27  0.92617
232  4abg   3.57  0.96756
233  3gy4   5.10  0.93254
234  1k1i   6.58  0.91883
235  1o3f   7.96  0.95902
236  2yge   5.06  0.88967
237  2fxs   6.06  0.85035
238  2iwx   6.68  0.95050
239  2wer   7.05  0.90792
240  2vw5   8.52  0.97291
241  4kzq   6.10  0.87997
242  4kzu   6.50  0.85633
243  4j21   7.41  0.89187
244  4j3l   7.80  0.91028
245  3kr8   8.10  0.96126
246  2ymd   3.16  0.89288
247  2wnc   6.32  0.93806
248  2xys   7.42  0.95536
249  2wn9   8.52  0.81053
250  2x00  11.33  0.92351
251  3ozt   4.13  0.93820
252  3ozs   5.33  0.85613
253  3oe5   6.88  0.90277
254  3oe4   7.47  0.76272
255  3nw9   9.00  0.96356
256  3ao4   2.07  0.71182
257  3zt2   2.84  0.89297
258  3zsx   3.28  0.60096
259  4cig   3.67  0.92541
260  3zso   5.12  0.86348
261  3n7a   3.70  0.97155
262  4ciw   4.82  0.92547
263  3n86   5.64  0.98930
264  3n76   6.85  0.87370
265  2xb8   7.59  0.94020
266  4bkt   3.62  0.88895
267  4w9c   4.65  0.91447
268  4w9l   5.02  0.97090
269  4w9i   5.96  0.97046
270  4w9h   6.73  0.96533
271  3nq9   4.03  0.36583
272  3ueu   5.24  0.72118
273  3uev   5.89  0.89597
274  3uew   6.31  0.60296
275  3uex   6.92  0.83554
276  3lka   2.82  0.21499
277  3ehy   5.85  0.22720
278  3tsk   7.17  0.73793
279  3nx7   8.10  0.73308
280  4gr0   9.55  0.34919
281  3dxg   2.40  0.50557
282  3d6q   3.76  0.28258
283  1w4o   5.22  0.36673
284  1o0h   5.92  0.92659
285  1u1b   7.80  0.87904

Summary of the scoring power: ===================================
The regression equation: logKa = 3.35 + 3.64 * Score
Number of favorable sample (N) = 285
Pearson correlation coefficient (R) = 0.289
Standard deviation in fitting (SD) = 2.08
=================================================================

Template command for running the bootstrap in R program==========

rm(list=ls());
require(boot);
data_all<-read.table("analysis/outputs/scoring/amberopt/redock_default2018_CNNscore_processed_score",header=FALSE);
aa<-c(1:nrow(data_all));

mycore<-function(x,indices)
{
data_1<-matrix(NA,285,2);
for(i in 1:285)
    {
        data_1[i,1]=data_all[x[indices][i],2];
        data_1[i,2]=data_all[x[indices][i],3];
    }
        data_2<-data.frame(data_1);
        names(data_2)<-c("a","b");
        cor(data_2$a,data_2$b);
};

data.boot<-boot(aa,mycore,R=10000,stype="i",sim="ordinary");
sink("analysis/outputs/scoring/amberopt/redock_default2018_CNNscore-ci.results");
a<-boot.ci(data.boot,conf=0.9,type=c("bca"));
print(a);
sink();

=================================================================
