              _             
             (_)            
   __ _ _ __  _ _ __   __ _ 
  / _` | '_ \| | '_ \ / _` |
 | (_| | | | | | | | | (_| |
  \__, |_| |_|_|_| |_|\__,_|
   __/ |                    
  |___/                     

gnina v1.0.1 HEAD:aa41230   Built Aug 25 2021.
gnina is based on smina and AutoDock Vina.
Please cite appropriately.

Commandline: gnina -l ../CASF-2016/coreset/1nvq/1nvq_ligand.mol2 -r ../CASF-2016/coreset/1nvq/1nvq_protein.pdb --autobox_ligand ../CASF-2016/coreset/1nvq/1nvq_ligand.mol2 --score_only --cnn crossdock_default2018_ensemble
## Name gauss(o=0,_w=0.5,_c=8) gauss(o=3,_w=2,_c=8) repulsion(o=0,_c=8) hydrophobic(g=0.5,_b=1.5,_c=8) non_dir_h_bond(g=-0.7,_b=0,_c=8) num_tors_div
Affinity: -13.54733 (kcal/mol)
CNNscore: 0.99497 
CNNaffinity: 8.39721
CNNvariance: 0.01265
Intramolecular energy: -0.30198
Term values, before weighting:
## 1nvq_ligand 110.81683 1896.40112 4.07525 63.85176 4.41865 0.00000
