              _             
             (_)            
   __ _ _ __  _ _ __   __ _ 
  / _` | '_ \| | '_ \ / _` |
 | (_| | | | | | | | | (_| |
  \__, |_| |_|_|_| |_|\__,_|
   __/ |                    
  |___/                     

gnina v1.0.1 HEAD:aa41230   Built Aug 25 2021.
gnina is based on smina and AutoDock Vina.
Please cite appropriately.

Commandline: gnina -l ../CASF-2016/coreset/1uto/1uto_ligand.mol2 -r ../CASF-2016/coreset/1uto/1uto_protein.pdb --autobox_ligand ../CASF-2016/coreset/1uto/1uto_ligand.mol2 --score_only --cnn crossdock_default2018_ensemble
## Name gauss(o=0,_w=0.5,_c=8) gauss(o=3,_w=2,_c=8) repulsion(o=0,_c=8) hydrophobic(g=0.5,_b=1.5,_c=8) non_dir_h_bond(g=-0.7,_b=0,_c=8) num_tors_div
Affinity: -4.29303 (kcal/mol)
CNNscore: 0.93708 
CNNaffinity: 4.72371
CNNvariance: 0.00713
Intramolecular energy: -0.04156
Term values, before weighting:
## 1uto_ligand 41.04997 572.65002 0.76219 6.28351 1.36514 0.00000
