              _             
             (_)            
   __ _ _ __  _ _ __   __ _ 
  / _` | '_ \| | '_ \ / _` |
 | (_| | | | | | | | | (_| |
  \__, |_| |_|_|_| |_|\__,_|
   __/ |                    
  |___/                     

gnina v1.0.1 HEAD:aa41230   Built Aug 25 2021.
gnina is based on smina and AutoDock Vina.
Please cite appropriately.

Commandline: gnina -l ../CASF-2016/coreset/2qbr/2qbr_ligand.mol2 -r ../CASF-2016/coreset/2qbr/2qbr_protein.pdb --autobox_ligand ../CASF-2016/coreset/2qbr/2qbr_ligand.mol2 --score_only --cnn crossdock_default2018_ensemble --seed 42
## Name gauss(o=0,_w=0.5,_c=8) gauss(o=3,_w=2,_c=8) repulsion(o=0,_c=8) hydrophobic(g=0.5,_b=1.5,_c=8) non_dir_h_bond(g=-0.7,_b=0,_c=8) num_tors_div
Affinity: -7.46440 (kcal/mol)
CNNscore: 0.82903 
CNNaffinity: 6.14099
CNNvariance: 0.02722
Intramolecular energy: -0.68047
Term values, before weighting:
## 2qbr_ligand 90.73356 1352.11035 3.85533 36.44566 4.62505 0.00000
