              _             
             (_)            
   __ _ _ __  _ _ __   __ _ 
  / _` | '_ \| | '_ \ / _` |
 | (_| | | | | | | | | (_| |
  \__, |_| |_|_|_| |_|\__,_|
   __/ |                    
  |___/                     

gnina v1.0.1 HEAD:aa41230   Built Aug 25 2021.
gnina is based on smina and AutoDock Vina.
Please cite appropriately.

Commandline: gnina -l ../CASF-2016/coreset/2zb1/2zb1_ligand.mol2 -r ../CASF-2016/coreset/2zb1/2zb1_protein.pdb --autobox_ligand ../CASF-2016/coreset/2zb1/2zb1_ligand.mol2 --score_only --cnn crossdock_default2018_ensemble
## Name gauss(o=0,_w=0.5,_c=8) gauss(o=3,_w=2,_c=8) repulsion(o=0,_c=8) hydrophobic(g=0.5,_b=1.5,_c=8) non_dir_h_bond(g=-0.7,_b=0,_c=8) num_tors_div
Affinity: -10.53071 (kcal/mol)
CNNscore: 0.88643 
CNNaffinity: 7.05899
CNNvariance: 0.01963
Intramolecular energy: -0.85422
Term values, before weighting:
## 2zb1_ligand 91.01265 1578.21643 2.61907 83.11040 2.58661 0.00000
