              _             
             (_)            
   __ _ _ __  _ _ __   __ _ 
  / _` | '_ \| | '_ \ / _` |
 | (_| | | | | | | | | (_| |
  \__, |_| |_|_|_| |_|\__,_|
   __/ |                    
  |___/                     

gnina v1.0.1 HEAD:aa41230   Built Aug 25 2021.
gnina is based on smina and AutoDock Vina.
Please cite appropriately.

Commandline: gnina -l ../CASF-2016/coreset/3bgz/3bgz_ligand.mol2 -r ../CASF-2016/coreset/3bgz/3bgz_protein.pdb --autobox_ligand ../CASF-2016/coreset/3bgz/3bgz_ligand.mol2 --score_only --cnn crossdock_default2018_ensemble
## Name gauss(o=0,_w=0.5,_c=8) gauss(o=3,_w=2,_c=8) repulsion(o=0,_c=8) hydrophobic(g=0.5,_b=1.5,_c=8) non_dir_h_bond(g=-0.7,_b=0,_c=8) num_tors_div
Affinity: -10.53186 (kcal/mol)
CNNscore: 0.95845 
CNNaffinity: 7.09671
CNNvariance: 0.02800
Intramolecular energy: -0.52664
Term values, before weighting:
## 3bgz_ligand 71.44779 1334.54480 1.63859 94.09888 1.75822 0.00000
