              _             
             (_)            
   __ _ _ __  _ _ __   __ _ 
  / _` | '_ \| | '_ \ / _` |
 | (_| | | | | | | | | (_| |
  \__, |_| |_|_|_| |_|\__,_|
   __/ |                    
  |___/                     

gnina v1.0.1 HEAD:aa41230   Built Aug 25 2021.
gnina is based on smina and AutoDock Vina.
Please cite appropriately.

Commandline: gnina -l ../CASF-2016/coreset/3f3a/3f3a_ligand.mol2 -r ../CASF-2016/coreset/3f3a/3f3a_protein.pdb --autobox_ligand ../CASF-2016/coreset/3f3a/3f3a_ligand.mol2 --score_only --cnn crossdock_default2018_ensemble
## Name gauss(o=0,_w=0.5,_c=8) gauss(o=3,_w=2,_c=8) repulsion(o=0,_c=8) hydrophobic(g=0.5,_b=1.5,_c=8) non_dir_h_bond(g=-0.7,_b=0,_c=8) num_tors_div
Affinity: -6.95068 (kcal/mol)
CNNscore: 0.76838 
CNNaffinity: 5.70782
CNNvariance: 0.03318
Intramolecular energy: -0.21765
Term values, before weighting:
## 3f3a_ligand 88.48770 1065.40466 5.98619 43.76067 5.14632 0.00000
