              _             
             (_)            
   __ _ _ __  _ _ __   __ _ 
  / _` | '_ \| | '_ \ / _` |
 | (_| | | | | | | | | (_| |
  \__, |_| |_|_|_| |_|\__,_|
   __/ |                    
  |___/                     

gnina v1.0.1 HEAD:aa41230   Built Aug 25 2021.
gnina is based on smina and AutoDock Vina.
Please cite appropriately.

Commandline: gnina -l ../CASF-2016/coreset/3g0w/3g0w_ligand.mol2 -r ../CASF-2016/coreset/3g0w/3g0w_protein.pdb --autobox_ligand ../CASF-2016/coreset/3g0w/3g0w_ligand.mol2 --score_only --cnn crossdock_default2018_ensemble --seed 42
## Name gauss(o=0,_w=0.5,_c=8) gauss(o=3,_w=2,_c=8) repulsion(o=0,_c=8) hydrophobic(g=0.5,_b=1.5,_c=8) non_dir_h_bond(g=-0.7,_b=0,_c=8) num_tors_div
Affinity: -10.34908 (kcal/mol)
CNNscore: 0.99354 
CNNaffinity: 7.92298
CNNvariance: 0.03542
Intramolecular energy: -0.18669
Term values, before weighting:
## 3g0w_ligand 95.37627 1580.45703 2.57867 47.32699 1.92170 0.00000
