              _             
             (_)            
   __ _ _ __  _ _ __   __ _ 
  / _` | '_ \| | '_ \ / _` |
 | (_| | | | | | | | | (_| |
  \__, |_| |_|_|_| |_|\__,_|
   __/ |                    
  |___/                     

gnina v1.0.1 HEAD:aa41230   Built Aug 25 2021.
gnina is based on smina and AutoDock Vina.
Please cite appropriately.

Commandline: gnina -l ../CASF-2016/coreset/3gbb/3gbb_ligand.mol2 -r ../CASF-2016/coreset/3gbb/3gbb_protein.pdb --autobox_ligand ../CASF-2016/coreset/3gbb/3gbb_ligand.mol2 --score_only --cnn crossdock_default2018_ensemble
## Name gauss(o=0,_w=0.5,_c=8) gauss(o=3,_w=2,_c=8) repulsion(o=0,_c=8) hydrophobic(g=0.5,_b=1.5,_c=8) non_dir_h_bond(g=-0.7,_b=0,_c=8) num_tors_div
Affinity: -8.49080 (kcal/mol)
CNNscore: 0.96164 
CNNaffinity: 6.15760
CNNvariance: 0.06595
Intramolecular energy: -0.54832
Term values, before weighting:
## 3gbb_ligand 99.98894 1164.35754 5.53491 18.08018 8.39572 0.00000
