              _             
             (_)            
   __ _ _ __  _ _ __   __ _ 
  / _` | '_ \| | '_ \ / _` |
 | (_| | | | | | | | | (_| |
  \__, |_| |_|_|_| |_|\__,_|
   __/ |                    
  |___/                     

gnina v1.0.1 HEAD:aa41230   Built Aug 25 2021.
gnina is based on smina and AutoDock Vina.
Please cite appropriately.

Commandline: gnina -l ../CASF-2016/coreset/3jvs/3jvs_ligand.mol2 -r ../CASF-2016/coreset/3jvs/3jvs_protein.pdb --autobox_ligand ../CASF-2016/coreset/3jvs/3jvs_ligand.mol2 --score_only --cnn crossdock_default2018_ensemble --seed 42
## Name gauss(o=0,_w=0.5,_c=8) gauss(o=3,_w=2,_c=8) repulsion(o=0,_c=8) hydrophobic(g=0.5,_b=1.5,_c=8) non_dir_h_bond(g=-0.7,_b=0,_c=8) num_tors_div
Affinity: -7.51866 (kcal/mol)
CNNscore: 0.52697 
CNNaffinity: 5.61492
CNNvariance: 0.02298
Intramolecular energy: -0.12712
Term values, before weighting:
## 3jvs_ligand 103.13017 1119.58386 3.46360 54.32662 2.17808 0.00000
