              _             
             (_)            
   __ _ _ __  _ _ __   __ _ 
  / _` | '_ \| | '_ \ / _` |
 | (_| | | | | | | | | (_| |
  \__, |_| |_|_|_| |_|\__,_|
   __/ |                    
  |___/                     

gnina v1.0.1 HEAD:aa41230   Built Aug 25 2021.
gnina is based on smina and AutoDock Vina.
Please cite appropriately.

Commandline: gnina -l ../CASF-2016/coreset/3rr4/3rr4_ligand.mol2 -r ../CASF-2016/coreset/3rr4/3rr4_protein.pdb --autobox_ligand ../CASF-2016/coreset/3rr4/3rr4_ligand.mol2 --score_only --cnn crossdock_default2018_ensemble
## Name gauss(o=0,_w=0.5,_c=8) gauss(o=3,_w=2,_c=8) repulsion(o=0,_c=8) hydrophobic(g=0.5,_b=1.5,_c=8) non_dir_h_bond(g=-0.7,_b=0,_c=8) num_tors_div
Affinity: -6.97164 (kcal/mol)
CNNscore: 0.97433 
CNNaffinity: 6.59954
CNNvariance: 0.03434
Intramolecular energy: -0.10096
Term values, before weighting:
## 3rr4_ligand 106.77296 1015.35681 5.49715 14.67164 4.86371 0.00000
