              _             
             (_)            
   __ _ _ __  _ _ __   __ _ 
  / _` | '_ \| | '_ \ / _` |
 | (_| | | | | | | | | (_| |
  \__, |_| |_|_|_| |_|\__,_|
   __/ |                    
  |___/                     

gnina v1.0.1 HEAD:aa41230   Built Aug 25 2021.
gnina is based on smina and AutoDock Vina.
Please cite appropriately.

Commandline: gnina -l ../CASF-2016/coreset/4agq/4agq_ligand.mol2 -r ../CASF-2016/coreset/4agq/4agq_protein.pdb --autobox_ligand ../CASF-2016/coreset/4agq/4agq_ligand.mol2 --score_only --cnn crossdock_default2018_ensemble --seed 42
## Name gauss(o=0,_w=0.5,_c=8) gauss(o=3,_w=2,_c=8) repulsion(o=0,_c=8) hydrophobic(g=0.5,_b=1.5,_c=8) non_dir_h_bond(g=-0.7,_b=0,_c=8) num_tors_div
Affinity: -6.46334 (kcal/mol)
CNNscore: 0.89977 
CNNaffinity: 6.34006
CNNvariance: 0.04606
Intramolecular energy: -0.80261
Term values, before weighting:
## 4agq_ligand 102.19201 1163.54163 1.72488 40.88222 0.41617 0.00000
