              _             
             (_)            
   __ _ _ __  _ _ __   __ _ 
  / _` | '_ \| | '_ \ / _` |
 | (_| | | | | | | | | (_| |
  \__, |_| |_|_|_| |_|\__,_|
   __/ |                    
  |___/                     

gnina v1.0.1 HEAD:aa41230   Built Aug 25 2021.
gnina is based on smina and AutoDock Vina.
Please cite appropriately.

Commandline: gnina -l ../CASF-2016/coreset/4w9i/4w9i_ligand.mol2 -r ../CASF-2016/coreset/4w9i/4w9i_protein.pdb --autobox_ligand ../CASF-2016/coreset/4w9i/4w9i_ligand.mol2 --score_only --cnn crossdock_default2018_ensemble --seed 42
## Name gauss(o=0,_w=0.5,_c=8) gauss(o=3,_w=2,_c=8) repulsion(o=0,_c=8) hydrophobic(g=0.5,_b=1.5,_c=8) non_dir_h_bond(g=-0.7,_b=0,_c=8) num_tors_div
Affinity: -8.51793 (kcal/mol)
CNNscore: 0.95042 
CNNaffinity: 6.64762
CNNvariance: 0.00338
Intramolecular energy: -0.18052
Term values, before weighting:
## 4w9i_ligand 98.82609 1375.25195 3.85038 36.67892 4.00000 0.00000
