              _             
             (_)            
   __ _ _ __  _ _ __   __ _ 
  / _` | '_ \| | '_ \ / _` |
 | (_| | | | | | | | | (_| |
  \__, |_| |_|_|_| |_|\__,_|
   __/ |                    
  |___/                     

gnina v1.0.1 HEAD:aa41230   Built Aug 25 2021.
gnina is based on smina and AutoDock Vina.
Please cite appropriately.

Commandline: gnina -l ../CASF-2016/coreset/5c2h/5c2h_ligand.mol2 -r ../CASF-2016/coreset/5c2h/5c2h_protein.pdb --autobox_ligand ../CASF-2016/coreset/5c2h/5c2h_ligand.mol2 --score_only --cnn crossdock_default2018_ensemble
## Name gauss(o=0,_w=0.5,_c=8) gauss(o=3,_w=2,_c=8) repulsion(o=0,_c=8) hydrophobic(g=0.5,_b=1.5,_c=8) non_dir_h_bond(g=-0.7,_b=0,_c=8) num_tors_div
Affinity: -9.61533 (kcal/mol)
CNNscore: 0.95364 
CNNaffinity: 7.55152
CNNvariance: 0.01591
Intramolecular energy: -0.30157
Term values, before weighting:
## 5c2h_ligand 135.32133 1718.69385 2.77262 59.21603 1.17303 0.00000
