              _             
             (_)            
   __ _ _ __  _ _ __   __ _ 
  / _` | '_ \| | '_ \ / _` |
 | (_| | | | | | | | | (_| |
  \__, |_| |_|_|_| |_|\__,_|
   __/ |                    
  |___/                     

gnina v1.0.1 HEAD:aa41230   Built Aug 25 2021.
gnina is based on smina and AutoDock Vina.
Please cite appropriately.

Commandline: gnina -l ../CASF-2016/coreset/2brb/2brb_ligand.mol2 -r ../CASF-2016/coreset/2brb/2brb_protein.pdb --autobox_ligand ../CASF-2016/coreset/2brb/2brb_ligand.mol2 --score_only --cnn redock_default2018_ensemble
## Name gauss(o=0,_w=0.5,_c=8) gauss(o=3,_w=2,_c=8) repulsion(o=0,_c=8) hydrophobic(g=0.5,_b=1.5,_c=8) non_dir_h_bond(g=-0.7,_b=0,_c=8) num_tors_div
Affinity: -7.70226 (kcal/mol)
CNNscore: 0.83290 
CNNaffinity: 6.44149
CNNvariance: 0.00893
Intramolecular energy: -1.13565
Term values, before weighting:
## 2brb_ligand 75.47178 1278.45776 1.42538 45.03732 0.50209 0.00000
