              _             
             (_)            
   __ _ _ __  _ _ __   __ _ 
  / _` | '_ \| | '_ \ / _` |
 | (_| | | | | | | | | (_| |
  \__, |_| |_|_|_| |_|\__,_|
   __/ |                    
  |___/                     

gnina v1.0.1 HEAD:aa41230   Built Aug 25 2021.
gnina is based on smina and AutoDock Vina.
Please cite appropriately.

Commandline: gnina -l ../CASF-2016/coreset/2p4y/2p4y_ligand.mol2 -r ../CASF-2016/coreset/2p4y/2p4y_protein.pdb --autobox_ligand ../CASF-2016/coreset/2p4y/2p4y_ligand.mol2 --score_only --cnn redock_default2018_ensemble
## Name gauss(o=0,_w=0.5,_c=8) gauss(o=3,_w=2,_c=8) repulsion(o=0,_c=8) hydrophobic(g=0.5,_b=1.5,_c=8) non_dir_h_bond(g=-0.7,_b=0,_c=8) num_tors_div
Affinity: -10.83614 (kcal/mol)
CNNscore: 0.98405 
CNNaffinity: 8.55553
CNNvariance: 0.02063
Intramolecular energy: -1.85958
Term values, before weighting:
## 2p4y_ligand 117.77888 2278.43506 2.92547 64.86994 1.33219 0.00000
