              _             
             (_)            
   __ _ _ __  _ _ __   __ _ 
  / _` | '_ \| | '_ \ / _` |
 | (_| | | | | | | | | (_| |
  \__, |_| |_|_|_| |_|\__,_|
   __/ |                    
  |___/                     

gnina v1.0.1 HEAD:aa41230   Built Aug 25 2021.
gnina is based on smina and AutoDock Vina.
Please cite appropriately.

Commandline: gnina -l ../CASF-2016/coreset/2y5h/2y5h_ligand.mol2 -r ../CASF-2016/coreset/2y5h/2y5h_protein.pdb --autobox_ligand ../CASF-2016/coreset/2y5h/2y5h_ligand.mol2 --score_only --cnn redock_default2018_ensemble
## Name gauss(o=0,_w=0.5,_c=8) gauss(o=3,_w=2,_c=8) repulsion(o=0,_c=8) hydrophobic(g=0.5,_b=1.5,_c=8) non_dir_h_bond(g=-0.7,_b=0,_c=8) num_tors_div
Affinity: -7.65076 (kcal/mol)
CNNscore: 0.94786 
CNNaffinity: 7.09251
CNNvariance: 0.01548
Intramolecular energy: -0.42702
Term values, before weighting:
## 2y5h_ligand 109.77418 1467.46399 2.31741 17.11122 0.35674 0.00000
