              _             
             (_)            
   __ _ _ __  _ _ __   __ _ 
  / _` | '_ \| | '_ \ / _` |
 | (_| | | | | | | | | (_| |
  \__, |_| |_|_|_| |_|\__,_|
   __/ |                    
  |___/                     

gnina v1.0.1 HEAD:aa41230   Built Aug 25 2021.
gnina is based on smina and AutoDock Vina.
Please cite appropriately.

Commandline: gnina -l ../CASF-2016/coreset/3aru/3aru_ligand.mol2 -r ../CASF-2016/coreset/3aru/3aru_protein.pdb --autobox_ligand ../CASF-2016/coreset/3aru/3aru_ligand.mol2 --score_only --cnn redock_default2018_ensemble --seed 42
## Name gauss(o=0,_w=0.5,_c=8) gauss(o=3,_w=2,_c=8) repulsion(o=0,_c=8) hydrophobic(g=0.5,_b=1.5,_c=8) non_dir_h_bond(g=-0.7,_b=0,_c=8) num_tors_div
Affinity: -5.52481 (kcal/mol)
CNNscore: 0.93512 
CNNaffinity: 5.07891
CNNvariance: 0.02541
Intramolecular energy: -0.25635
Term values, before weighting:
## 3aru_ligand 80.33849 885.22302 1.59935 18.79254 0.68423 0.00000
