              _             
             (_)            
   __ _ _ __  _ _ __   __ _ 
  / _` | '_ \| | '_ \ / _` |
 | (_| | | | | | | | | (_| |
  \__, |_| |_|_|_| |_|\__,_|
   __/ |                    
  |___/                     

gnina v1.0.1 HEAD:aa41230   Built Aug 25 2021.
gnina is based on smina and AutoDock Vina.
Please cite appropriately.

Commandline: gnina -l ../CASF-2016/coreset/3ge7/3ge7_ligand.mol2 -r ../CASF-2016/coreset/3ge7/3ge7_protein.pdb --autobox_ligand ../CASF-2016/coreset/3ge7/3ge7_ligand.mol2 --score_only --cnn redock_default2018_ensemble
## Name gauss(o=0,_w=0.5,_c=8) gauss(o=3,_w=2,_c=8) repulsion(o=0,_c=8) hydrophobic(g=0.5,_b=1.5,_c=8) non_dir_h_bond(g=-0.7,_b=0,_c=8) num_tors_div
Affinity: -9.92114 (kcal/mol)
CNNscore: 0.99807 
CNNaffinity: 7.73338
CNNvariance: 0.00379
Intramolecular energy: -0.52741
Term values, before weighting:
## 3ge7_ligand 148.11697 1508.95288 6.92746 37.18303 8.28653 0.00000
