              _             
             (_)            
   __ _ _ __  _ _ __   __ _ 
  / _` | '_ \| | '_ \ / _` |
 | (_| | | | | | | | | (_| |
  \__, |_| |_|_|_| |_|\__,_|
   __/ |                    
  |___/                     

gnina v1.0.1 HEAD:aa41230   Built Aug 25 2021.
gnina is based on smina and AutoDock Vina.
Please cite appropriately.

Commandline: gnina -l ../CASF-2016/coreset/3kwa/3kwa_ligand.mol2 -r ../CASF-2016/coreset/3kwa/3kwa_protein.pdb --autobox_ligand ../CASF-2016/coreset/3kwa/3kwa_ligand.mol2 --score_only --cnn redock_default2018_ensemble --seed 42
## Name gauss(o=0,_w=0.5,_c=8) gauss(o=3,_w=2,_c=8) repulsion(o=0,_c=8) hydrophobic(g=0.5,_b=1.5,_c=8) non_dir_h_bond(g=-0.7,_b=0,_c=8) num_tors_div
Affinity: -2.63606 (kcal/mol)
CNNscore: 0.12346 
CNNaffinity: 4.68573
CNNvariance: 0.00653
Intramolecular energy: 4.64997
Term values, before weighting:
## 3kwa_ligand 53.14710 854.26031 4.36198 16.34963 1.91931 0.00000
