              _             
             (_)            
   __ _ _ __  _ _ __   __ _ 
  / _` | '_ \| | '_ \ / _` |
 | (_| | | | | | | | | (_| |
  \__, |_| |_|_|_| |_|\__,_|
   __/ |                    
  |___/                     

gnina v1.0.1 HEAD:aa41230   Built Aug 25 2021.
gnina is based on smina and AutoDock Vina.
Please cite appropriately.

Commandline: gnina -l ../CASF-2016/coreset/3twp/3twp_ligand.mol2 -r ../CASF-2016/coreset/3twp/3twp_protein.pdb --autobox_ligand ../CASF-2016/coreset/3twp/3twp_ligand.mol2 --score_only --cnn redock_default2018_ensemble --seed 42
## Name gauss(o=0,_w=0.5,_c=8) gauss(o=3,_w=2,_c=8) repulsion(o=0,_c=8) hydrophobic(g=0.5,_b=1.5,_c=8) non_dir_h_bond(g=-0.7,_b=0,_c=8) num_tors_div
Affinity: -4.48887 (kcal/mol)
CNNscore: 0.78055 
CNNaffinity: 3.44564
CNNvariance: 0.01297
Intramolecular energy: 0.36603
Term values, before weighting:
## 3twp_ligand 36.85388 532.66052 0.90904 21.28170 1.21060 0.00000
