              _             
             (_)            
   __ _ _ __  _ _ __   __ _ 
  / _` | '_ \| | '_ \ / _` |
 | (_| | | | | | | | | (_| |
  \__, |_| |_|_|_| |_|\__,_|
   __/ |                    
  |___/                     

gnina v1.0.1 HEAD:aa41230   Built Aug 25 2021.
gnina is based on smina and AutoDock Vina.
Please cite appropriately.

Commandline: gnina -l ../CASF-2016/coreset/3u8k/3u8k_ligand.mol2 -r ../CASF-2016/coreset/3u8k/3u8k_protein.pdb --autobox_ligand ../CASF-2016/coreset/3u8k/3u8k_ligand.mol2 --score_only --cnn redock_default2018_ensemble --seed 42
## Name gauss(o=0,_w=0.5,_c=8) gauss(o=3,_w=2,_c=8) repulsion(o=0,_c=8) hydrophobic(g=0.5,_b=1.5,_c=8) non_dir_h_bond(g=-0.7,_b=0,_c=8) num_tors_div
Affinity: -6.53429 (kcal/mol)
CNNscore: 0.97628 
CNNaffinity: 6.53457
CNNvariance: 0.01421
Intramolecular energy: -0.19371
Term values, before weighting:
## 3u8k_ligand 78.59855 1036.43066 2.43824 12.98878 1.92905 0.00000
