              _             
             (_)            
   __ _ _ __  _ _ __   __ _ 
  / _` | '_ \| | '_ \ / _` |
 | (_| | | | | | | | | (_| |
  \__, |_| |_|_|_| |_|\__,_|
   __/ |                    
  |___/                     

gnina v1.0.1 HEAD:aa41230   Built Aug 25 2021.
gnina is based on smina and AutoDock Vina.
Please cite appropriately.

Commandline: gnina -l ../CASF-2016/coreset/3uo4/3uo4_ligand.mol2 -r ../CASF-2016/coreset/3uo4/3uo4_protein.pdb --autobox_ligand ../CASF-2016/coreset/3uo4/3uo4_ligand.mol2 --score_only --cnn redock_default2018_ensemble
## Name gauss(o=0,_w=0.5,_c=8) gauss(o=3,_w=2,_c=8) repulsion(o=0,_c=8) hydrophobic(g=0.5,_b=1.5,_c=8) non_dir_h_bond(g=-0.7,_b=0,_c=8) num_tors_div
Affinity: -8.96708 (kcal/mol)
CNNscore: 0.80423 
CNNaffinity: 7.10771
CNNvariance: 0.03738
Intramolecular energy: -0.66747
Term values, before weighting:
## 3uo4_ligand 98.95350 1512.38672 4.70578 53.70682 4.87599 0.00000
