              _             
             (_)            
   __ _ _ __  _ _ __   __ _ 
  / _` | '_ \| | '_ \ / _` |
 | (_| | | | | | | | | (_| |
  \__, |_| |_|_|_| |_|\__,_|
   __/ |                    
  |___/                     

gnina v1.0.1 HEAD:aa41230   Built Aug 25 2021.
gnina is based on smina and AutoDock Vina.
Please cite appropriately.

Commandline: gnina -l ../CASF-2016/coreset/3utu/3utu_ligand.mol2 -r ../CASF-2016/coreset/3utu/3utu_protein.pdb --autobox_ligand ../CASF-2016/coreset/3utu/3utu_ligand.mol2 --score_only --cnn redock_default2018_ensemble
## Name gauss(o=0,_w=0.5,_c=8) gauss(o=3,_w=2,_c=8) repulsion(o=0,_c=8) hydrophobic(g=0.5,_b=1.5,_c=8) non_dir_h_bond(g=-0.7,_b=0,_c=8) num_tors_div
Affinity: -9.76865 (kcal/mol)
CNNscore: 0.99104 
CNNaffinity: 8.45728
CNNvariance: 0.05672
Intramolecular energy: -2.54686
Term values, before weighting:
## 3utu_ligand 166.87921 2048.28101 3.80479 48.66925 4.69078 0.00000
