              _             
             (_)            
   __ _ _ __  _ _ __   __ _ 
  / _` | '_ \| | '_ \ / _` |
 | (_| | | | | | | | | (_| |
  \__, |_| |_|_|_| |_|\__,_|
   __/ |                    
  |___/                     

gnina v1.0.1 HEAD:aa41230   Built Aug 25 2021.
gnina is based on smina and AutoDock Vina.
Please cite appropriately.

Commandline: gnina -l ../CASF-2016/coreset/3wtj/3wtj_ligand.mol2 -r ../CASF-2016/coreset/3wtj/3wtj_protein.pdb --autobox_ligand ../CASF-2016/coreset/3wtj/3wtj_ligand.mol2 --score_only --cnn redock_default2018_ensemble
## Name gauss(o=0,_w=0.5,_c=8) gauss(o=3,_w=2,_c=8) repulsion(o=0,_c=8) hydrophobic(g=0.5,_b=1.5,_c=8) non_dir_h_bond(g=-0.7,_b=0,_c=8) num_tors_div
Affinity: -6.33073 (kcal/mol)
CNNscore: 0.84871 
CNNaffinity: 6.42294
CNNvariance: 0.02468
Intramolecular energy: -0.32805
Term values, before weighting:
## 3wtj_ligand 86.72475 1099.42212 2.86246 12.67274 1.10235 0.00000
