              _             
             (_)            
   __ _ _ __  _ _ __   __ _ 
  / _` | '_ \| | '_ \ / _` |
 | (_| | | | | | | | | (_| |
  \__, |_| |_|_|_| |_|\__,_|
   __/ |                    
  |___/                     

gnina v1.0.1 HEAD:aa41230   Built Aug 25 2021.
gnina is based on smina and AutoDock Vina.
Please cite appropriately.

Commandline: gnina -l ../CASF-2016/coreset/4ih5/4ih5_ligand.mol2 -r ../CASF-2016/coreset/4ih5/4ih5_protein.pdb --autobox_ligand ../CASF-2016/coreset/4ih5/4ih5_ligand.mol2 --score_only --cnn redock_default2018_ensemble
## Name gauss(o=0,_w=0.5,_c=8) gauss(o=3,_w=2,_c=8) repulsion(o=0,_c=8) hydrophobic(g=0.5,_b=1.5,_c=8) non_dir_h_bond(g=-0.7,_b=0,_c=8) num_tors_div
Affinity: -5.26630 (kcal/mol)
CNNscore: 0.41429 
CNNaffinity: 5.28315
CNNvariance: 0.01400
Intramolecular energy: -0.11446
Term values, before weighting:
## 4ih5_ligand 49.78003 949.74902 1.35333 17.72093 0.06392 0.00000
