              _             
             (_)            
   __ _ _ __  _ _ __   __ _ 
  / _` | '_ \| | '_ \ / _` |
 | (_| | | | | | | | | (_| |
  \__, |_| |_|_|_| |_|\__,_|
   __/ |                    
  |___/                     

gnina v1.0.1 HEAD:aa41230   Built Aug 25 2021.
gnina is based on smina and AutoDock Vina.
Please cite appropriately.

Commandline: gnina -l ../CASF-2016/coreset/4j28/4j28_ligand.mol2 -r ../CASF-2016/coreset/4j28/4j28_protein.pdb --autobox_ligand ../CASF-2016/coreset/4j28/4j28_ligand.mol2 --score_only --cnn redock_default2018_ensemble
## Name gauss(o=0,_w=0.5,_c=8) gauss(o=3,_w=2,_c=8) repulsion(o=0,_c=8) hydrophobic(g=0.5,_b=1.5,_c=8) non_dir_h_bond(g=-0.7,_b=0,_c=8) num_tors_div
Affinity: -6.44349 (kcal/mol)
CNNscore: 0.96897 
CNNaffinity: 5.79913
CNNvariance: 0.00738
Intramolecular energy: -0.26666
Term values, before weighting:
## 4j28_ligand 68.21506 843.72705 4.25117 19.55335 4.98640 0.00000
