              _             
             (_)            
   __ _ _ __  _ _ __   __ _ 
  / _` | '_ \| | '_ \ / _` |
 | (_| | | | | | | | | (_| |
  \__, |_| |_|_|_| |_|\__,_|
   __/ |                    
  |___/                     

gnina v1.0.1 HEAD:aa41230   Built Aug 25 2021.
gnina is based on smina and AutoDock Vina.
Please cite appropriately.

Commandline: gnina -l ../CASF-2016/coreset/4w9l/4w9l_ligand.mol2 -r ../CASF-2016/coreset/4w9l/4w9l_protein.pdb --autobox_ligand ../CASF-2016/coreset/4w9l/4w9l_ligand.mol2 --score_only --cnn redock_default2018_ensemble
## Name gauss(o=0,_w=0.5,_c=8) gauss(o=3,_w=2,_c=8) repulsion(o=0,_c=8) hydrophobic(g=0.5,_b=1.5,_c=8) non_dir_h_bond(g=-0.7,_b=0,_c=8) num_tors_div
Affinity: -8.14309 (kcal/mol)
CNNscore: 0.94372 
CNNaffinity: 7.02067
CNNvariance: 0.06245
Intramolecular energy: -1.23459
Term values, before weighting:
## 4w9l_ligand 118.53897 1633.83997 5.59417 56.54182 5.07208 0.00000
