              _             
             (_)            
   __ _ _ __  _ _ __   __ _ 
  / _` | '_ \| | '_ \ / _` |
 | (_| | | | | | | | | (_| |
  \__, |_| |_|_|_| |_|\__,_|
   __/ |                    
  |___/                     

gnina v1.0.1 HEAD:aa41230   Built Aug 25 2021.
gnina is based on smina and AutoDock Vina.
Please cite appropriately.

Commandline: gnina -l ../CASF-2016/coreset/5tmn/5tmn_ligand.mol2 -r ../CASF-2016/coreset/5tmn/5tmn_protein.pdb --autobox_ligand ../CASF-2016/coreset/5tmn/5tmn_ligand.mol2 --score_only --cnn redock_default2018_ensemble --seed 42
## Name gauss(o=0,_w=0.5,_c=8) gauss(o=3,_w=2,_c=8) repulsion(o=0,_c=8) hydrophobic(g=0.5,_b=1.5,_c=8) non_dir_h_bond(g=-0.7,_b=0,_c=8) num_tors_div
Affinity: -7.20791 (kcal/mol)
CNNscore: 0.92969 
CNNaffinity: 6.46488
CNNvariance: 0.04332
Intramolecular energy: -1.22167
Term values, before weighting:
## 5tmn_ligand 102.12550 1578.93823 3.85651 43.01731 5.21659 0.00000
