              _             
             (_)            
   __ _ _ __  _ _ __   __ _ 
  / _` | '_ \| | '_ \ / _` |
 | (_| | | | | | | | | (_| |
  \__, |_| |_|_|_| |_|\__,_|
   __/ |                    
  |___/                     

gnina v1.0.1 HEAD:aa41230   Built Aug 25 2021.
gnina is based on smina and AutoDock Vina.
Please cite appropriately.

Commandline: gnina -l ../CASF-2016/coreset/1z95/1z95_ligand_opt.mol2 -r ../CASF-2016/coreset/1z95/1z95_protein.pdb --autobox_ligand ../CASF-2016/coreset/1z95/1z95_ligand_opt.mol2 --score_only --cnn redock_default2018_ensemble --seed 42
## Name gauss(o=0,_w=0.5,_c=8) gauss(o=3,_w=2,_c=8) repulsion(o=0,_c=8) hydrophobic(g=0.5,_b=1.5,_c=8) non_dir_h_bond(g=-0.7,_b=0,_c=8) num_tors_div
Affinity: -9.91428 (kcal/mol)
CNNscore: 0.88338 
CNNaffinity: 7.32389
CNNvariance: 0.04406
Intramolecular energy: -0.62327
Term values, before weighting:
## 1z95_ligand 106.60714 1882.69275 4.36060 55.43995 3.72977 0.00000
