              _             
             (_)            
   __ _ _ __  _ _ __   __ _ 
  / _` | '_ \| | '_ \ / _` |
 | (_| | | | | | | | | (_| |
  \__, |_| |_|_|_| |_|\__,_|
   __/ |                    
  |___/                     

gnina v1.0.1 HEAD:aa41230   Built Aug 25 2021.
gnina is based on smina and AutoDock Vina.
Please cite appropriately.

Commandline: gnina -l ../CASF-2016/coreset/2al5/2al5_ligand_opt.mol2 -r ../CASF-2016/coreset/2al5/2al5_protein.pdb --autobox_ligand ../CASF-2016/coreset/2al5/2al5_ligand_opt.mol2 --score_only --cnn redock_default2018_ensemble --seed 42
## Name gauss(o=0,_w=0.5,_c=8) gauss(o=3,_w=2,_c=8) repulsion(o=0,_c=8) hydrophobic(g=0.5,_b=1.5,_c=8) non_dir_h_bond(g=-0.7,_b=0,_c=8) num_tors_div
Affinity: -8.25168 (kcal/mol)
CNNscore: 0.98836 
CNNaffinity: 6.03860
CNNvariance: 0.04105
Intramolecular energy: -0.11353
Term values, before weighting:
## 2al5_ligand 102.29037 1029.55029 6.43758 2.64632 10.32866 0.00000
