              _             
             (_)            
   __ _ _ __  _ _ __   __ _ 
  / _` | '_ \| | '_ \ / _` |
 | (_| | | | | | | | | (_| |
  \__, |_| |_|_|_| |_|\__,_|
   __/ |                    
  |___/                     

gnina v1.0.1 HEAD:aa41230   Built Aug 25 2021.
gnina is based on smina and AutoDock Vina.
Please cite appropriately.

Commandline: gnina -l ../CASF-2016/coreset/3n76/3n76_ligand_opt.mol2 -r ../CASF-2016/coreset/3n76/3n76_protein.pdb --autobox_ligand ../CASF-2016/coreset/3n76/3n76_ligand_opt.mol2 --score_only --cnn redock_default2018_ensemble --seed 42
## Name gauss(o=0,_w=0.5,_c=8) gauss(o=3,_w=2,_c=8) repulsion(o=0,_c=8) hydrophobic(g=0.5,_b=1.5,_c=8) non_dir_h_bond(g=-0.7,_b=0,_c=8) num_tors_div
Affinity: -10.80817 (kcal/mol)
CNNscore: 0.87370 
CNNaffinity: 6.19845
CNNvariance: 0.03795
Intramolecular energy: -0.47907
Term values, before weighting:
## 3n76_ligand 123.75340 1582.20984 6.55680 51.96842 8.67040 0.00000
