              _             
             (_)            
   __ _ _ __  _ _ __   __ _ 
  / _` | '_ \| | '_ \ / _` |
 | (_| | | | | | | | | (_| |
  \__, |_| |_|_|_| |_|\__,_|
   __/ |                    
  |___/                     

gnina v1.0.1 HEAD:aa41230   Built Aug 25 2021.
gnina is based on smina and AutoDock Vina.
Please cite appropriately.

Commandline: gnina -l ../CASF-2016/coreset/3utu/3utu_ligand_opt.mol2 -r ../CASF-2016/coreset/3utu/3utu_protein.pdb --autobox_ligand ../CASF-2016/coreset/3utu/3utu_ligand_opt.mol2 --score_only --cnn redock_default2018_ensemble --seed 42
## Name gauss(o=0,_w=0.5,_c=8) gauss(o=3,_w=2,_c=8) repulsion(o=0,_c=8) hydrophobic(g=0.5,_b=1.5,_c=8) non_dir_h_bond(g=-0.7,_b=0,_c=8) num_tors_div
Affinity: -9.34561 (kcal/mol)
CNNscore: 0.98949 
CNNaffinity: 8.52864
CNNvariance: 0.06711
Intramolecular energy: -3.24420
Term values, before weighting:
## 3utu_ligand 169.21692 2063.68237 4.82257 47.92185 4.60487 0.00000
