              _             
             (_)            
   __ _ _ __  _ _ __   __ _ 
  / _` | '_ \| | '_ \ / _` |
 | (_| | | | | | | | | (_| |
  \__, |_| |_|_|_| |_|\__,_|
   __/ |                    
  |___/                     

gnina v1.0.1 HEAD:aa41230   Built Aug 25 2021.
gnina is based on smina and AutoDock Vina.
Please cite appropriately.

Commandline: gnina -l ../CASF-2016/coreset/3wz8/3wz8_ligand_opt.mol2 -r ../CASF-2016/coreset/3wz8/3wz8_protein.pdb --autobox_ligand ../CASF-2016/coreset/3wz8/3wz8_ligand_opt.mol2 --score_only --cnn redock_default2018_ensemble --seed 42
## Name gauss(o=0,_w=0.5,_c=8) gauss(o=3,_w=2,_c=8) repulsion(o=0,_c=8) hydrophobic(g=0.5,_b=1.5,_c=8) non_dir_h_bond(g=-0.7,_b=0,_c=8) num_tors_div
Affinity: -8.98749 (kcal/mol)
CNNscore: 0.86282 
CNNaffinity: 6.99121
CNNvariance: 0.00730
Intramolecular energy: 0.00071
Term values, before weighting:
## 3wz8_ligand 107.05447 1592.89722 1.63409 62.41413 1.49553 0.00000
