   Target Rank1 Rank2 Rank3 Rank4 Rank5
1    5c2h  5c2h  3uuo  3ui7  4llx  5c28
2    3uri  3uri  3pww  3prs  3wz8  2v00
3    4rfm  4m0z  4rfm  4m0y  3qgy  4qd6
4    4ty7  4cr9  4cra  4crc  4x6p  4ty7
5    4agq  4agq  4agp  4agn  5a7b  5aba
6    5dwr  5dwr  3bgz  3jya  2c3i  4k18
7    4twp  2v7a  3pyy  3k5v  4twp  3mss
8    3u8n  3u8n  3u8k  4qac  3zdg  3wtj
9    3o9i  1g2k  1eby  3o9i  2qnq  1a30
10   3p5o  4lzs  3p5o  3u5j  4wiv  4ogj
11   3ejr  3dx2  3ejr  3dx1  1ps3  3d4z
12   3ebp  3syr  3g2n  4eky  3ebp  3l7b
13   2vvn  2xj7  2w66  2wca  2vvn  2w4x
14   3arp  3aru  3ary  3arp  3arv  3arq
15   3gnw  3gnw  4ih7  3cj4  4eo8  4ih5
16   1e66  1e66  1gpk  1h22  1h23  1gpn
17   3f3e  3f3e  3f3d  3f3c  4mme  3f3a
18   2cet  2wbg  2cet  2j78  2j7h  2cbv
19   4gid  4gid  3udh  4djv  2vkm  3rsx
20   4pcs  2xii  4pcs  2wvt  4j28  4jfs
21   3ge7  3gc5  3ge7  1s38  1r5y  3rr4
22   3e93  4f9w  3e93  3e92  2zb1  4dli
23   3qqs  3r88  4owm  3qqs  3twp  4gkm
24   2r9w  4kz6  4jxs  3gv9  2r9w  3gr2
25   2qbp  2qbp  2qbr  1bzc  2qbq  2hb1
26   3ag9  1ydt  1q8u  1ydr  3ag9  1q8t
27   4tmn  1qf1  1z9g  5tmn  4tmn  3fcq
28   3coy  3coy  3coz  4ddk  4ddh  3ivg
29   2fvd  2fvd  2xnb  1pxn  4eor  3pxf
30   4ivc  4ivc  4ivb  4ivd  4e5w  4k77
31   4jia  4f09  4hge  4gfm  4e6q  4jia
32   1nvq  1nvq  3jvr  2brb  2br1  3jvs
33   2zcq  2zy1  3acw  4ea2  2zcr  2zcq
34   3utu  3utu  2zda  1oyt  1bcu  3bv9
35   2p4y  2p4y  3fur  2yfe  3u9q  3b1m
36   3myg  3myg  2wtv  3up2  3uo4  3e5a
37   1sqa  1o5b  1c5z  3kgp  1sqa  1owh
38   3dd0  3dd0  3ryj  2weg  4jsz  3kwa
39   2yki  2yki  1yc1  3rlr  3b27  2xdl
40   3g0w  3g0w  3b5r  3b65  3b68  1z95
41   2al5  2al5  1syi  1p1q  1p1n  4u4s
42   4de1  4de3  4de2  3g31  4de1  3g2z
43   3fv1  3fv1  3gbb  3fv2  1vso  4dld
44   2p15  2p15  4mgd  1qkt  2pog  2qe4
45   1mq6  1z6e  1mq6  2y5h  2xbv  1lpg
46   4f3c  1y6r  4f2w  4f3c  1nc3  1nc1
47   1o3f  3gy4  1k1i  4abg  1uto  1o3f
48   2vw5  2iwx  2wer  2vw5  2yge  2fxs
49   3kr8  3kr8  4j21  4j3l  4kzq  4kzu
50   2x00  2x00  2xys  2wnc  2wn9  2ymd
51   3nw9  3ozt  3ozs  3oe5  3oe4  3nw9
52   3zso  3ao4  3zt2  4cig  3zso  3zsx
53   2xb8  3n86  2xb8  3n76  3n7a  4ciw
54   4w9h  4w9l  4w9i  4w9h  4bkt  4w9c
55   3uex  3uev  3uex  3uew  3ueu  3nq9
56   4gr0  4gr0  3tsk  3nx7  3lka  3ehy
57   1u1b  1o0h  1u1b  1w4o  3d6q  3dxg

Summary of the ranking power: ===========================================
The Spearman correlation coefficient (SP) = 0.377
The Kendall correlation coefficient (tau) = 0.298
The Predictive index (PI) = 0.381
=========================================================================


Template command for running the bootstrap in R program==================

rm(list=ls());
require(boot);
data_all<-read.table("results/ranking/crossdock_default2018_CNNscore_Spearman.results",header=FALSE);
data<-as.matrix(data_all[,2]);
mymean<-function(x,indices) sum(x[indices])/57;
data.boot<-boot(data,mymean,R=10000,stype="i",sim="ordinary");
sink("results/ranking/crossdock_default2018_CNNscore_Spearman-ci.results");
a<-boot.ci(data.boot,conf=0.9,type=c("bca"));
print(a);
sink();

=========================================================================

