   Target Rank1 Rank2 Rank3 Rank4 Rank5
1    5c2h  5c2h  3uuo  3ui7  4llx  5c28
2    3uri  3prs  2v00  3wz8  3uri  3pww
3    4rfm  4m0y  4rfm  4m0z  3qgy  4qd6
4    4ty7  4cra  4cr9  4crc  4x6p  4ty7
5    4agq  4agp  4agq  5a7b  4agn  5aba
6    5dwr  5dwr  4k18  2c3i  3jya  3bgz
7    4twp  2v7a  4twp  3pyy  3k5v  3mss
8    3u8n  3u8n  3u8k  3zdg  3wtj  4qac
9    3o9i  1eby  1g2k  3o9i  2qnq  1a30
10   3p5o  3p5o  3u5j  4lzs  4ogj  4wiv
11   3ejr  3dx2  3dx1  3ejr  1ps3  3d4z
12   3ebp  3syr  4eky  3g2n  3l7b  3ebp
13   2vvn  2xj7  2vvn  2w66  2w4x  2wca
14   3arp  3arv  3ary  3arq  3aru  3arp
15   3gnw  4eo8  3gnw  4ih7  3cj4  4ih5
16   1e66  1h22  1e66  1h23  1gpk  1gpn
17   3f3e  4mme  3f3e  3f3d  3f3c  3f3a
18   2cet  2j78  2wbg  2cet  2j7h  2cbv
19   4gid  4djv  4gid  2vkm  3udh  3rsx
20   4pcs  2xii  4pcs  2wvt  4jfs  4j28
21   3ge7  3gc5  3ge7  1s38  1r5y  3rr4
22   3e93  4f9w  3e93  3e92  2zb1  4dli
23   3qqs  4gkm  3qqs  3r88  4owm  3twp
24   2r9w  2r9w  4jxs  3gv9  4kz6  3gr2
25   2qbp  1bzc  2qbp  2qbr  2hb1  2qbq
26   3ag9  1q8u  1ydt  1ydr  1q8t  3ag9
27   4tmn  1qf1  5tmn  4tmn  1z9g  3fcq
28   3coy  3coy  3coz  3ivg  4ddk  4ddh
29   2fvd  2xnb  4eor  1pxn  2fvd  3pxf
30   4ivc  4ivc  4ivb  4ivd  4e5w  4k77
31   4jia  4f09  4e6q  4hge  4jia  4gfm
32   1nvq  1nvq  3jvr  2br1  2brb  3jvs
33   2zcq  3acw  2zy1  4ea2  2zcr  2zcq
34   3utu  2zda  3utu  1oyt  1bcu  3bv9
35   2p4y  2p4y  3fur  2yfe  3b1m  3u9q
36   3myg  3up2  2wtv  3uo4  3myg  3e5a
37   1sqa  3kgp  1c5z  1o5b  1sqa  1owh
38   3dd0  3ryj  2weg  3dd0  4jsz  3kwa
39   2yki  2yki  1yc1  3rlr  3b27  2xdl
40   3g0w  3b65  3g0w  3b68  3b5r  1z95
41   2al5  1syi  2al5  1p1n  1p1q  4u4s
42   4de1  3g31  4de3  4de1  4de2  3g2z
43   3fv1  3gbb  1vso  3fv1  4dld  3fv2
44   2p15  2p15  4mgd  1qkt  2qe4  2pog
45   1mq6  1z6e  1mq6  2xbv  2y5h  1lpg
46   4f3c  4f3c  1y6r  4f2w  1nc1  1nc3
47   1o3f  3gy4  4abg  1o3f  1uto  1k1i
48   2vw5  2yge  2wer  2vw5  2iwx  2fxs
49   3kr8  3kr8  4j21  4kzu  4kzq  4j3l
50   2x00  2xys  2x00  2wnc  2wn9  2ymd
51   3nw9  3ozt  3oe5  3ozs  3oe4  3nw9
52   3zso  3zt2  3ao4  4cig  3zsx  3zso
53   2xb8  3n76  2xb8  3n7a  3n86  4ciw
54   4w9h  4w9i  4w9l  4w9h  4bkt  4w9c
55   3uex  3uev  3ueu  3uex  3uew  3nq9
56   4gr0  3nx7  3ehy  3tsk  4gr0  3lka
57   1u1b  1u1b  1w4o  1o0h  3d6q  3dxg

Summary of the ranking power: ===========================================
The Spearman correlation coefficient (SP) = 0.335
The Kendall correlation coefficient (tau) = 0.270
The Predictive index (PI) = 0.349
=========================================================================


Template command for running the bootstrap in R program==================

rm(list=ls());
require(boot);
data_all<-read.table("analysis/outputs/ranking/vinaopt/dense_CNNscore_Spearman.results",header=FALSE);
data<-as.matrix(data_all[,2]);
mymean<-function(x,indices) sum(x[indices])/57;
data.boot<-boot(data,mymean,R=10000,stype="i",sim="ordinary");
sink("analysis/outputs/ranking/vinaopt/dense_CNNscore_Spearman-ci.results");
a<-boot.ci(data.boot,conf=0.9,type=c("bca"));
print(a);
sink();

=========================================================================

