              _             
             (_)            
   __ _ _ __  _ _ __   __ _ 
  / _` | '_ \| | '_ \ / _` |
 | (_| | | | | | | | | (_| |
  \__, |_| |_|_|_| |_|\__,_|
   __/ |                    
  |___/                     

gnina v1.0.1 HEAD:aa41230   Built Aug 25 2021.
gnina is based on smina and AutoDock Vina.
Please cite appropriately.

Commandline: gnina -l ../CASF-2016/coreset/1q8t/1q8t_ligand_opt.mol2 -r ../CASF-2016/coreset/1q8t/1q8t_protein.pdb --autobox_ligand ../CASF-2016/coreset/1q8t/1q8t_ligand_opt.mol2 --score_only --cnn dense_ensemble --seed 42
## Name gauss(o=0,_w=0.5,_c=8) gauss(o=3,_w=2,_c=8) repulsion(o=0,_c=8) hydrophobic(g=0.5,_b=1.5,_c=8) non_dir_h_bond(g=-0.7,_b=0,_c=8) num_tors_div
Affinity: -6.97554 (kcal/mol)
CNNscore: 0.98001 
CNNaffinity: 7.05151
CNNvariance: 0.07483
Intramolecular energy: 0.01072
Term values, before weighting:
## 1q8t_ligand 51.44685 1165.29822 1.87424 23.35147 1.89997 0.00000
