              _             
             (_)            
   __ _ _ __  _ _ __   __ _ 
  / _` | '_ \| | '_ \ / _` |
 | (_| | | | | | | | | (_| |
  \__, |_| |_|_|_| |_|\__,_|
   __/ |                    
  |___/                     

gnina v1.0.1 HEAD:aa41230   Built Aug 25 2021.
gnina is based on smina and AutoDock Vina.
Please cite appropriately.

Commandline: gnina -l ../CASF-2016/coreset/1r5y/1r5y_ligand_opt.mol2 -r ../CASF-2016/coreset/1r5y/1r5y_protein.pdb --autobox_ligand ../CASF-2016/coreset/1r5y/1r5y_ligand_opt.mol2 --score_only --cnn dense_ensemble --seed 42
## Name gauss(o=0,_w=0.5,_c=8) gauss(o=3,_w=2,_c=8) repulsion(o=0,_c=8) hydrophobic(g=0.5,_b=1.5,_c=8) non_dir_h_bond(g=-0.7,_b=0,_c=8) num_tors_div
Affinity: -7.27908 (kcal/mol)
CNNscore: 0.99206 
CNNaffinity: 5.31880
CNNvariance: 0.11037
Intramolecular energy: 0.00000
Term values, before weighting:
## 1r5y_ligand 90.71327 806.27472 5.35009 22.16968 6.14933 0.00000
