              _             
             (_)            
   __ _ _ __  _ _ __   __ _ 
  / _` | '_ \| | '_ \ / _` |
 | (_| | | | | | | | | (_| |
  \__, |_| |_|_|_| |_|\__,_|
   __/ |                    
  |___/                     

gnina v1.0.1 HEAD:aa41230   Built Aug 25 2021.
gnina is based on smina and AutoDock Vina.
Please cite appropriately.

Commandline: gnina -l ../CASF-2016/coreset/1syi/1syi_ligand_opt.mol2 -r ../CASF-2016/coreset/1syi/1syi_protein.pdb --autobox_ligand ../CASF-2016/coreset/1syi/1syi_ligand_opt.mol2 --score_only --cnn dense_ensemble --seed 42
## Name gauss(o=0,_w=0.5,_c=8) gauss(o=3,_w=2,_c=8) repulsion(o=0,_c=8) hydrophobic(g=0.5,_b=1.5,_c=8) non_dir_h_bond(g=-0.7,_b=0,_c=8) num_tors_div
Affinity: -8.81085 (kcal/mol)
CNNscore: 0.99764 
CNNaffinity: 6.72493
CNNvariance: 0.03455
Intramolecular energy: -0.08168
Term values, before weighting:
## 1syi_ligand 105.33604 1127.06506 6.50586 17.86462 9.59626 0.00000
