              _             
             (_)            
   __ _ _ __  _ _ __   __ _ 
  / _` | '_ \| | '_ \ / _` |
 | (_| | | | | | | | | (_| |
  \__, |_| |_|_|_| |_|\__,_|
   __/ |                    
  |___/                     

gnina v1.0.1 HEAD:aa41230   Built Aug 25 2021.
gnina is based on smina and AutoDock Vina.
Please cite appropriately.

Commandline: gnina -l ../CASF-2016/coreset/2w4x/2w4x_ligand_opt.mol2 -r ../CASF-2016/coreset/2w4x/2w4x_protein.pdb --autobox_ligand ../CASF-2016/coreset/2w4x/2w4x_ligand_opt.mol2 --score_only --cnn dense_ensemble --seed 42
## Name gauss(o=0,_w=0.5,_c=8) gauss(o=3,_w=2,_c=8) repulsion(o=0,_c=8) hydrophobic(g=0.5,_b=1.5,_c=8) non_dir_h_bond(g=-0.7,_b=0,_c=8) num_tors_div
Affinity: -7.02250 (kcal/mol)
CNNscore: 0.99383 
CNNaffinity: 4.74568
CNNvariance: 0.04405
Intramolecular energy: -0.14845
Term values, before weighting:
## 2w4x_ligand 77.03738 1036.79358 3.38181 0.00000 5.12229 0.00000
