              _             
             (_)            
   __ _ _ __  _ _ __   __ _ 
  / _` | '_ \| | '_ \ / _` |
 | (_| | | | | | | | | (_| |
  \__, |_| |_|_|_| |_|\__,_|
   __/ |                    
  |___/                     

gnina v1.0.1 HEAD:aa41230   Built Aug 25 2021.
gnina is based on smina and AutoDock Vina.
Please cite appropriately.

Commandline: gnina -l ../CASF-2016/coreset/2xbv/2xbv_ligand_opt.mol2 -r ../CASF-2016/coreset/2xbv/2xbv_protein.pdb --autobox_ligand ../CASF-2016/coreset/2xbv/2xbv_ligand_opt.mol2 --score_only --cnn dense_ensemble --seed 42
## Name gauss(o=0,_w=0.5,_c=8) gauss(o=3,_w=2,_c=8) repulsion(o=0,_c=8) hydrophobic(g=0.5,_b=1.5,_c=8) non_dir_h_bond(g=-0.7,_b=0,_c=8) num_tors_div
Affinity: -10.76081 (kcal/mol)
CNNscore: 0.99182 
CNNaffinity: 8.19052
CNNvariance: 0.03469
Intramolecular energy: -0.58725
Term values, before weighting:
## 2xbv_ligand 171.60413 1790.31873 4.28908 64.11469 2.01447 0.00000
