              _             
             (_)            
   __ _ _ __  _ _ __   __ _ 
  / _` | '_ \| | '_ \ / _` |
 | (_| | | | | | | | | (_| |
  \__, |_| |_|_|_| |_|\__,_|
   __/ |                    
  |___/                     

gnina v1.0.1 HEAD:aa41230   Built Aug 25 2021.
gnina is based on smina and AutoDock Vina.
Please cite appropriately.

Commandline: gnina -l ../CASF-2016/coreset/2zcq/2zcq_ligand_opt.mol2 -r ../CASF-2016/coreset/2zcq/2zcq_protein.pdb --autobox_ligand ../CASF-2016/coreset/2zcq/2zcq_ligand_opt.mol2 --score_only --cnn dense_ensemble --seed 42
## Name gauss(o=0,_w=0.5,_c=8) gauss(o=3,_w=2,_c=8) repulsion(o=0,_c=8) hydrophobic(g=0.5,_b=1.5,_c=8) non_dir_h_bond(g=-0.7,_b=0,_c=8) num_tors_div
Affinity: -6.20376 (kcal/mol)
CNNscore: 0.62602 
CNNaffinity: 5.96742
CNNvariance: 0.02414
Intramolecular energy: -0.33873
Term values, before weighting:
## 2zcq_ligand 93.86823 1402.19934 8.82661 60.73577 6.50574 0.00000
