              _             
             (_)            
   __ _ _ __  _ _ __   __ _ 
  / _` | '_ \| | '_ \ / _` |
 | (_| | | | | | | | | (_| |
  \__, |_| |_|_|_| |_|\__,_|
   __/ |                    
  |___/                     

gnina v1.0.1 HEAD:aa41230   Built Aug 25 2021.
gnina is based on smina and AutoDock Vina.
Please cite appropriately.

Commandline: gnina -l ../CASF-2016/coreset/3acw/3acw_ligand_opt.mol2 -r ../CASF-2016/coreset/3acw/3acw_protein.pdb --autobox_ligand ../CASF-2016/coreset/3acw/3acw_ligand_opt.mol2 --score_only --cnn dense_ensemble --seed 42
## Name gauss(o=0,_w=0.5,_c=8) gauss(o=3,_w=2,_c=8) repulsion(o=0,_c=8) hydrophobic(g=0.5,_b=1.5,_c=8) non_dir_h_bond(g=-0.7,_b=0,_c=8) num_tors_div
Affinity: -10.35629 (kcal/mol)
CNNscore: 0.97997 
CNNaffinity: 6.79610
CNNvariance: 0.08021
Intramolecular energy: -0.73245
Term values, before weighting:
## 3acw_ligand 69.36048 1376.15112 1.64886 79.89822 1.00000 0.00000
