              _             
             (_)            
   __ _ _ __  _ _ __   __ _ 
  / _` | '_ \| | '_ \ / _` |
 | (_| | | | | | | | | (_| |
  \__, |_| |_|_|_| |_|\__,_|
   __/ |                    
  |___/                     

gnina v1.0.1 HEAD:aa41230   Built Aug 25 2021.
gnina is based on smina and AutoDock Vina.
Please cite appropriately.

Commandline: gnina -l ../CASF-2016/coreset/3g2z/3g2z_ligand_opt.mol2 -r ../CASF-2016/coreset/3g2z/3g2z_protein.pdb --autobox_ligand ../CASF-2016/coreset/3g2z/3g2z_ligand_opt.mol2 --score_only --cnn dense_ensemble --seed 42
## Name gauss(o=0,_w=0.5,_c=8) gauss(o=3,_w=2,_c=8) repulsion(o=0,_c=8) hydrophobic(g=0.5,_b=1.5,_c=8) non_dir_h_bond(g=-0.7,_b=0,_c=8) num_tors_div
Affinity: -3.78283 (kcal/mol)
CNNscore: 0.46234 
CNNaffinity: 3.45148
CNNvariance: 0.35828
Intramolecular energy: 0.18917
Term values, before weighting:
## 3g2z_ligand 33.56376 579.71130 2.96303 10.03701 3.71042 0.00000
