              _             
             (_)            
   __ _ _ __  _ _ __   __ _ 
  / _` | '_ \| | '_ \ / _` |
 | (_| | | | | | | | | (_| |
  \__, |_| |_|_|_| |_|\__,_|
   __/ |                    
  |___/                     

gnina v1.0.1 HEAD:aa41230   Built Aug 25 2021.
gnina is based on smina and AutoDock Vina.
Please cite appropriately.

Commandline: gnina -l ../CASF-2016/coreset/3l7b/3l7b_ligand_opt.mol2 -r ../CASF-2016/coreset/3l7b/3l7b_protein.pdb --autobox_ligand ../CASF-2016/coreset/3l7b/3l7b_ligand_opt.mol2 --score_only --cnn dense_ensemble --seed 42
## Name gauss(o=0,_w=0.5,_c=8) gauss(o=3,_w=2,_c=8) repulsion(o=0,_c=8) hydrophobic(g=0.5,_b=1.5,_c=8) non_dir_h_bond(g=-0.7,_b=0,_c=8) num_tors_div
Affinity: -9.29831 (kcal/mol)
CNNscore: 0.90239 
CNNaffinity: 4.99837
CNNvariance: 0.14869
Intramolecular energy: -0.55420
Term values, before weighting:
## 3l7b_ligand 85.84166 1230.60645 2.88544 6.60326 5.41198 0.00000
