              _             
             (_)            
   __ _ _ __  _ _ __   __ _ 
  / _` | '_ \| | '_ \ / _` |
 | (_| | | | | | | | | (_| |
  \__, |_| |_|_|_| |_|\__,_|
   __/ |                    
  |___/                     

gnina v1.0.1 HEAD:aa41230   Built Aug 25 2021.
gnina is based on smina and AutoDock Vina.
Please cite appropriately.

Commandline: gnina -l ../CASF-2016/coreset/3rlr/3rlr_ligand_opt.mol2 -r ../CASF-2016/coreset/3rlr/3rlr_protein.pdb --autobox_ligand ../CASF-2016/coreset/3rlr/3rlr_ligand_opt.mol2 --score_only --cnn dense_ensemble --seed 42
## Name gauss(o=0,_w=0.5,_c=8) gauss(o=3,_w=2,_c=8) repulsion(o=0,_c=8) hydrophobic(g=0.5,_b=1.5,_c=8) non_dir_h_bond(g=-0.7,_b=0,_c=8) num_tors_div
Affinity: -8.92842 (kcal/mol)
CNNscore: 0.98983 
CNNaffinity: 7.31102
CNNvariance: 0.14582
Intramolecular energy: -0.46206
Term values, before weighting:
## 3rlr_ligand 79.89865 1313.94165 2.26395 42.18603 2.21254 0.00000
