              _             
             (_)            
   __ _ _ __  _ _ __   __ _ 
  / _` | '_ \| | '_ \ / _` |
 | (_| | | | | | | | | (_| |
  \__, |_| |_|_|_| |_|\__,_|
   __/ |                    
  |___/                     

gnina v1.0.1 HEAD:aa41230   Built Aug 25 2021.
gnina is based on smina and AutoDock Vina.
Please cite appropriately.

Commandline: gnina -l ../CASF-2016/coreset/3rsx/3rsx_ligand_opt.mol2 -r ../CASF-2016/coreset/3rsx/3rsx_protein.pdb --autobox_ligand ../CASF-2016/coreset/3rsx/3rsx_ligand_opt.mol2 --score_only --cnn dense_ensemble --seed 42
## Name gauss(o=0,_w=0.5,_c=8) gauss(o=3,_w=2,_c=8) repulsion(o=0,_c=8) hydrophobic(g=0.5,_b=1.5,_c=8) non_dir_h_bond(g=-0.7,_b=0,_c=8) num_tors_div
Affinity: -7.64899 (kcal/mol)
CNNscore: 0.98856 
CNNaffinity: 5.08932
CNNvariance: 0.50718
Intramolecular energy: -0.18831
Term values, before weighting:
## 3rsx_ligand 63.46571 789.73260 1.42766 37.96323 2.78241 0.00000
