              _             
             (_)            
   __ _ _ __  _ _ __   __ _ 
  / _` | '_ \| | '_ \ / _` |
 | (_| | | | | | | | | (_| |
  \__, |_| |_|_|_| |_|\__,_|
   __/ |                    
  |___/                     

gnina v1.0.1 HEAD:aa41230   Built Aug 25 2021.
gnina is based on smina and AutoDock Vina.
Please cite appropriately.

Commandline: gnina -l ../CASF-2016/coreset/4x6p/4x6p_ligand_opt.mol2 -r ../CASF-2016/coreset/4x6p/4x6p_protein.pdb --autobox_ligand ../CASF-2016/coreset/4x6p/4x6p_ligand_opt.mol2 --score_only --cnn dense_ensemble --seed 42
## Name gauss(o=0,_w=0.5,_c=8) gauss(o=3,_w=2,_c=8) repulsion(o=0,_c=8) hydrophobic(g=0.5,_b=1.5,_c=8) non_dir_h_bond(g=-0.7,_b=0,_c=8) num_tors_div
Affinity: -10.74311 (kcal/mol)
CNNscore: 0.97803 
CNNaffinity: 8.40936
CNNvariance: 0.03765
Intramolecular energy: -0.85543
Term values, before weighting:
## 4x6p_ligand 161.90305 1921.13354 3.98292 24.67157 4.39730 0.00000
