   Target Rank1 Rank2 Rank3 Rank4 Rank5
1    5c2h  5c2h  4llx  5c28  3uuo  3ui7
2    3uri  3uri  3prs  3pww  2v00  3wz8
3    4rfm  4rfm  4m0z  3qgy  4m0y  4qd6
4    4ty7  4x6p  4crc  4cr9  4cra  4ty7
5    4agq  4agn  4agp  5a7b  4agq  5aba
6    5dwr  5dwr  3jya  2c3i  3bgz  4k18
7    4twp  3k5v  3pyy  4twp  2v7a  3mss
8    3u8n  3u8n  3wtj  4qac  3u8k  3zdg
9    3o9i  3o9i  1g2k  1eby  2qnq  1a30
10   3p5o  3p5o  4lzs  4ogj  3u5j  4wiv
11   3ejr  3dx2  1ps3  3dx1  3ejr  3d4z
12   3ebp  3syr  3g2n  4eky  3l7b  3ebp
13   2vvn  2vvn  2wca  2xj7  2w4x  2w66
14   3arp  3aru  3arq  3arv  3arp  3ary
15   3gnw  4eo8  3cj4  4ih7  3gnw  4ih5
16   1e66  1h22  1h23  1e66  1gpk  1gpn
17   3f3e  3f3d  3f3c  3f3e  3f3a  4mme
18   2cet  2cbv  2cet  2wbg  2j7h  2j78
19   4gid  4gid  4djv  2vkm  3udh  3rsx
20   4pcs  4pcs  2xii  2wvt  4j28  4jfs
21   3ge7  3gc5  1s38  1r5y  3ge7  3rr4
22   3e93  3e93  3e92  4dli  2zb1  4f9w
23   3qqs  4gkm  3qqs  3r88  4owm  3twp
24   2r9w  4kz6  2r9w  3gr2  3gv9  4jxs
25   2qbp  2hb1  2qbr  1bzc  2qbq  2qbp
26   3ag9  1ydt  3ag9  1q8u  1ydr  1q8t
27   4tmn  1qf1  5tmn  4tmn  1z9g  3fcq
28   3coy  3coy  3coz  4ddk  4ddh  3ivg
29   2fvd  2xnb  4eor  1pxn  2fvd  3pxf
30   4ivc  4e5w  4ivc  4ivb  4ivd  4k77
31   4jia  4f09  4e6q  4hge  4gfm  4jia
32   1nvq  1nvq  3jvr  2br1  2brb  3jvs
33   2zcq  4ea2  3acw  2zy1  2zcr  2zcq
34   3utu  3utu  2zda  1oyt  3bv9  1bcu
35   2p4y  2p4y  2yfe  3fur  3u9q  3b1m
36   3myg  3up2  3uo4  2wtv  3e5a  3myg
37   1sqa  1o5b  1sqa  1c5z  1owh  3kgp
38   3dd0  3dd0  2weg  3ryj  4jsz  3kwa
39   2yki  3rlr  2yki  3b27  1yc1  2xdl
40   3g0w  3b65  3g0w  3b5r  1z95  3b68
41   2al5  1syi  2al5  1p1n  1p1q  4u4s
42   4de1  3g31  4de2  4de3  3g2z  4de1
43   3fv1  3fv1  3gbb  3fv2  4dld  1vso
44   2p15  2p15  2pog  1qkt  2qe4  4mgd
45   1mq6  1mq6  2xbv  1lpg  1z6e  2y5h
46   4f3c  4f3c  1nc1  4f2w  1y6r  1nc3
47   1o3f  1o3f  1k1i  3gy4  4abg  1uto
48   2vw5  2yge  2iwx  2wer  2vw5  2fxs
49   3kr8  3kr8  4j21  4kzq  4kzu  4j3l
50   2x00  2x00  2ymd  2xys  2wnc  2wn9
51   3nw9  3nw9  3ozt  3oe4  3ozs  3oe5
52   3zso  3ao4  3zt2  3zsx  3zso  4cig
53   2xb8  3n76  3n86  3n7a  4ciw  2xb8
54   4w9h  4w9i  4w9h  4w9c  4w9l  4bkt
55   3uex  3uev  3uex  3uew  3nq9  3ueu
56   4gr0  3tsk  4gr0  3nx7  3ehy  3lka
57   1u1b  1w4o  3dxg  1u1b  1o0h  3d6q

Summary of the ranking power: ===========================================
The Spearman correlation coefficient (SP) = 0.318
The Kendall correlation coefficient (tau) = 0.260
The Predictive index (PI) = 0.320
=========================================================================


Template command for running the bootstrap in R program==================

rm(list=ls());
require(boot);
data_all<-read.table("analysis/outputs/ranking/noopt/default_CNNscore_Spearman.results",header=FALSE);
data<-as.matrix(data_all[,2]);
mymean<-function(x,indices) sum(x[indices])/57;
data.boot<-boot(data,mymean,R=10000,stype="i",sim="ordinary");
sink("analysis/outputs/ranking/noopt/default_CNNscore_Spearman-ci.results");
a<-boot.ci(data.boot,conf=0.9,type=c("bca"));
print(a);
sink();

=========================================================================

