   Target Rank1 Rank2 Rank3 Rank4 Rank5
1    5c2h  5c2h  3ui7  3uuo  4llx  5c28
2    3uri  3prs  3wz8  2v00  3pww  3uri
3    4rfm  4m0y  4m0z  4rfm  3qgy  4qd6
4    4ty7  4crc  4x6p  4cr9  4cra  4ty7
5    4agq  4agn  4agp  4agq  5aba  5a7b
6    5dwr  5dwr  3bgz  3jya  2c3i  4k18
7    4twp  2v7a  3pyy  3k5v  4twp  3mss
8    3u8n  3u8n  3u8k  3zdg  3wtj  4qac
9    3o9i  1g2k  3o9i  1eby  2qnq  1a30
10   3p5o  3p5o  3u5j  4lzs  4ogj  4wiv
11   3ejr  3dx2  3dx1  3d4z  1ps3  3ejr
12   3ebp  3syr  3g2n  3l7b  4eky  3ebp
13   2vvn  2xj7  2vvn  2w66  2w4x  2wca
14   3arp  3ary  3arv  3arq  3arp  3aru
15   3gnw  3gnw  4ih7  4eo8  3cj4  4ih5
16   1e66  1h23  1h22  1e66  1gpn  1gpk
17   3f3e  3f3e  3f3c  3f3d  3f3a  4mme
18   2cet  2cet  2j78  2wbg  2cbv  2j7h
19   4gid  4djv  2vkm  4gid  3rsx  3udh
20   4pcs  2xii  2wvt  4pcs  4jfs  4j28
21   3ge7  3gc5  1s38  1r5y  3ge7  3rr4
22   3e93  4f9w  3e92  2zb1  3e93  4dli
23   3qqs  4gkm  3qqs  3r88  4owm  3twp
24   2r9w  2r9w  4jxs  3gv9  4kz6  3gr2
25   2qbp  1bzc  2qbp  2hb1  2qbr  2qbq
26   3ag9  1ydt  1q8u  1ydr  1q8t  3ag9
27   4tmn  1qf1  1z9g  5tmn  3fcq  4tmn
28   3coy  3coy  3coz  3ivg  4ddh  4ddk
29   2fvd  2xnb  2fvd  4eor  1pxn  3pxf
30   4ivc  4ivc  4ivb  4e5w  4k77  4ivd
31   4jia  4f09  4e6q  4hge  4gfm  4jia
32   1nvq  1nvq  3jvr  2brb  2br1  3jvs
33   2zcq  3acw  4ea2  2zy1  2zcr  2zcq
34   3utu  3utu  2zda  1oyt  1bcu  3bv9
35   2p4y  3fur  2yfe  2p4y  3u9q  3b1m
36   3myg  3up2  3uo4  2wtv  3myg  3e5a
37   1sqa  3kgp  1c5z  1o5b  1owh  1sqa
38   3dd0  3ryj  2weg  3dd0  4jsz  3kwa
39   2yki  2yki  1yc1  3rlr  3b27  2xdl
40   3g0w  3b65  3g0w  3b5r  1z95  3b68
41   2al5  1syi  2al5  1p1q  4u4s  1p1n
42   4de1  4de3  4de1  4de2  3g31  3g2z
43   3fv1  3gbb  3fv1  4dld  1vso  3fv2
44   2p15  2p15  1qkt  2qe4  4mgd  2pog
45   1mq6  1mq6  1z6e  2xbv  2y5h  1lpg
46   4f3c  1y6r  4f2w  4f3c  1nc3  1nc1
47   1o3f  4abg  1uto  3gy4  1k1i  1o3f
48   2vw5  2yge  2wer  2vw5  2fxs  2iwx
49   3kr8  3kr8  4j21  4kzu  4j3l  4kzq
50   2x00  2x00  2wnc  2ymd  2xys  2wn9
51   3nw9  3oe5  3ozt  3ozs  3oe4  3nw9
52   3zso  3zt2  4cig  3zsx  3ao4  3zso
53   2xb8  3n76  2xb8  3n86  3n7a  4ciw
54   4w9h  4bkt  4w9l  4w9i  4w9c  4w9h
55   3uex  3uew  3uex  3nq9  3ueu  3uev
56   4gr0  3lka  3nx7  3tsk  4gr0  3ehy
57   1u1b  1u1b  1w4o  3dxg  1o0h  3d6q

Summary of the ranking power: ===========================================
The Spearman correlation coefficient (SP) = 0.216
The Kendall correlation coefficient (tau) = 0.168
The Predictive index (PI) = 0.234
=========================================================================


Template command for running the bootstrap in R program==================

rm(list=ls());
require(boot);
data_all<-read.table("analysis/outputs/ranking/noopt/dense_CNNscore_Spearman.results",header=FALSE);
data<-as.matrix(data_all[,2]);
mymean<-function(x,indices) sum(x[indices])/57;
data.boot<-boot(data,mymean,R=10000,stype="i",sim="ordinary");
sink("analysis/outputs/ranking/noopt/dense_CNNscore_Spearman-ci.results");
a<-boot.ci(data.boot,conf=0.9,type=c("bca"));
print(a);
sink();

=========================================================================

