              _             
             (_)            
   __ _ _ __  _ _ __   __ _ 
  / _` | '_ \| | '_ \ / _` |
 | (_| | | | | | | | | (_| |
  \__, |_| |_|_|_| |_|\__,_|
   __/ |                    
  |___/                     

gnina v1.0.1 HEAD:aa41230   Built Aug 25 2021.
gnina is based on smina and AutoDock Vina.
Please cite appropriately.

Commandline: gnina -l ../CASF-2016/coreset/2qbq/2qbq_ligand.mol2 -r ../CASF-2016/coreset/2qbq/2qbq_protein.pdb --autobox_ligand ../CASF-2016/coreset/2qbq/2qbq_ligand.mol2 --score_only --cnn dense_ensemble
## Name gauss(o=0,_w=0.5,_c=8) gauss(o=3,_w=2,_c=8) repulsion(o=0,_c=8) hydrophobic(g=0.5,_b=1.5,_c=8) non_dir_h_bond(g=-0.7,_b=0,_c=8) num_tors_div
Affinity: -8.01072 (kcal/mol)
CNNscore: 0.92135 
CNNaffinity: 6.16108
CNNvariance: 0.08820
Intramolecular energy: -0.64847
Term values, before weighting:
## 2qbq_ligand 96.11649 1431.40039 3.83122 32.00662 4.40131 0.00000
