              _             
             (_)            
   __ _ _ __  _ _ __   __ _ 
  / _` | '_ \| | '_ \ / _` |
 | (_| | | | | | | | | (_| |
  \__, |_| |_|_|_| |_|\__,_|
   __/ |                    
  |___/                     

gnina v1.0.1 HEAD:aa41230   Built Aug 25 2021.
gnina is based on smina and AutoDock Vina.
Please cite appropriately.

Commandline: gnina -l ../CASF-2016/coreset/2v00/2v00_ligand.mol2 -r ../CASF-2016/coreset/2v00/2v00_protein.pdb --autobox_ligand ../CASF-2016/coreset/2v00/2v00_ligand.mol2 --score_only --cnn dense_ensemble
## Name gauss(o=0,_w=0.5,_c=8) gauss(o=3,_w=2,_c=8) repulsion(o=0,_c=8) hydrophobic(g=0.5,_b=1.5,_c=8) non_dir_h_bond(g=-0.7,_b=0,_c=8) num_tors_div
Affinity: -7.39638 (kcal/mol)
CNNscore: 0.95875 
CNNaffinity: 5.71811
CNNvariance: 0.17849
Intramolecular energy: -0.40859
Term values, before weighting:
## 2v00_ligand 70.37847 903.83966 2.92393 40.36907 4.37573 0.00000
