              _             
             (_)            
   __ _ _ __  _ _ __   __ _ 
  / _` | '_ \| | '_ \ / _` |
 | (_| | | | | | | | | (_| |
  \__, |_| |_|_|_| |_|\__,_|
   __/ |                    
  |___/                     

gnina v1.0.1 HEAD:aa41230   Built Aug 25 2021.
gnina is based on smina and AutoDock Vina.
Please cite appropriately.

Commandline: gnina -l ../CASF-2016/coreset/2w66/2w66_ligand.mol2 -r ../CASF-2016/coreset/2w66/2w66_protein.pdb --autobox_ligand ../CASF-2016/coreset/2w66/2w66_ligand.mol2 --score_only --cnn dense_ensemble
## Name gauss(o=0,_w=0.5,_c=8) gauss(o=3,_w=2,_c=8) repulsion(o=0,_c=8) hydrophobic(g=0.5,_b=1.5,_c=8) non_dir_h_bond(g=-0.7,_b=0,_c=8) num_tors_div
Affinity: -7.13508 (kcal/mol)
CNNscore: 0.99359 
CNNaffinity: 6.19127
CNNvariance: 0.17567
Intramolecular energy: 0.04656
Term values, before weighting:
## 2w66_ligand 84.52883 1128.20264 7.08465 13.70667 7.85955 0.00000
