              _             
             (_)            
   __ _ _ __  _ _ __   __ _ 
  / _` | '_ \| | '_ \ / _` |
 | (_| | | | | | | | | (_| |
  \__, |_| |_|_|_| |_|\__,_|
   __/ |                    
  |___/                     

gnina v1.0.1 HEAD:aa41230   Built Aug 25 2021.
gnina is based on smina and AutoDock Vina.
Please cite appropriately.

Commandline: gnina -l ../CASF-2016/coreset/3gr2/3gr2_ligand.mol2 -r ../CASF-2016/coreset/3gr2/3gr2_protein.pdb --autobox_ligand ../CASF-2016/coreset/3gr2/3gr2_ligand.mol2 --score_only --cnn dense_ensemble
## Name gauss(o=0,_w=0.5,_c=8) gauss(o=3,_w=2,_c=8) repulsion(o=0,_c=8) hydrophobic(g=0.5,_b=1.5,_c=8) non_dir_h_bond(g=-0.7,_b=0,_c=8) num_tors_div
Affinity: -4.03291 (kcal/mol)
CNNscore: 0.59012 
CNNaffinity: 3.08774
CNNvariance: 0.07256
Intramolecular energy: 0.26580
Term values, before weighting:
## 3gr2_ligand 38.79525 602.72473 1.46619 9.64977 1.54917 0.00000
