              _             
             (_)            
   __ _ _ __  _ _ __   __ _ 
  / _` | '_ \| | '_ \ / _` |
 | (_| | | | | | | | | (_| |
  \__, |_| |_|_|_| |_|\__,_|
   __/ |                    
  |___/                     

gnina v1.0.1 HEAD:aa41230   Built Aug 25 2021.
gnina is based on smina and AutoDock Vina.
Please cite appropriately.

Commandline: gnina -l ../CASF-2016/coreset/3gy4/3gy4_ligand.mol2 -r ../CASF-2016/coreset/3gy4/3gy4_protein.pdb --autobox_ligand ../CASF-2016/coreset/3gy4/3gy4_ligand.mol2 --score_only --cnn dense_ensemble
## Name gauss(o=0,_w=0.5,_c=8) gauss(o=3,_w=2,_c=8) repulsion(o=0,_c=8) hydrophobic(g=0.5,_b=1.5,_c=8) non_dir_h_bond(g=-0.7,_b=0,_c=8) num_tors_div
Affinity: -6.11244 (kcal/mol)
CNNscore: 0.96700 
CNNaffinity: 4.17660
CNNvariance: 0.17075
Intramolecular energy: -0.03972
Term values, before weighting:
## 3gy4_ligand 59.47760 684.11938 2.20603 2.63495 4.40471 0.00000
