              _             
             (_)            
   __ _ _ __  _ _ __   __ _ 
  / _` | '_ \| | '_ \ / _` |
 | (_| | | | | | | | | (_| |
  \__, |_| |_|_|_| |_|\__,_|
   __/ |                    
  |___/                     

gnina v1.0.1 HEAD:aa41230   Built Aug 25 2021.
gnina is based on smina and AutoDock Vina.
Please cite appropriately.

Commandline: gnina -l ../CASF-2016/coreset/3rsx/3rsx_ligand.mol2 -r ../CASF-2016/coreset/3rsx/3rsx_protein.pdb --autobox_ligand ../CASF-2016/coreset/3rsx/3rsx_ligand.mol2 --score_only --cnn dense_ensemble
## Name gauss(o=0,_w=0.5,_c=8) gauss(o=3,_w=2,_c=8) repulsion(o=0,_c=8) hydrophobic(g=0.5,_b=1.5,_c=8) non_dir_h_bond(g=-0.7,_b=0,_c=8) num_tors_div
Affinity: -7.58423 (kcal/mol)
CNNscore: 0.99004 
CNNaffinity: 5.15989
CNNvariance: 0.47310
Intramolecular energy: -0.20425
Term values, before weighting:
## 3rsx_ligand 63.73077 802.63184 2.00430 38.89985 3.30533 0.00000
