              _             
             (_)            
   __ _ _ __  _ _ __   __ _ 
  / _` | '_ \| | '_ \ / _` |
 | (_| | | | | | | | | (_| |
  \__, |_| |_|_|_| |_|\__,_|
   __/ |                    
  |___/                     

gnina v1.0.1 HEAD:aa41230   Built Aug 25 2021.
gnina is based on smina and AutoDock Vina.
Please cite appropriately.

Commandline: gnina -l ../CASF-2016/coreset/4djv/4djv_ligand.mol2 -r ../CASF-2016/coreset/4djv/4djv_protein.pdb --autobox_ligand ../CASF-2016/coreset/4djv/4djv_ligand.mol2 --score_only --cnn dense_ensemble
## Name gauss(o=0,_w=0.5,_c=8) gauss(o=3,_w=2,_c=8) repulsion(o=0,_c=8) hydrophobic(g=0.5,_b=1.5,_c=8) non_dir_h_bond(g=-0.7,_b=0,_c=8) num_tors_div
Affinity: -9.58220 (kcal/mol)
CNNscore: 0.99626 
CNNaffinity: 6.85326
CNNvariance: 0.23111
Intramolecular energy: -1.11245
Term values, before weighting:
## 4djv_ligand 97.66439 1427.84290 4.18338 58.58322 4.16512 0.00000
