   Target Rank1 Rank2 Rank3 Rank4 Rank5
1    5c2h  5c2h  3ui7  4llx  3uuo  5c28
2    3uri  3pww  3prs  3uri  3wz8  2v00
3    4rfm  4rfm  4m0z  4m0y  3qgy  4qd6
4    4ty7  4cr9  4cra  4crc  4x6p  4ty7
5    4agq  4agq  4agp  4agn  5a7b  5aba
6    5dwr  5dwr  3bgz  3jya  4k18  2c3i
7    4twp  2v7a  4twp  3pyy  3k5v  3mss
8    3u8n  3u8n  3u8k  4qac  3zdg  3wtj
9    3o9i  1g2k  1eby  3o9i  2qnq  1a30
10   3p5o  4lzs  3p5o  3u5j  4wiv  4ogj
11   3ejr  3dx2  3d4z  1ps3  3ejr  3dx1
12   3ebp  4eky  3syr  3g2n  3ebp  3l7b
13   2vvn  2xj7  2vvn  2w66  2wca  2w4x
14   3arp  3aru  3ary  3arp  3arq  3arv
15   3gnw  3gnw  4ih7  3cj4  4eo8  4ih5
16   1e66  1e66  1h22  1gpk  1h23  1gpn
17   3f3e  3f3d  4mme  3f3e  3f3a  3f3c
18   2cet  2wbg  2j78  2j7h  2cet  2cbv
19   4gid  4gid  3udh  4djv  2vkm  3rsx
20   4pcs  2xii  2wvt  4pcs  4jfs  4j28
21   3ge7  3gc5  3ge7  1s38  1r5y  3rr4
22   3e93  4f9w  3e93  3e92  2zb1  4dli
23   3qqs  3r88  4owm  3twp  4gkm  3qqs
24   2r9w  4kz6  4jxs  2r9w  3gv9  3gr2
25   2qbp  1bzc  2qbp  2qbr  2qbq  2hb1
26   3ag9  1ydt  1ydr  1q8u  1q8t  3ag9
27   4tmn  1qf1  1z9g  4tmn  5tmn  3fcq
28   3coy  3coy  3coz  3ivg  4ddk  4ddh
29   2fvd  2fvd  2xnb  1pxn  4eor  3pxf
30   4ivc  4ivc  4ivb  4ivd  4e5w  4k77
31   4jia  4f09  4hge  4e6q  4gfm  4jia
32   1nvq  1nvq  3jvr  2brb  2br1  3jvs
33   2zcq  2zy1  3acw  4ea2  2zcr  2zcq
34   3utu  3utu  2zda  1oyt  1bcu  3bv9
35   2p4y  2p4y  3fur  2yfe  3u9q  3b1m
36   3myg  3myg  3up2  2wtv  3uo4  3e5a
37   1sqa  1o5b  3kgp  1c5z  1sqa  1owh
38   3dd0  3dd0  2weg  3ryj  4jsz  3kwa
39   2yki  2yki  1yc1  3rlr  3b27  2xdl
40   3g0w  3g0w  3b5r  3b65  3b68  1z95
41   2al5  2al5  1syi  1p1q  4u4s  1p1n
42   4de1  4de3  4de2  4de1  3g31  3g2z
43   3fv1  3gbb  3fv1  3fv2  1vso  4dld
44   2p15  2p15  4mgd  1qkt  2pog  2qe4
45   1mq6  1z6e  1mq6  2y5h  2xbv  1lpg
46   4f3c  1y6r  4f2w  4f3c  1nc3  1nc1
47   1o3f  4abg  3gy4  1o3f  1k1i  1uto
48   2vw5  2wer  2iwx  2yge  2vw5  2fxs
49   3kr8  3kr8  4j3l  4j21  4kzq  4kzu
50   2x00  2x00  2wnc  2xys  2ymd  2wn9
51   3nw9  3ozt  3ozs  3nw9  3oe5  3oe4
52   3zso  3ao4  3zt2  4cig  3zso  3zsx
53   2xb8  3n86  2xb8  3n7a  4ciw  3n76
54   4w9h  4w9i  4w9l  4w9h  4bkt  4w9c
55   3uex  3uev  3uex  3ueu  3uew  3nq9
56   4gr0  3tsk  3nx7  4gr0  3lka  3ehy
57   1u1b  1o0h  1u1b  3dxg  1w4o  3d6q

Summary of the ranking power: ===========================================
The Spearman correlation coefficient (SP) = 0.340
The Kendall correlation coefficient (tau) = 0.253
The Predictive index (PI) = 0.344
=========================================================================


Template command for running the bootstrap in R program==================

rm(list=ls());
require(boot);
data_all<-read.table("analysis/outputs/ranking/amberopt/crossdock_default2018_CNNscore_Spearman.results",header=FALSE);
data<-as.matrix(data_all[,2]);
mymean<-function(x,indices) sum(x[indices])/57;
data.boot<-boot(data,mymean,R=10000,stype="i",sim="ordinary");
sink("analysis/outputs/ranking/amberopt/crossdock_default2018_CNNscore_Spearman-ci.results");
a<-boot.ci(data.boot,conf=0.9,type=c("bca"));
print(a);
sink();

=========================================================================

