   Target Rank1 Rank2 Rank3 Rank4 Rank5
1    5c2h  5c2h  3uuo  3ui7  4llx  5c28
2    3uri  3prs  3wz8  2v00  3pww  3uri
3    4rfm  4rfm  4m0y  4qd6  4m0z  3qgy
4    4ty7  4cra  4cr9  4crc  4x6p  4ty7
5    4agq  4agn  4agq  4agp  5aba  5a7b
6    5dwr  5dwr  3bgz  4k18  3jya  2c3i
7    4twp  2v7a  4twp  3pyy  3k5v  3mss
8    3u8n  3u8n  3u8k  3zdg  3wtj  4qac
9    3o9i  3o9i  1g2k  2qnq  1eby  1a30
10   3p5o  3p5o  3u5j  4lzs  4wiv  4ogj
11   3ejr  3dx2  3dx1  1ps3  3ejr  3d4z
12   3ebp  3syr  3g2n  4eky  3l7b  3ebp
13   2vvn  2xj7  2vvn  2w4x  2w66  2wca
14   3arp  3ary  3arv  3arq  3arp  3aru
15   3gnw  3gnw  4eo8  4ih7  3cj4  4ih5
16   1e66  1h22  1h23  1e66  1gpk  1gpn
17   3f3e  3f3e  4mme  3f3d  3f3c  3f3a
18   2cet  2j78  2wbg  2cet  2j7h  2cbv
19   4gid  4gid  2vkm  3rsx  4djv  3udh
20   4pcs  2xii  2wvt  4pcs  4jfs  4j28
21   3ge7  3gc5  3ge7  1s38  1r5y  3rr4
22   3e93  4f9w  3e92  3e93  2zb1  4dli
23   3qqs  4gkm  3qqs  3twp  3r88  4owm
24   2r9w  2r9w  4kz6  3gv9  4jxs  3gr2
25   2qbp  2qbp  1bzc  2hb1  2qbr  2qbq
26   3ag9  1ydr  1ydt  1q8u  1q8t  3ag9
27   4tmn  1z9g  1qf1  3fcq  4tmn  5tmn
28   3coy  3coy  3coz  3ivg  4ddh  4ddk
29   2fvd  2xnb  4eor  2fvd  1pxn  3pxf
30   4ivc  4ivb  4ivc  4e5w  4ivd  4k77
31   4jia  4f09  4e6q  4hge  4gfm  4jia
32   1nvq  1nvq  3jvr  2br1  2brb  3jvs
33   2zcq  3acw  2zy1  2zcr  4ea2  2zcq
34   3utu  3utu  2zda  1oyt  1bcu  3bv9
35   2p4y  2p4y  3fur  2yfe  3b1m  3u9q
36   3myg  3up2  3uo4  3e5a  3myg  2wtv
37   1sqa  3kgp  1o5b  1c5z  1owh  1sqa
38   3dd0  3ryj  3dd0  2weg  3kwa  4jsz
39   2yki  2yki  3rlr  3b27  1yc1  2xdl
40   3g0w  3b65  3g0w  3b5r  3b68  1z95
41   2al5  1syi  2al5  1p1n  1p1q  4u4s
42   4de1  4de3  4de1  4de2  3g2z  3g31
43   3fv1  3gbb  4dld  3fv1  1vso  3fv2
44   2p15  2p15  2qe4  4mgd  1qkt  2pog
45   1mq6  1mq6  1z6e  2y5h  2xbv  1lpg
46   4f3c  1y6r  4f2w  4f3c  1nc3  1nc1
47   1o3f  1o3f  4abg  1uto  3gy4  1k1i
48   2vw5  2yge  2vw5  2wer  2iwx  2fxs
49   3kr8  3kr8  4j3l  4j21  4kzu  4kzq
50   2x00  2x00  2wnc  2ymd  2xys  2wn9
51   3nw9  3oe5  3nw9  3ozt  3oe4  3ozs
52   3zso  3zt2  3ao4  4cig  3zsx  3zso
53   2xb8  2xb8  3n76  3n86  4ciw  3n7a
54   4w9h  4w9l  4w9i  4w9h  4bkt  4w9c
55   3uex  3ueu  3uex  3uew  3uev  3nq9
56   4gr0  3lka  3nx7  4gr0  3ehy  3tsk
57   1u1b  1w4o  1u1b  3dxg  1o0h  3d6q

Summary of the ranking power: ===========================================
The Spearman correlation coefficient (SP) = 0.323
The Kendall correlation coefficient (tau) = 0.277
The Predictive index (PI) = 0.347
=========================================================================


Template command for running the bootstrap in R program==================

rm(list=ls());
require(boot);
data_all<-read.table("analysis/outputs/ranking/amberopt/dense_CNNscore_Spearman.results",header=FALSE);
data<-as.matrix(data_all[,2]);
mymean<-function(x,indices) sum(x[indices])/57;
data.boot<-boot(data,mymean,R=10000,stype="i",sim="ordinary");
sink("analysis/outputs/ranking/amberopt/dense_CNNscore_Spearman-ci.results");
a<-boot.ci(data.boot,conf=0.9,type=c("bca"));
print(a);
sink();

=========================================================================

