              _             
             (_)            
   __ _ _ __  _ _ __   __ _ 
  / _` | '_ \| | '_ \ / _` |
 | (_| | | | | | | | | (_| |
  \__, |_| |_|_|_| |_|\__,_|
   __/ |                    
  |___/                     

gnina v1.0.1 HEAD:aa41230   Built Aug 25 2021.
gnina is based on smina and AutoDock Vina.
Please cite appropriately.

Commandline: gnina -l ../CASF-2016/coreset/1bcu/1bcu_ligand.mol2 -r ../CASF-2016/coreset/1bcu/1bcu_protein.pdb --autobox_ligand ../CASF-2016/coreset/1bcu/1bcu_ligand.mol2 --score_only --cnn crossdock_default2018_ensemble
## Name gauss(o=0,_w=0.5,_c=8) gauss(o=3,_w=2,_c=8) repulsion(o=0,_c=8) hydrophobic(g=0.5,_b=1.5,_c=8) non_dir_h_bond(g=-0.7,_b=0,_c=8) num_tors_div
Affinity: -6.95492 (kcal/mol)
CNNscore: 0.91924 
CNNaffinity: 5.48702
CNNvariance: 0.01387
Intramolecular energy: 0.00000
Term values, before weighting:
## 1bcu_ligand 61.68998 865.73151 0.63544 11.15260 0.74758 0.00000
