              _             
             (_)            
   __ _ _ __  _ _ __   __ _ 
  / _` | '_ \| | '_ \ / _` |
 | (_| | | | | | | | | (_| |
  \__, |_| |_|_|_| |_|\__,_|
   __/ |                    
  |___/                     

gnina v1.0.1 HEAD:aa41230   Built Aug 25 2021.
gnina is based on smina and AutoDock Vina.
Please cite appropriately.

Commandline: gnina -l ../CASF-2016/coreset/2v7a/2v7a_ligand.mol2 -r ../CASF-2016/coreset/2v7a/2v7a_protein.pdb --autobox_ligand ../CASF-2016/coreset/2v7a/2v7a_ligand.mol2 --score_only --cnn crossdock_default2018_ensemble
## Name gauss(o=0,_w=0.5,_c=8) gauss(o=3,_w=2,_c=8) repulsion(o=0,_c=8) hydrophobic(g=0.5,_b=1.5,_c=8) non_dir_h_bond(g=-0.7,_b=0,_c=8) num_tors_div
Affinity: -9.54505 (kcal/mol)
CNNscore: 0.99483 
CNNaffinity: 7.84089
CNNvariance: 0.01502
Intramolecular energy: 0.01534
Term values, before weighting:
## 2v7a_ligand 90.40886 1693.00598 2.79254 39.86422 3.22704 0.00000
