              _             
             (_)            
   __ _ _ __  _ _ __   __ _ 
  / _` | '_ \| | '_ \ / _` |
 | (_| | | | | | | | | (_| |
  \__, |_| |_|_|_| |_|\__,_|
   __/ |                    
  |___/                     

gnina v1.0.1 HEAD:aa41230   Built Aug 25 2021.
gnina is based on smina and AutoDock Vina.
Please cite appropriately.

Commandline: gnina -l ../CASF-2016/coreset/2xj7/2xj7_ligand.mol2 -r ../CASF-2016/coreset/2xj7/2xj7_protein.pdb --autobox_ligand ../CASF-2016/coreset/2xj7/2xj7_ligand.mol2 --score_only --cnn crossdock_default2018_ensemble
## Name gauss(o=0,_w=0.5,_c=8) gauss(o=3,_w=2,_c=8) repulsion(o=0,_c=8) hydrophobic(g=0.5,_b=1.5,_c=8) non_dir_h_bond(g=-0.7,_b=0,_c=8) num_tors_div
Affinity: -8.92245 (kcal/mol)
CNNscore: 0.98303 
CNNaffinity: 5.99559
CNNvariance: 0.01285
Intramolecular energy: 0.15348
Term values, before weighting:
## 2xj7_ligand 88.45543 1120.50806 4.72584 20.64967 6.41132 0.00000
