              _             
             (_)            
   __ _ _ __  _ _ __   __ _ 
  / _` | '_ \| | '_ \ / _` |
 | (_| | | | | | | | | (_| |
  \__, |_| |_|_|_| |_|\__,_|
   __/ |                    
  |___/                     

gnina v1.0.1 HEAD:aa41230   Built Aug 25 2021.
gnina is based on smina and AutoDock Vina.
Please cite appropriately.

Commandline: gnina -l ../CASF-2016/coreset/4eo8/4eo8_ligand.mol2 -r ../CASF-2016/coreset/4eo8/4eo8_protein.pdb --autobox_ligand ../CASF-2016/coreset/4eo8/4eo8_ligand.mol2 --score_only --cnn crossdock_default2018_ensemble
## Name gauss(o=0,_w=0.5,_c=8) gauss(o=3,_w=2,_c=8) repulsion(o=0,_c=8) hydrophobic(g=0.5,_b=1.5,_c=8) non_dir_h_bond(g=-0.7,_b=0,_c=8) num_tors_div
Affinity: -7.51708 (kcal/mol)
CNNscore: 0.85545 
CNNaffinity: 6.52834
CNNvariance: 0.02823
Intramolecular energy: -0.21831
Term values, before weighting:
## 4eo8_ligand 63.37786 1097.92932 1.72197 62.86964 2.51946 0.00000
