              _             
             (_)            
   __ _ _ __  _ _ __   __ _ 
  / _` | '_ \| | '_ \ / _` |
 | (_| | | | | | | | | (_| |
  \__, |_| |_|_|_| |_|\__,_|
   __/ |                    
  |___/                     

gnina v1.0.1 HEAD:aa41230   Built Aug 25 2021.
gnina is based on smina and AutoDock Vina.
Please cite appropriately.

Commandline: gnina -l ../CASF-2016/coreset/4j21/4j21_ligand.mol2 -r ../CASF-2016/coreset/4j21/4j21_protein.pdb --autobox_ligand ../CASF-2016/coreset/4j21/4j21_ligand.mol2 --score_only --cnn crossdock_default2018_ensemble
## Name gauss(o=0,_w=0.5,_c=8) gauss(o=3,_w=2,_c=8) repulsion(o=0,_c=8) hydrophobic(g=0.5,_b=1.5,_c=8) non_dir_h_bond(g=-0.7,_b=0,_c=8) num_tors_div
Affinity: -11.98481 (kcal/mol)
CNNscore: 0.93966 
CNNaffinity: 6.80468
CNNvariance: 0.00881
Intramolecular energy: -0.29374
Term values, before weighting:
## 4j21_ligand 101.22341 1319.76257 2.71464 86.21812 2.61592 0.00000
