              _             
             (_)            
   __ _ _ __  _ _ __   __ _ 
  / _` | '_ \| | '_ \ / _` |
 | (_| | | | | | | | | (_| |
  \__, |_| |_|_|_| |_|\__,_|
   __/ |                    
  |___/                     

gnina v1.0.1 HEAD:aa41230   Built Aug 25 2021.
gnina is based on smina and AutoDock Vina.
Please cite appropriately.

Commandline: gnina -l ../CASF-2016/coreset/4jsz/4jsz_ligand.mol2 -r ../CASF-2016/coreset/4jsz/4jsz_protein.pdb --autobox_ligand ../CASF-2016/coreset/4jsz/4jsz_ligand.mol2 --score_only --cnn crossdock_default2018_ensemble
## Name gauss(o=0,_w=0.5,_c=8) gauss(o=3,_w=2,_c=8) repulsion(o=0,_c=8) hydrophobic(g=0.5,_b=1.5,_c=8) non_dir_h_bond(g=-0.7,_b=0,_c=8) num_tors_div
Affinity: -3.99230 (kcal/mol)
CNNscore: 0.51488 
CNNaffinity: 3.46368
CNNvariance: 0.02881
Intramolecular energy: -0.03360
Term values, before weighting:
## 4jsz_ligand 41.53445 554.87305 0.70777 3.75647 0.59575 0.00000
