              _             
             (_)            
   __ _ _ __  _ _ __   __ _ 
  / _` | '_ \| | '_ \ / _` |
 | (_| | | | | | | | | (_| |
  \__, |_| |_|_|_| |_|\__,_|
   __/ |                    
  |___/                     

gnina v1.0.1 HEAD:aa41230   Built Aug 25 2021.
gnina is based on smina and AutoDock Vina.
Please cite appropriately.

Commandline: gnina -l ../CASF-2016/coreset/4kz6/4kz6_ligand.mol2 -r ../CASF-2016/coreset/4kz6/4kz6_protein.pdb --autobox_ligand ../CASF-2016/coreset/4kz6/4kz6_ligand.mol2 --score_only --cnn crossdock_default2018_ensemble
## Name gauss(o=0,_w=0.5,_c=8) gauss(o=3,_w=2,_c=8) repulsion(o=0,_c=8) hydrophobic(g=0.5,_b=1.5,_c=8) non_dir_h_bond(g=-0.7,_b=0,_c=8) num_tors_div
Affinity: -5.23074 (kcal/mol)
CNNscore: 0.84753 
CNNaffinity: 4.86476
CNNvariance: 0.03633
Intramolecular energy: -0.16735
Term values, before weighting:
## 4kz6_ligand 44.27242 786.97516 2.78089 15.24430 3.94478 0.00000
