              _             
             (_)            
   __ _ _ __  _ _ __   __ _ 
  / _` | '_ \| | '_ \ / _` |
 | (_| | | | | | | | | (_| |
  \__, |_| |_|_|_| |_|\__,_|
   __/ |                    
  |___/                     

gnina v1.0.1 HEAD:aa41230   Built Aug 25 2021.
gnina is based on smina and AutoDock Vina.
Please cite appropriately.

Commandline: gnina -l ../CASF-2016/coreset/5c28/5c28_ligand.mol2 -r ../CASF-2016/coreset/5c28/5c28_protein.pdb --autobox_ligand ../CASF-2016/coreset/5c28/5c28_ligand.mol2 --score_only --cnn crossdock_default2018_ensemble
## Name gauss(o=0,_w=0.5,_c=8) gauss(o=3,_w=2,_c=8) repulsion(o=0,_c=8) hydrophobic(g=0.5,_b=1.5,_c=8) non_dir_h_bond(g=-0.7,_b=0,_c=8) num_tors_div
Affinity: -5.89309 (kcal/mol)
CNNscore: 0.80164 
CNNaffinity: 5.28484
CNNvariance: 0.00708
Intramolecular energy: -0.08023
Term values, before weighting:
## 5c28_ligand 55.46976 664.15741 0.89686 38.23727 0.42946 0.00000
