   Target Rank1 Rank2 Rank3 Rank4 Rank5
1    5c2h  3ui7  5c2h  4llx  3uuo  5c28
2    3uri  3prs  3uri  3wz8  2v00  3pww
3    4rfm  3qgy  4m0y  4m0z  4rfm  4qd6
4    4ty7  4crc  4x6p  4cra  4cr9  4ty7
5    4agq  4agn  4agq  4agp  5aba  5a7b
6    5dwr  5dwr  4k18  2c3i  3bgz  3jya
7    4twp  2v7a  4twp  3k5v  3pyy  3mss
8    3u8n  3wtj  3u8n  3u8k  3zdg  4qac
9    3o9i  3o9i  1g2k  1eby  2qnq  1a30
10   3p5o  3p5o  4lzs  4wiv  3u5j  4ogj
11   3ejr  3dx2  3dx1  3ejr  1ps3  3d4z
12   3ebp  3g2n  3syr  4eky  3l7b  3ebp
13   2vvn  2vvn  2wca  2w4x  2w66  2xj7
14   3arp  3arv  3aru  3ary  3arq  3arp
15   3gnw  3gnw  3cj4  4ih7  4eo8  4ih5
16   1e66  1h22  1h23  1e66  1gpk  1gpn
17   3f3e  4mme  3f3d  3f3e  3f3c  3f3a
18   2cet  2wbg  2j78  2cet  2j7h  2cbv
19   4gid  4djv  3udh  4gid  2vkm  3rsx
20   4pcs  4j28  2xii  4pcs  2wvt  4jfs
21   3ge7  3gc5  3ge7  1s38  1r5y  3rr4
22   3e93  4f9w  3e92  3e93  2zb1  4dli
23   3qqs  4gkm  3qqs  3r88  4owm  3twp
24   2r9w  4jxs  4kz6  2r9w  3gv9  3gr2
25   2qbp  2qbr  1bzc  2qbq  2qbp  2hb1
26   3ag9  1ydt  1ydr  1q8u  3ag9  1q8t
27   4tmn  1qf1  5tmn  4tmn  1z9g  3fcq
28   3coy  4ddh  3coy  3ivg  3coz  4ddk
29   2fvd  2fvd  2xnb  4eor  1pxn  3pxf
30   4ivc  4ivc  4ivb  4ivd  4k77  4e5w
31   4jia  4f09  4e6q  4hge  4gfm  4jia
32   1nvq  1nvq  2brb  3jvr  2br1  3jvs
33   2zcq  2zy1  3acw  2zcr  4ea2  2zcq
34   3utu  3utu  2zda  1oyt  1bcu  3bv9
35   2p4y  2yfe  3u9q  2p4y  3fur  3b1m
36   3myg  3myg  3uo4  2wtv  3up2  3e5a
37   1sqa  1c5z  1o5b  3kgp  1sqa  1owh
38   3dd0  3dd0  3ryj  2weg  4jsz  3kwa
39   2yki  2yki  1yc1  3rlr  3b27  2xdl
40   3g0w  3b65  3b5r  3g0w  3b68  1z95
41   2al5  1syi  2al5  1p1n  1p1q  4u4s
42   4de1  4de3  4de2  4de1  3g2z  3g31
43   3fv1  1vso  3gbb  4dld  3fv1  3fv2
44   2p15  1qkt  4mgd  2p15  2pog  2qe4
45   1mq6  1z6e  1mq6  1lpg  2xbv  2y5h
46   4f3c  4f3c  1y6r  4f2w  1nc3  1nc1
47   1o3f  1o3f  3gy4  1k1i  4abg  1uto
48   2vw5  2iwx  2wer  2fxs  2vw5  2yge
49   3kr8  4kzq  4kzu  3kr8  4j21  4j3l
50   2x00  2x00  2xys  2wn9  2wnc  2ymd
51   3nw9  3oe5  3oe4  3ozt  3nw9  3ozs
52   3zso  3zt2  3ao4  4cig  3zsx  3zso
53   2xb8  3n86  3n7a  3n76  2xb8  4ciw
54   4w9h  4w9h  4w9i  4bkt  4w9c  4w9l
55   3uex  3uex  3uev  3uew  3ueu  3nq9
56   4gr0  3nx7  4gr0  3ehy  3tsk  3lka
57   1u1b  1o0h  1u1b  1w4o  3dxg  3d6q

Summary of the ranking power: ===========================================
The Spearman correlation coefficient (SP) = 0.318
The Kendall correlation coefficient (tau) = 0.256
The Predictive index (PI) = 0.328
=========================================================================


Template command for running the bootstrap in R program==================

rm(list=ls());
require(boot);
data_all<-read.table("results/ranking/general_default2018_CNNscore_Spearman.results",header=FALSE);
data<-as.matrix(data_all[,2]);
mymean<-function(x,indices) sum(x[indices])/57;
data.boot<-boot(data,mymean,R=10000,stype="i",sim="ordinary");
sink("results/ranking/general_default2018_CNNscore_Spearman-ci.results");
a<-boot.ci(data.boot,conf=0.9,type=c("bca"));
print(a);
sink();

=========================================================================

