              _             
             (_)            
   __ _ _ __  _ _ __   __ _ 
  / _` | '_ \| | '_ \ / _` |
 | (_| | | | | | | | | (_| |
  \__, |_| |_|_|_| |_|\__,_|
   __/ |                    
  |___/                     

gnina v1.0.1 HEAD:aa41230   Built Aug 25 2021.
gnina is based on smina and AutoDock Vina.
Please cite appropriately.

Commandline: gnina -l ../CASF-2016/coreset/1k1i/1k1i_ligand_opt.mol2 -r ../CASF-2016/coreset/1k1i/1k1i_protein.pdb --autobox_ligand ../CASF-2016/coreset/1k1i/1k1i_ligand_opt.mol2 --score_only --cnn crossdock_default2018_ensemble --seed 42
## Name gauss(o=0,_w=0.5,_c=8) gauss(o=3,_w=2,_c=8) repulsion(o=0,_c=8) hydrophobic(g=0.5,_b=1.5,_c=8) non_dir_h_bond(g=-0.7,_b=0,_c=8) num_tors_div
Affinity: -7.70830 (kcal/mol)
CNNscore: 0.95501 
CNNaffinity: 7.32981
CNNvariance: 0.03339
Intramolecular energy: -1.16567
Term values, before weighting:
## 1k1i_ligand 96.23782 1372.59741 5.14162 10.49220 8.11052 0.00000
