              _             
             (_)            
   __ _ _ __  _ _ __   __ _ 
  / _` | '_ \| | '_ \ / _` |
 | (_| | | | | | | | | (_| |
  \__, |_| |_|_|_| |_|\__,_|
   __/ |                    
  |___/                     

gnina v1.0.1 HEAD:aa41230   Built Aug 25 2021.
gnina is based on smina and AutoDock Vina.
Please cite appropriately.

Commandline: gnina -l ../CASF-2016/coreset/1nc1/1nc1_ligand_opt.mol2 -r ../CASF-2016/coreset/1nc1/1nc1_protein.pdb --autobox_ligand ../CASF-2016/coreset/1nc1/1nc1_ligand_opt.mol2 --score_only --cnn crossdock_default2018_ensemble --seed 42
## Name gauss(o=0,_w=0.5,_c=8) gauss(o=3,_w=2,_c=8) repulsion(o=0,_c=8) hydrophobic(g=0.5,_b=1.5,_c=8) non_dir_h_bond(g=-0.7,_b=0,_c=8) num_tors_div
Affinity: -8.43715 (kcal/mol)
CNNscore: 0.97892 
CNNaffinity: 7.01320
CNNvariance: 0.02273
Intramolecular energy: -0.26403
Term values, before weighting:
## 1nc1_ligand 116.24755 1422.10083 5.17158 7.70765 4.29599 0.00000
