              _             
             (_)            
   __ _ _ __  _ _ __   __ _ 
  / _` | '_ \| | '_ \ / _` |
 | (_| | | | | | | | | (_| |
  \__, |_| |_|_|_| |_|\__,_|
   __/ |                    
  |___/                     

gnina v1.0.1 HEAD:aa41230   Built Aug 25 2021.
gnina is based on smina and AutoDock Vina.
Please cite appropriately.

Commandline: gnina -l ../CASF-2016/coreset/3ag9/3ag9_ligand_opt.mol2 -r ../CASF-2016/coreset/3ag9/3ag9_protein.pdb --autobox_ligand ../CASF-2016/coreset/3ag9/3ag9_ligand_opt.mol2 --score_only --cnn crossdock_default2018_ensemble --seed 42
## Name gauss(o=0,_w=0.5,_c=8) gauss(o=3,_w=2,_c=8) repulsion(o=0,_c=8) hydrophobic(g=0.5,_b=1.5,_c=8) non_dir_h_bond(g=-0.7,_b=0,_c=8) num_tors_div
Affinity: -5.19325 (kcal/mol)
CNNscore: 0.80397 
CNNaffinity: 6.50870
CNNvariance: 0.01646
Intramolecular energy: -2.28117
Term values, before weighting:
## 3ag9_ligand 128.01698 2154.92236 6.91258 19.81878 8.44870 0.00000
