              _             
             (_)            
   __ _ _ __  _ _ __   __ _ 
  / _` | '_ \| | '_ \ / _` |
 | (_| | | | | | | | | (_| |
  \__, |_| |_|_|_| |_|\__,_|
   __/ |                    
  |___/                     

gnina v1.0.1 HEAD:aa41230   Built Aug 25 2021.
gnina is based on smina and AutoDock Vina.
Please cite appropriately.

Commandline: gnina -l ../CASF-2016/coreset/3gr2/3gr2_ligand_opt.mol2 -r ../CASF-2016/coreset/3gr2/3gr2_protein.pdb --autobox_ligand ../CASF-2016/coreset/3gr2/3gr2_ligand_opt.mol2 --score_only --cnn crossdock_default2018_ensemble --seed 42
## Name gauss(o=0,_w=0.5,_c=8) gauss(o=3,_w=2,_c=8) repulsion(o=0,_c=8) hydrophobic(g=0.5,_b=1.5,_c=8) non_dir_h_bond(g=-0.7,_b=0,_c=8) num_tors_div
Affinity: -4.00597 (kcal/mol)
CNNscore: 0.41594 
CNNaffinity: 3.98887
CNNvariance: 0.01966
Intramolecular energy: -0.08800
Term values, before weighting:
## 3gr2_ligand 28.84791 582.42773 0.51411 9.14033 0.94718 0.00000
