              _             
             (_)            
   __ _ _ __  _ _ __   __ _ 
  / _` | '_ \| | '_ \ / _` |
 | (_| | | | | | | | | (_| |
  \__, |_| |_|_|_| |_|\__,_|
   __/ |                    
  |___/                     

gnina v1.0.1 HEAD:aa41230   Built Aug 25 2021.
gnina is based on smina and AutoDock Vina.
Please cite appropriately.

Commandline: gnina -l ../CASF-2016/coreset/3uri/3uri_ligand_opt.mol2 -r ../CASF-2016/coreset/3uri/3uri_protein.pdb --autobox_ligand ../CASF-2016/coreset/3uri/3uri_ligand_opt.mol2 --score_only --cnn crossdock_default2018_ensemble --seed 42
## Name gauss(o=0,_w=0.5,_c=8) gauss(o=3,_w=2,_c=8) repulsion(o=0,_c=8) hydrophobic(g=0.5,_b=1.5,_c=8) non_dir_h_bond(g=-0.7,_b=0,_c=8) num_tors_div
Affinity: -7.00054 (kcal/mol)
CNNscore: 0.97156 
CNNaffinity: 9.04175
CNNvariance: 0.00753
Intramolecular energy: -2.67280
Term values, before weighting:
## 3uri_ligand 130.44806 2532.70801 4.92005 50.12634 5.33826 0.00000
