              _             
             (_)            
   __ _ _ __  _ _ __   __ _ 
  / _` | '_ \| | '_ \ / _` |
 | (_| | | | | | | | | (_| |
  \__, |_| |_|_|_| |_|\__,_|
   __/ |                    
  |___/                     

gnina v1.0.1 HEAD:aa41230   Built Aug 25 2021.
gnina is based on smina and AutoDock Vina.
Please cite appropriately.

Commandline: gnina -l ../CASF-2016/coreset/4m0y/4m0y_ligand_opt.mol2 -r ../CASF-2016/coreset/4m0y/4m0y_protein.pdb --autobox_ligand ../CASF-2016/coreset/4m0y/4m0y_ligand_opt.mol2 --score_only --cnn crossdock_default2018_ensemble --seed 42
## Name gauss(o=0,_w=0.5,_c=8) gauss(o=3,_w=2,_c=8) repulsion(o=0,_c=8) hydrophobic(g=0.5,_b=1.5,_c=8) non_dir_h_bond(g=-0.7,_b=0,_c=8) num_tors_div
Affinity: -7.20528 (kcal/mol)
CNNscore: 0.95616 
CNNaffinity: 6.45034
CNNvariance: 0.00889
Intramolecular energy: 0.16626
Term values, before weighting:
## 4m0y_ligand 72.66434 1085.06079 2.53204 17.33345 3.07898 0.00000
