              _             
             (_)            
   __ _ _ __  _ _ __   __ _ 
  / _` | '_ \| | '_ \ / _` |
 | (_| | | | | | | | | (_| |
  \__, |_| |_|_|_| |_|\__,_|
   __/ |                    
  |___/                     

gnina v1.0.1 HEAD:aa41230   Built Aug 25 2021.
gnina is based on smina and AutoDock Vina.
Please cite appropriately.

Commandline: gnina -l ../CASF-2016/coreset/4pcs/4pcs_ligand_opt.mol2 -r ../CASF-2016/coreset/4pcs/4pcs_protein.pdb --autobox_ligand ../CASF-2016/coreset/4pcs/4pcs_ligand_opt.mol2 --score_only --cnn crossdock_default2018_ensemble --seed 42
## Name gauss(o=0,_w=0.5,_c=8) gauss(o=3,_w=2,_c=8) repulsion(o=0,_c=8) hydrophobic(g=0.5,_b=1.5,_c=8) non_dir_h_bond(g=-0.7,_b=0,_c=8) num_tors_div
Affinity: -6.57904 (kcal/mol)
CNNscore: 0.97361 
CNNaffinity: 5.64699
CNNvariance: 0.03252
Intramolecular energy: -0.20778
Term values, before weighting:
## 4pcs_ligand 60.47351 799.42737 3.65300 28.98934 5.32415 0.00000
