              _             
             (_)            
   __ _ _ __  _ _ __   __ _ 
  / _` | '_ \| | '_ \ / _` |
 | (_| | | | | | | | | (_| |
  \__, |_| |_|_|_| |_|\__,_|
   __/ |                    
  |___/                     

gnina v1.0.1 HEAD:aa41230   Built Aug 25 2021.
gnina is based on smina and AutoDock Vina.
Please cite appropriately.

Commandline: gnina -l ../CASF-2016/coreset/4ty7/4ty7_ligand_opt.mol2 -r ../CASF-2016/coreset/4ty7/4ty7_protein.pdb --autobox_ligand ../CASF-2016/coreset/4ty7/4ty7_ligand_opt.mol2 --score_only --cnn crossdock_default2018_ensemble --seed 42
## Name gauss(o=0,_w=0.5,_c=8) gauss(o=3,_w=2,_c=8) repulsion(o=0,_c=8) hydrophobic(g=0.5,_b=1.5,_c=8) non_dir_h_bond(g=-0.7,_b=0,_c=8) num_tors_div
Affinity: -9.73658 (kcal/mol)
CNNscore: 0.76911 
CNNaffinity: 7.29390
CNNvariance: 0.01006
Intramolecular energy: -1.00766
Term values, before weighting:
## 4ty7_ligand 117.32754 1666.03833 3.90654 22.89919 5.84895 0.00000
